10.8432 	INFO 	Loaded monitor calibration from ['2025_08_12 09:11']
11.0753 	INFO 	Using renderer 'AMD Radeon(TM) Graphics' for graphics
11.0754 	INFO 	OpenGL version supported by driver is 4..
11.1335 	EXP 	Created window1 = Window(allowGUI=True, allowStencil=False, autoLog=True, backendConf=UNKNOWN, backgroundFit=<method-wrapper '__getattribute__' of attributeSetter object at 0x0000017517A5D510>, backgroundImage=<method-wrapper '__getattribute__' of attributeSetter object at 0x0000017517A5D4B0>, bitsMode=UNKNOWN, blendMode='avg', bpc=(8, 8, 8), color=array([0, 0, 0]), colorSpace='rgb', depthBits=8, fullscr=False, gamma=None, gammaErrorPolicy='raise', infoMsg=UNKNOWN, lms=UNKNOWN, monitor=<psychopy.monitors.calibTools.Monitor object at 0x0000017517B16D70>, multiSample=False, name='window1', numSamples=2, pos=[np.float64(460.0), np.float64(240.0)], screen=0, size=array([1000,  600]), stencilBits=0, stereo=False, title='PsychoPy', units='height', useFBO=True, useRetina=False, viewOri=0.0, viewPos=None, viewScale=None, waitBlanking=True, winType='pyglet')
11.1337 	EXP 	window1: backgroundImage = ''
11.1337 	EXP 	window1: backgroundFit = 'none'
11.7055 	EXP 	window1: Attempting to measure frame rate of screen (0) ...
11.7056 	EXP 	window1: recordFrameIntervals = False
11.8985 	EXP 	window1: recordFrameIntervals = True
12.1133 	EXP 	Screen (0) actual frame rate measured at 61.94Hz
12.1133 	EXP 	window1: recordFrameIntervals = False
12.1598 	INFO 	keyboard.Keyboard is using ptb backend.
12.1600 	INFO 	keyboard.Keyboard is using ptb backend.
12.1600 	EXP 	adaptive_staircase_exp_psychopy: status = STARTED
12.1646 	EXP 	Created fixation = ShapeStim(__class__=<class 'psychopy.visual.shape.ShapeStim'>, anchor=('center', 'center'), autoDraw=False, autoLog=True, closeShape=True, color=method-wrapper(...), colorSpace='rgb', contrast=None, depth=-1.0, draggable=False, fillColor=array([1, 1, 1]), fillColorSpace='rgb', fillRGB=array([1, 1, 1]), interpolate=True, lineColor=array([1., 1., 1.]), lineColorSpace='rgb', lineRGB=array([1, 1, 1]), lineWidth=1.0, name='fixation', opacity=1, ori=0.0, pos=array([0., 0.]), size=array([0.1, 0.1]), units='height', vertices=ndarray(...), win=Window(...), windingRule=None)
12.1673 	EXP 	Created grating = GratingStim(__class__=<class 'psychopy.visual.grating.GratingStim'>, anchor='center', autoDraw=False, autoLog=True, blendmode='avg', color=array([0.5, 0.5, 0.5]), colorSpace='rgb', contrast=0.5, depth=-2.0, draggable=False, interpolate=True, mask='gauss', maskParams=None, name='grating', opacity=1, ori=1.0, phase=array([0., 0.]), pos=array([0., 0.]), rgbPedestal=array([0., 0., 0.]), sf=array([8., 8.]), size=array([0.3, 0.3]), tex='sin', texRes=128.0, units='height', win=Window(...))
0.0043 	WARNING 	Increasing number of minimum required reversals to the number of step sizes, (4).
0.0286 	EXP 	grating: ori = np.float64(10.0)
0.0286 	EXP 	fixation: autoDraw = True
0.5133 	INFO 	Keyboard events cleared
0.5131 	EXP 	grating: autoDraw = True
0.5131 	EXP 	grating: tex = 'sin'
0.5294 	EXP 	fixation: autoDraw = False
0.8136 	EXP 	grating: autoDraw = False
1.0359 	EXP 	Device response: <KeyPress from None: t=1.018888600054197, value=right, duration=None>
1.0375 	DATA 	Keypress: right
1.0458 	EXP 	fixation: autoDraw = False
1.0458 	EXP 	grating: autoDraw = False
1.0458 	EXP 	grating: ori = np.float64(-8.0)
1.0458 	EXP 	fixation: autoDraw = True
1.2150 	EXP 	Device response: <KeyPress from None: t=1.018888600054197, value=right, duration=0.17945159994997084>
1.5465 	INFO 	Keyboard events cleared
1.5463 	EXP 	fixation: autoDraw = False
1.5463 	EXP 	grating: autoDraw = True
1.8454 	EXP 	grating: autoDraw = False
2.0466 	EXP 	Device response: <KeyPress from None: t=2.032664700062014, value=left, duration=None>
2.0481 	DATA 	Keypress: left
2.0631 	EXP 	fixation: autoDraw = False
2.0631 	EXP 	grating: autoDraw = False
2.0631 	EXP 	grating: ori = np.float64(-6.0)
2.0631 	EXP 	fixation: autoDraw = True
2.1817 	EXP 	Device response: <KeyPress from None: t=2.032664700062014, value=left, duration=0.13480030000209808>
2.5469 	INFO 	Keyboard events cleared
2.5467 	EXP 	grating: autoDraw = True
2.5629 	EXP 	fixation: autoDraw = False
2.8467 	EXP 	grating: autoDraw = False
3.2964 	EXP 	Device response: <KeyPress from None: t=3.291743400041014, value=left, duration=None>
3.2978 	DATA 	Keypress: left
3.3126 	EXP 	fixation: autoDraw = False
3.3126 	EXP 	grating: autoDraw = False
3.3126 	EXP 	grating: ori = np.float64(4.0)
3.3126 	EXP 	fixation: autoDraw = True
3.4303 	EXP 	Device response: <KeyPress from None: t=3.291743400041014, value=left, duration=0.1238443999318406>
3.7963 	INFO 	Keyboard events cleared
3.7961 	EXP 	grating: autoDraw = True
3.8131 	EXP 	fixation: autoDraw = False
4.0963 	EXP 	grating: autoDraw = False
4.3628 	EXP 	Device response: <KeyPress from None: t=4.361778600024991, value=right, duration=None>
4.3638 	DATA 	Keypress: right
4.3796 	EXP 	fixation: autoDraw = False
4.3796 	EXP 	grating: autoDraw = False
4.3796 	EXP 	grating: ori = np.float64(2.0)
4.3796 	EXP 	fixation: autoDraw = True
4.4814 	EXP 	Device response: <KeyPress from None: t=4.361778600024991, value=right, duration=0.11409509996883571>
4.8628 	INFO 	Keyboard events cleared
4.8626 	EXP 	grating: autoDraw = True
4.8800 	EXP 	fixation: autoDraw = False
5.1628 	EXP 	grating: autoDraw = False
5.7293 	EXP 	Device response: <KeyPress from None: t=5.724668600014411, value=right, duration=None>
5.7309 	DATA 	Keypress: right
5.7455 	EXP 	fixation: autoDraw = False
5.7455 	EXP 	grating: autoDraw = False
5.7455 	EXP 	grating: ori = np.float64(1.0)
5.7455 	EXP 	fixation: autoDraw = True
5.8629 	EXP 	Device response: <KeyPress from None: t=5.724668600014411, value=right, duration=0.13461539999116212>
6.2299 	INFO 	Keyboard events cleared
6.2297 	EXP 	grating: autoDraw = True
6.2458 	EXP 	fixation: autoDraw = False
6.5298 	EXP 	grating: autoDraw = False
7.0128 	EXP 	Device response: <KeyPress from None: t=7.007460599998012, value=left, duration=None>
7.0138 	DATA 	Keypress: left
7.0302 	EXP 	fixation: autoDraw = False
7.0302 	EXP 	grating: autoDraw = False
7.0302 	EXP 	grating: ori = np.float64(2.0)
7.0302 	EXP 	fixation: autoDraw = True
7.0961 	EXP 	Device response: <KeyPress from None: t=7.007460599998012, value=left, duration=0.07977279997430742>
7.5134 	INFO 	Keyboard events cleared
7.5132 	EXP 	grating: autoDraw = True
7.5295 	EXP 	fixation: autoDraw = False
7.8306 	EXP 	grating: autoDraw = False
8.5138 	EXP 	Device response: <KeyPress from None: t=8.499132800032385, value=left, duration=None>
8.5154 	DATA 	Keypress: left
8.5294 	EXP 	fixation: autoDraw = False
8.5294 	EXP 	grating: autoDraw = False
8.5294 	EXP 	grating: ori = np.float64(3.0)
8.5294 	EXP 	fixation: autoDraw = True
8.5964 	EXP 	Device response: <KeyPress from None: t=8.499132800032385, value=left, duration=0.08838520001154393>
9.0298 	INFO 	Keyboard events cleared
9.0297 	EXP 	fixation: autoDraw = False
9.0297 	EXP 	grating: autoDraw = True
9.3291 	EXP 	grating: autoDraw = False
9.5295 	EXP 	Device response: <KeyPress from None: t=9.522395699983463, value=right, duration=None>
9.5307 	DATA 	Keypress: right
9.5470 	EXP 	fixation: autoDraw = False
9.5470 	EXP 	grating: autoDraw = False
9.5470 	EXP 	grating: ori = np.float64(3.0)
9.5470 	EXP 	fixation: autoDraw = True
9.6294 	EXP 	Device response: <KeyPress from None: t=9.522395699983463, value=right, duration=0.10405279998667538>
10.0301 	INFO 	Keyboard events cleared
10.0299 	EXP 	grating: autoDraw = True
10.0463 	EXP 	fixation: autoDraw = False
10.3297 	EXP 	grating: autoDraw = False
10.5960 	EXP 	Device response: <KeyPress from None: t=10.583767700009048, value=right, duration=None>
10.5972 	DATA 	Keypress: right
10.6129 	EXP 	fixation: autoDraw = False
10.6129 	EXP 	grating: autoDraw = False
10.6129 	EXP 	grating: ori = np.float64(3.0)
10.6129 	EXP 	fixation: autoDraw = True
10.6970 	EXP 	Device response: <KeyPress from None: t=10.583767700009048, value=right, duration=0.10184030001983047>
11.0973 	INFO 	Keyboard events cleared
11.0971 	EXP 	grating: autoDraw = True
11.1140 	EXP 	fixation: autoDraw = False
11.3957 	EXP 	grating: autoDraw = False
11.9298 	EXP 	Device response: <KeyPress from None: t=11.926450000028126, value=right, duration=None>
11.9311 	DATA 	Keypress: right
11.9464 	EXP 	fixation: autoDraw = False
11.9464 	EXP 	grating: autoDraw = False
11.9464 	EXP 	grating: ori = np.float64(2.0)
11.9464 	EXP 	fixation: autoDraw = True
12.0799 	EXP 	Device response: <KeyPress from None: t=11.926450000028126, value=right, duration=0.14501660002861172>
12.4301 	INFO 	Keyboard events cleared
12.4299 	EXP 	grating: autoDraw = True
12.4466 	EXP 	fixation: autoDraw = False
12.7291 	EXP 	grating: autoDraw = False
13.1462 	EXP 	Device response: <KeyPress from None: t=13.138773199985735, value=left, duration=None>
13.1476 	DATA 	Keypress: left
13.1634 	EXP 	fixation: autoDraw = False
13.1634 	EXP 	grating: autoDraw = False
13.1634 	EXP 	grating: ori = np.float64(-2.5)
13.1634 	EXP 	fixation: autoDraw = True
13.2459 	EXP 	Device response: <KeyPress from None: t=13.138773199985735, value=left, duration=0.10062260006088763>
13.6636 	INFO 	Keyboard events cleared
13.6635 	EXP 	fixation: autoDraw = False
13.6635 	EXP 	grating: autoDraw = True
13.9633 	EXP 	grating: autoDraw = False
14.5800 	EXP 	Device response: <KeyPress from None: t=14.572248300071806, value=left, duration=None>
14.5813 	DATA 	Keypress: left
14.5968 	EXP 	fixation: autoDraw = False
14.5968 	EXP 	grating: autoDraw = False
14.5968 	EXP 	grating: ori = np.float64(-2.5)
14.5968 	EXP 	fixation: autoDraw = True
14.6972 	EXP 	Device response: <KeyPress from None: t=14.572248300071806, value=left, duration=0.11480589990969747>
15.0800 	INFO 	Keyboard events cleared
15.0798 	EXP 	grating: autoDraw = True
15.0962 	EXP 	fixation: autoDraw = False
15.3792 	EXP 	grating: autoDraw = False
15.9974 	EXP 	Device response: <KeyPress from None: t=15.997042900067754, value=left, duration=None>
15.9986 	DATA 	Keypress: left
16.0123 	EXP 	fixation: autoDraw = False
16.0123 	EXP 	grating: autoDraw = False
16.0123 	EXP 	grating: ori = np.float64(-2.5)
16.0123 	EXP 	fixation: autoDraw = True
16.0966 	EXP 	Device response: <KeyPress from None: t=15.997042900067754, value=left, duration=0.09513809997588396>
16.5136 	INFO 	Keyboard events cleared
16.5134 	EXP 	fixation: autoDraw = False
16.5134 	EXP 	grating: autoDraw = True
16.8127 	EXP 	grating: autoDraw = False
16.9130 	EXP 	Device response: <KeyPress from None: t=16.89765369996894, value=right, duration=None>
16.9143 	DATA 	Keypress: right
16.9297 	EXP 	fixation: autoDraw = False
16.9297 	EXP 	grating: autoDraw = False
16.9297 	EXP 	grating: ori = np.float64(-3.0)
16.9297 	EXP 	fixation: autoDraw = True
17.0134 	EXP 	Device response: <KeyPress from None: t=16.89765369996894, value=right, duration=0.10765240003820509>
17.4131 	INFO 	Keyboard events cleared
17.4129 	EXP 	grating: autoDraw = True
17.4296 	EXP 	fixation: autoDraw = False
17.7135 	EXP 	grating: autoDraw = False
18.3962 	EXP 	Device response: <KeyPress from None: t=18.395775399985723, value=right, duration=None>
18.3974 	DATA 	Keypress: right
18.4127 	EXP 	fixation: autoDraw = False
18.4127 	EXP 	grating: autoDraw = False
18.4127 	EXP 	grating: ori = np.float64(3.5)
18.4127 	EXP 	fixation: autoDraw = True
18.5475 	EXP 	Device response: <KeyPress from None: t=18.395775399985723, value=right, duration=0.14334370009601116>
18.8967 	INFO 	Keyboard events cleared
18.8964 	EXP 	grating: autoDraw = True
18.9135 	EXP 	fixation: autoDraw = False
19.1964 	EXP 	grating: autoDraw = False
19.6471 	EXP 	Device response: <KeyPress from None: t=19.646497800014913, value=right, duration=None>
19.6483 	DATA 	Keypress: right
19.6633 	EXP 	fixation: autoDraw = False
19.6633 	EXP 	grating: autoDraw = False
19.6633 	EXP 	grating: ori = np.float64(-3.5)
19.6633 	EXP 	fixation: autoDraw = True
19.7800 	EXP 	Device response: <KeyPress from None: t=19.646497800014913, value=right, duration=0.11952990002464503>
20.1636 	INFO 	Keyboard events cleared
20.1635 	EXP 	fixation: autoDraw = False
20.1635 	EXP 	grating: autoDraw = True
20.4631 	EXP 	grating: autoDraw = False
20.8964 	EXP 	Device response: <KeyPress from None: t=20.886179300025105, value=left, duration=None>
20.8976 	DATA 	Keypress: left
20.9128 	EXP 	fixation: autoDraw = False
20.9128 	EXP 	grating: autoDraw = False
20.9128 	EXP 	grating: ori = np.float64(-3.5)
20.9128 	EXP 	fixation: autoDraw = True
20.9801 	EXP 	Device response: <KeyPress from None: t=20.886179300025105, value=left, duration=0.0879113000119105>
21.3969 	INFO 	Keyboard events cleared
21.3968 	EXP 	grating: autoDraw = True
21.4132 	EXP 	fixation: autoDraw = False
21.6965 	EXP 	grating: autoDraw = False
21.9798 	EXP 	Device response: <KeyPress from None: t=21.96538990002591, value=left, duration=None>
21.9810 	DATA 	Keypress: left
21.9962 	EXP 	fixation: autoDraw = False
21.9962 	EXP 	grating: autoDraw = False
21.9962 	EXP 	grating: ori = np.float64(3.0)
21.9962 	EXP 	fixation: autoDraw = True
22.1138 	EXP 	Device response: <KeyPress from None: t=21.96538990002591, value=left, duration=0.14350190002005547>
22.4800 	INFO 	Keyboard events cleared
22.4798 	EXP 	grating: autoDraw = True
22.4962 	EXP 	fixation: autoDraw = False
22.7800 	EXP 	grating: autoDraw = False
23.1300 	EXP 	Device response: <KeyPress from None: t=23.12563979998231, value=right, duration=None>
23.1315 	DATA 	Keypress: right
23.1457 	EXP 	fixation: autoDraw = False
23.1457 	EXP 	grating: autoDraw = False
23.1457 	EXP 	grating: ori = np.float64(-3.0)
23.1457 	EXP 	fixation: autoDraw = True
23.2131 	EXP 	Device response: <KeyPress from None: t=23.12563979998231, value=right, duration=0.08328910009004176>
23.6298 	INFO 	Keyboard events cleared
23.6297 	EXP 	grating: autoDraw = True
23.6469 	EXP 	fixation: autoDraw = False
23.9306 	EXP 	grating: autoDraw = False
24.1131 	EXP 	Device response: <KeyPress from None: t=24.107463599997573, value=left, duration=None>
24.1142 	DATA 	Keypress: left
24.1299 	EXP 	fixation: autoDraw = False
24.1299 	EXP 	grating: autoDraw = False
24.1299 	EXP 	grating: ori = np.float64(-3.0)
24.1299 	EXP 	fixation: autoDraw = True
24.2636 	EXP 	Device response: <KeyPress from None: t=24.107463599997573, value=left, duration=0.14018790004774928>
24.6137 	INFO 	Keyboard events cleared
24.6135 	EXP 	grating: autoDraw = True
24.6299 	EXP 	fixation: autoDraw = False
24.9129 	EXP 	grating: autoDraw = False
25.5299 	EXP 	Device response: <KeyPress from None: t=25.516662699985318, value=left, duration=None>
25.5310 	DATA 	Keypress: left
25.5461 	EXP 	fixation: autoDraw = False
25.5461 	EXP 	grating: autoDraw = False
25.5461 	EXP 	grating: ori = np.float64(-2.5)
25.5461 	EXP 	fixation: autoDraw = True
25.6301 	EXP 	Device response: <KeyPress from None: t=25.516662699985318, value=left, duration=0.10040049999952316>
26.0300 	INFO 	Keyboard events cleared
26.0299 	EXP 	grating: autoDraw = True
26.0462 	EXP 	fixation: autoDraw = False
26.3295 	EXP 	grating: autoDraw = False
26.6466 	EXP 	Device response: <KeyPress from None: t=26.64068369998131, value=right, duration=None>
26.6478 	DATA 	Keypress: right
26.6630 	EXP 	fixation: autoDraw = False
26.6630 	EXP 	grating: autoDraw = False
26.6630 	EXP 	grating: ori = np.float64(3.0)
26.6630 	EXP 	fixation: autoDraw = True
26.7642 	EXP 	Device response: <KeyPress from None: t=26.64068369998131, value=right, duration=0.10676640004385263>
27.1467 	INFO 	Keyboard events cleared
27.1465 	EXP 	grating: autoDraw = True
27.1633 	EXP 	fixation: autoDraw = False
27.4469 	EXP 	grating: autoDraw = False
27.8960 	EXP 	Device response: <KeyPress from None: t=27.886013700044714, value=right, duration=None>
27.8974 	DATA 	Keypress: right
27.9136 	EXP 	fixation: autoDraw = False
27.9136 	EXP 	grating: autoDraw = False
27.9136 	EXP 	grating: ori = np.float64(3.0)
27.9136 	EXP 	fixation: autoDraw = True
28.0301 	EXP 	Device response: <KeyPress from None: t=27.886013700044714, value=right, duration=0.12838979996740818>
28.3970 	INFO 	Keyboard events cleared
28.3968 	EXP 	grating: autoDraw = True
28.4136 	EXP 	fixation: autoDraw = False
28.6966 	EXP 	grating: autoDraw = False
28.9135 	EXP 	Device response: <KeyPress from None: t=28.911065599997528, value=right, duration=None>
28.9150 	DATA 	Keypress: right
28.9302 	EXP 	fixation: autoDraw = False
28.9302 	EXP 	grating: autoDraw = False
28.9302 	EXP 	grating: ori = np.float64(3.0)
28.9302 	EXP 	fixation: autoDraw = True
29.0131 	EXP 	Device response: <KeyPress from None: t=28.911065599997528, value=right, duration=0.09471970004960895>
29.4141 	INFO 	Keyboard events cleared
29.4139 	EXP 	grating: autoDraw = True
29.4306 	EXP 	fixation: autoDraw = False
29.7137 	EXP 	grating: autoDraw = False
29.8965 	EXP 	Device response: <KeyPress from None: t=29.891922699986026, value=left, duration=None>
29.8976 	DATA 	Keypress: left
29.9131 	EXP 	fixation: autoDraw = False
29.9131 	EXP 	grating: autoDraw = False
29.9131 	EXP 	grating: ori = np.float64(-3.5)
29.9131 	EXP 	fixation: autoDraw = True
30.0132 	EXP 	Device response: <KeyPress from None: t=29.891922699986026, value=left, duration=0.11538480001036078>
30.3973 	INFO 	Keyboard events cleared
30.3970 	EXP 	grating: autoDraw = True
30.4137 	EXP 	fixation: autoDraw = False
30.6969 	EXP 	grating: autoDraw = False
31.5143 	EXP 	Device response: <KeyPress from None: t=31.51187500008382, value=left, duration=None>
31.5157 	DATA 	Keypress: left
31.5301 	EXP 	fixation: autoDraw = False
31.5301 	EXP 	grating: autoDraw = False
31.5301 	EXP 	grating: ori = np.float64(3.5)
31.5301 	EXP 	fixation: autoDraw = True
31.6471 	EXP 	Device response: <KeyPress from None: t=31.51187500008382, value=left, duration=0.12476489995606244>
32.0308 	INFO 	Keyboard events cleared
32.0305 	EXP 	fixation: autoDraw = False
32.0305 	EXP 	grating: autoDraw = True
32.3299 	EXP 	grating: autoDraw = False
32.9298 	EXP 	Device response: <KeyPress from None: t=32.92455830005929, value=right, duration=None>
32.9309 	DATA 	Keypress: right
32.9465 	EXP 	fixation: autoDraw = False
32.9465 	EXP 	grating: autoDraw = False
32.9465 	EXP 	grating: ori = np.float64(-3.5)
32.9465 	EXP 	fixation: autoDraw = True
33.0465 	EXP 	Device response: <KeyPress from None: t=32.92455830005929, value=right, duration=0.11962299991864711>
33.4305 	INFO 	Keyboard events cleared
33.4304 	EXP 	grating: autoDraw = True
33.4467 	EXP 	fixation: autoDraw = False
33.7302 	EXP 	grating: autoDraw = False
34.4303 	EXP 	Device response: <KeyPress from None: t=34.42987110000104, value=left, duration=None>
34.4314 	DATA 	Keypress: left
34.4467 	EXP 	fixation: autoDraw = False
34.4467 	EXP 	grating: autoDraw = False
34.4467 	EXP 	grating: ori = np.float64(-3.0)
34.4467 	EXP 	fixation: autoDraw = True
34.5968 	EXP 	Device response: <KeyPress from None: t=34.42987110000104, value=left, duration=0.16605930007062852>
34.9307 	INFO 	Keyboard events cleared
34.9305 	EXP 	grating: autoDraw = True
34.9470 	EXP 	fixation: autoDraw = False
35.2300 	EXP 	grating: autoDraw = False
35.8974 	EXP 	Device response: <KeyPress from None: t=35.89442730008159, value=left, duration=None>
35.8985 	DATA 	Keypress: left
35.9134 	EXP 	fixation: autoDraw = False
35.9134 	EXP 	grating: autoDraw = False
35.9134 	EXP 	grating: ori = np.float64(-3.0)
35.9134 	EXP 	fixation: autoDraw = True
36.0128 	EXP 	Device response: <KeyPress from None: t=35.89442730008159, value=left, duration=0.1073694999795407>
36.4140 	INFO 	Keyboard events cleared
36.4138 	EXP 	fixation: autoDraw = False
36.4138 	EXP 	grating: autoDraw = True
36.7139 	EXP 	grating: autoDraw = False
37.1314 	DATA 	Keypress: left
37.1466 	EXP 	Device response: <KeyPress from None: t=37.13064149999991, value=left, duration=None>
37.1637 	EXP 	fixation: autoDraw = False
37.1637 	EXP 	grating: autoDraw = False
37.1637 	EXP 	grating: ori = np.float64(-3.0)
37.1637 	EXP 	fixation: autoDraw = True
37.2304 	EXP 	Device response: <KeyPress from None: t=37.13064149999991, value=left, duration=0.09784980001859367>
37.6469 	INFO 	Keyboard events cleared
37.6467 	EXP 	grating: autoDraw = True
37.6639 	EXP 	fixation: autoDraw = False
37.9470 	EXP 	grating: autoDraw = False
38.0636 	EXP 	Device response: <KeyPress from None: t=38.050112499971874, value=right, duration=None>
38.0646 	DATA 	Keypress: right
38.0809 	EXP 	fixation: autoDraw = False
38.0809 	EXP 	grating: autoDraw = False
38.0809 	EXP 	grating: ori = np.float64(3.5)
38.0809 	EXP 	fixation: autoDraw = True
38.1801 	EXP 	Device response: <KeyPress from None: t=38.050112499971874, value=right, duration=0.11414540000259876>
38.5640 	INFO 	Keyboard events cleared
38.5638 	EXP 	grating: autoDraw = True
38.5800 	EXP 	fixation: autoDraw = False
38.8636 	EXP 	grating: autoDraw = False
39.4302 	EXP 	Device response: <KeyPress from None: t=39.42404890002217, value=right, duration=None>
39.4313 	DATA 	Keypress: right
39.4468 	EXP 	fixation: autoDraw = False
39.4468 	EXP 	grating: autoDraw = False
39.4468 	EXP 	grating: ori = np.float64(3.5)
39.4468 	EXP 	fixation: autoDraw = True
39.5299 	EXP 	Device response: <KeyPress from None: t=39.42404890002217, value=right, duration=0.10327379999216646>
39.9303 	INFO 	Keyboard events cleared
39.9301 	EXP 	grating: autoDraw = True
39.9471 	EXP 	fixation: autoDraw = False
40.2298 	EXP 	grating: autoDraw = False
40.5999 	EXP 	Device response: <KeyPress from None: t=40.58990080002695, value=left, duration=None>
40.6014 	DATA 	Keypress: left
40.6134 	EXP 	fixation: autoDraw = False
40.6134 	EXP 	grating: autoDraw = False
40.6134 	EXP 	grating: ori = np.float64(4.0)
40.6134 	EXP 	fixation: autoDraw = True
40.6980 	EXP 	Device response: <KeyPress from None: t=40.58990080002695, value=left, duration=0.09932879998814315>
41.1136 	INFO 	Keyboard events cleared
41.1134 	EXP 	fixation: autoDraw = False
41.1134 	EXP 	grating: autoDraw = True
41.4136 	EXP 	grating: autoDraw = False
42.0640 	EXP 	Device response: <KeyPress from None: t=42.0634436000837, value=right, duration=None>
42.0651 	DATA 	Keypress: right
42.0804 	EXP 	fixation: autoDraw = False
42.0804 	EXP 	grating: autoDraw = False
42.0804 	EXP 	grating: ori = np.float64(-4.0)
42.0804 	EXP 	fixation: autoDraw = True
42.1972 	EXP 	Device response: <KeyPress from None: t=42.0634436000837, value=right, duration=0.11907929996959865>
42.5641 	INFO 	Keyboard events cleared
42.5639 	EXP 	grating: autoDraw = True
42.5804 	EXP 	fixation: autoDraw = False
42.8637 	EXP 	grating: autoDraw = False
43.3974 	EXP 	Device response: <KeyPress from None: t=43.39239260007162, value=left, duration=None>
43.3986 	DATA 	Keypress: left
43.4139 	EXP 	fixation: autoDraw = False
43.4139 	EXP 	grating: autoDraw = False
43.4139 	EXP 	grating: ori = np.float64(-4.0)
43.4139 	EXP 	fixation: autoDraw = True
43.5305 	EXP 	Device response: <KeyPress from None: t=43.39239260007162, value=left, duration=0.12885499990079552>
43.8980 	INFO 	Keyboard events cleared
43.8977 	EXP 	grating: autoDraw = True
43.9141 	EXP 	fixation: autoDraw = False
44.1963 	EXP 	grating: autoDraw = False
44.8972 	EXP 	Device response: <KeyPress from None: t=44.89357920002658, value=left, duration=None>
44.8984 	DATA 	Keypress: left
44.9134 	EXP 	fixation: autoDraw = False
44.9134 	EXP 	grating: autoDraw = False
44.9134 	EXP 	grating: ori = np.float64(3.5)
44.9134 	EXP 	fixation: autoDraw = True
45.0307 	EXP 	Device response: <KeyPress from None: t=44.89357920002658, value=left, duration=0.12934310000855476>
45.3976 	INFO 	Keyboard events cleared
45.3973 	EXP 	grating: autoDraw = True
45.4141 	EXP 	fixation: autoDraw = False
45.6967 	EXP 	grating: autoDraw = False
46.1312 	EXP 	Device response: <KeyPress from None: t=46.11717800004408, value=right, duration=None>
46.1325 	DATA 	Keypress: right
46.1474 	EXP 	fixation: autoDraw = False
46.1474 	EXP 	grating: autoDraw = False
46.1474 	EXP 	grating: ori = np.float64(-3.5)
46.1474 	EXP 	fixation: autoDraw = True
46.2132 	EXP 	Device response: <KeyPress from None: t=46.11717800004408, value=right, duration=0.09203990001697093>
46.6476 	INFO 	Keyboard events cleared
46.6473 	EXP 	fixation: autoDraw = False
46.6473 	EXP 	grating: autoDraw = True
46.9472 	EXP 	grating: autoDraw = False
47.3803 	EXP 	Device response: <KeyPress from None: t=47.37488790007774, value=right, duration=None>
47.3816 	DATA 	Keypress: right
47.3961 	EXP 	fixation: autoDraw = False
47.3961 	EXP 	grating: autoDraw = False
47.3961 	EXP 	grating: ori = np.float64(-4.0)
47.3961 	EXP 	fixation: autoDraw = True
47.4808 	EXP 	Device response: <KeyPress from None: t=47.37488790007774, value=right, duration=0.09970859996974468>
47.8802 	INFO 	Keyboard events cleared
47.8800 	EXP 	grating: autoDraw = True
47.8970 	EXP 	fixation: autoDraw = False
48.1804 	EXP 	grating: autoDraw = False
48.6979 	EXP 	Device response: <KeyPress from None: t=48.692309600068256, value=left, duration=None>
48.6994 	DATA 	Keypress: left
48.7129 	EXP 	fixation: autoDraw = False
48.7129 	EXP 	grating: autoDraw = False
48.7129 	EXP 	grating: ori = np.float64(-4.0)
48.7129 	EXP 	fixation: autoDraw = True
48.8141 	EXP 	Device response: <KeyPress from None: t=48.692309600068256, value=left, duration=0.11523519991897047>
49.2141 	INFO 	Keyboard events cleared
49.2139 	EXP 	fixation: autoDraw = False
49.2139 	EXP 	grating: autoDraw = True
49.5141 	EXP 	grating: autoDraw = False
49.9809 	EXP 	Device response: <KeyPress from None: t=49.966709900065325, value=left, duration=None>
49.9820 	DATA 	Keypress: left
49.9971 	EXP 	fixation: autoDraw = False
49.9971 	EXP 	grating: autoDraw = False
49.9971 	EXP 	grating: ori = np.float64(-4.0)
49.9971 	EXP 	fixation: autoDraw = True
50.0974 	EXP 	Device response: <KeyPress from None: t=49.966709900065325, value=left, duration=0.11889829998835921>
50.4983 	INFO 	Keyboard events cleared
50.4980 	EXP 	fixation: autoDraw = False
50.4980 	EXP 	grating: autoDraw = True
50.7969 	EXP 	grating: autoDraw = False
51.3143 	EXP 	Device response: <KeyPress from None: t=51.30274880002253, value=right, duration=None>
51.3156 	DATA 	Keypress: right
51.3301 	EXP 	fixation: autoDraw = False
51.3301 	EXP 	grating: autoDraw = False
51.3301 	EXP 	grating: ori = np.float64(-4.5)
51.3301 	EXP 	fixation: autoDraw = True
51.3643 	EXP 	Device response: <KeyPress from None: t=51.30274880002253, value=right, duration=0.05946869996841997>
51.8308 	INFO 	Keyboard events cleared
51.8306 	EXP 	fixation: autoDraw = False
51.8306 	EXP 	grating: autoDraw = True
52.1307 	EXP 	grating: autoDraw = False
52.5310 	EXP 	Device response: <KeyPress from None: t=52.52036990004126, value=right, duration=None>
52.5322 	DATA 	Keypress: right
52.5473 	EXP 	fixation: autoDraw = False
52.5473 	EXP 	grating: autoDraw = False
52.5473 	EXP 	grating: ori = np.float64(5.0)
52.5473 	EXP 	fixation: autoDraw = True
52.6478 	EXP 	Device response: <KeyPress from None: t=52.52036990004126, value=right, duration=0.11216629995033145>
53.0311 	INFO 	Keyboard events cleared
53.0309 	EXP 	grating: autoDraw = True
53.0467 	EXP 	fixation: autoDraw = False
53.3149 	DATA 	Keypress: left
53.3301 	EXP 	grating: autoDraw = False
53.3307 	EXP 	Device response: <KeyPress from None: t=53.3140948000364, value=left, duration=None>
53.3472 	EXP 	fixation: autoDraw = False
53.3472 	EXP 	grating: autoDraw = False
53.3472 	EXP 	grating: ori = np.float64(5.5)
53.3472 	EXP 	fixation: autoDraw = True
53.4305 	EXP 	Device response: <KeyPress from None: t=53.3140948000364, value=left, duration=0.11471270001493394>
53.8305 	INFO 	Keyboard events cleared
53.8303 	EXP 	grating: autoDraw = True
53.8473 	EXP 	fixation: autoDraw = False
54.1303 	EXP 	grating: autoDraw = False
54.4132 	EXP 	Device response: <KeyPress from None: t=54.40508789999876, value=right, duration=None>
54.4145 	DATA 	Keypress: right
54.4302 	EXP 	fixation: autoDraw = False
54.4302 	EXP 	grating: autoDraw = False
54.4302 	EXP 	grating: ori = np.float64(-5.5)
54.4302 	EXP 	fixation: autoDraw = True
54.5464 	EXP 	Device response: <KeyPress from None: t=54.40508789999876, value=right, duration=0.13588329998310655>
54.9141 	INFO 	Keyboard events cleared
54.9139 	EXP 	grating: autoDraw = True
54.9303 	EXP 	fixation: autoDraw = False
55.2143 	EXP 	grating: autoDraw = False
55.7473 	EXP 	Device response: <KeyPress from None: t=55.73334520007484, value=left, duration=None>
55.7483 	DATA 	Keypress: left
55.7642 	EXP 	fixation: autoDraw = False
55.7642 	EXP 	grating: autoDraw = False
55.7642 	EXP 	grating: ori = np.float64(-5.5)
55.7642 	EXP 	fixation: autoDraw = True
55.8805 	EXP 	Device response: <KeyPress from None: t=55.73334520007484, value=left, duration=0.1347350999712944>
56.2479 	INFO 	Keyboard events cleared
56.2477 	EXP 	grating: autoDraw = True
56.2640 	EXP 	fixation: autoDraw = False
56.5473 	EXP 	grating: autoDraw = False
57.1478 	EXP 	Device response: <KeyPress from None: t=57.13178890000563, value=left, duration=None>
57.1491 	DATA 	Keypress: left
57.1635 	EXP 	fixation: autoDraw = False
57.1635 	EXP 	grating: autoDraw = False
57.1635 	EXP 	grating: ori = np.float64(-5.0)
57.1635 	EXP 	fixation: autoDraw = True
57.2638 	EXP 	Device response: <KeyPress from None: t=57.13178890000563, value=left, duration=0.13072630006354302>
57.6476 	INFO 	Keyboard events cleared
57.6474 	EXP 	grating: autoDraw = True
57.6640 	EXP 	fixation: autoDraw = False
57.9481 	EXP 	grating: autoDraw = False
58.3477 	EXP 	Device response: <KeyPress from None: t=58.342420600005426, value=left, duration=None>
58.3492 	DATA 	Keypress: left
58.3639 	EXP 	fixation: autoDraw = False
58.3639 	EXP 	grating: autoDraw = False
58.3639 	EXP 	grating: ori = np.float64(5.0)
58.3639 	EXP 	fixation: autoDraw = True
58.4806 	EXP 	Device response: <KeyPress from None: t=58.342420600005426, value=left, duration=0.12979719997383654>
58.8479 	INFO 	Keyboard events cleared
58.8477 	EXP 	grating: autoDraw = True
58.8641 	EXP 	fixation: autoDraw = False
59.1481 	EXP 	grating: autoDraw = False
59.2973 	EXP 	Device response: <KeyPress from None: t=59.28519770002458, value=right, duration=None>
59.2983 	DATA 	Keypress: right
59.3139 	EXP 	fixation: autoDraw = False
59.3139 	EXP 	grating: autoDraw = False
59.3139 	EXP 	grating: ori = np.float64(5.0)
59.3139 	EXP 	fixation: autoDraw = True
59.4139 	EXP 	Device response: <KeyPress from None: t=59.28519770002458, value=right, duration=0.1236419000197202>
59.7969 	INFO 	Keyboard events cleared
59.7968 	EXP 	grating: autoDraw = True
59.8137 	EXP 	fixation: autoDraw = False
60.0975 	EXP 	grating: autoDraw = False
60.7481 	EXP 	Device response: <KeyPress from None: t=60.73808210005518, value=right, duration=None>
60.7493 	DATA 	Keypress: right
60.7636 	EXP 	fixation: autoDraw = False
60.7636 	EXP 	grating: autoDraw = False
60.7636 	EXP 	grating: ori = np.float64(-4.5)
60.7636 	EXP 	fixation: autoDraw = True
60.9136 	EXP 	Device response: <KeyPress from None: t=60.73808210005518, value=right, duration=0.1618713999632746>
61.2477 	INFO 	Keyboard events cleared
61.2475 	EXP 	grating: autoDraw = True
61.2641 	EXP 	fixation: autoDraw = False
61.5477 	EXP 	grating: autoDraw = False
62.2474 	EXP 	Device response: <KeyPress from None: t=62.2428496000357, value=left, duration=None>
62.2486 	DATA 	Keypress: left
62.2635 	EXP 	fixation: autoDraw = False
62.2635 	EXP 	grating: autoDraw = False
62.2635 	EXP 	grating: ori = np.float64(4.5)
62.2635 	EXP 	fixation: autoDraw = True
62.3810 	EXP 	Device response: <KeyPress from None: t=62.2428496000357, value=left, duration=0.136319600045681>
62.7474 	INFO 	Keyboard events cleared
62.7473 	EXP 	grating: autoDraw = True
62.7641 	EXP 	fixation: autoDraw = False
63.0477 	EXP 	grating: autoDraw = False
63.5641 	EXP 	Device response: <KeyPress from None: t=63.555050200084224, value=left, duration=None>
63.5652 	DATA 	Keypress: left
63.5806 	EXP 	fixation: autoDraw = False
63.5806 	EXP 	grating: autoDraw = False
63.5806 	EXP 	grating: ori = np.float64(-5.0)
63.5806 	EXP 	fixation: autoDraw = True
63.7136 	EXP 	Device response: <KeyPress from None: t=63.555050200084224, value=left, duration=0.14771289995405823>
64.0644 	INFO 	Keyboard events cleared
64.0642 	EXP 	grating: autoDraw = True
64.0809 	EXP 	fixation: autoDraw = False
64.3642 	EXP 	grating: autoDraw = False
64.6816 	EXP 	Device response: <KeyPress from None: t=64.67172840004787, value=right, duration=None>
64.6828 	DATA 	Keypress: right
64.6976 	EXP 	fixation: autoDraw = False
64.6976 	EXP 	grating: autoDraw = False
64.6976 	EXP 	grating: ori = np.float64(-5.5)
64.6976 	EXP 	fixation: autoDraw = True
64.7973 	EXP 	Device response: <KeyPress from None: t=64.67172840004787, value=right, duration=0.10929880000185221>
65.1970 	INFO 	Keyboard events cleared
65.1969 	EXP 	fixation: autoDraw = False
65.1969 	EXP 	grating: autoDraw = True
65.4970 	EXP 	grating: autoDraw = False
66.8143 	EXP 	Device response: <KeyPress from None: t=66.80434799997602, value=right, duration=None>
66.8156 	DATA 	Keypress: right
66.8310 	EXP 	fixation: autoDraw = False
66.8310 	EXP 	grating: autoDraw = False
66.8310 	EXP 	grating: ori = np.float64(-6.0)
66.8310 	EXP 	fixation: autoDraw = True
66.9478 	EXP 	Device response: <KeyPress from None: t=66.80434799997602, value=right, duration=0.1268894000677392>
67.3145 	INFO 	Keyboard events cleared
67.3143 	EXP 	grating: autoDraw = True
67.3311 	EXP 	fixation: autoDraw = False
67.6137 	EXP 	grating: autoDraw = False
68.0982 	EXP 	Device response: <KeyPress from None: t=68.09218210005201, value=right, duration=None>
68.0993 	DATA 	Keypress: right
68.1141 	EXP 	fixation: autoDraw = False
68.1141 	EXP 	grating: autoDraw = False
68.1141 	EXP 	grating: ori = np.float64(6.5)
68.1141 	EXP 	fixation: autoDraw = True
68.1812 	EXP 	Device response: <KeyPress from None: t=68.09218210005201, value=right, duration=0.07846789993345737>
68.6141 	INFO 	Keyboard events cleared
68.6140 	EXP 	fixation: autoDraw = False
68.6140 	EXP 	grating: autoDraw = True
68.9145 	EXP 	grating: autoDraw = False
69.4811 	EXP 	Device response: <KeyPress from None: t=69.47318109998014, value=right, duration=None>
69.4822 	DATA 	Keypress: right
69.4976 	EXP 	fixation: autoDraw = False
69.4976 	EXP 	grating: autoDraw = False
69.4976 	EXP 	grating: ori = np.float64(-6.5)
69.4976 	EXP 	fixation: autoDraw = True
69.5810 	EXP 	Device response: <KeyPress from None: t=69.47318109998014, value=right, duration=0.10689110006205738>
69.9808 	INFO 	Keyboard events cleared
69.9806 	EXP 	grating: autoDraw = True
69.9975 	EXP 	fixation: autoDraw = False
70.2808 	EXP 	grating: autoDraw = False
70.6633 	EXP 	Device response: <KeyPress from None: t=70.66172460000962, value=left, duration=None>
70.6644 	DATA 	Keypress: left
70.6805 	EXP 	fixation: autoDraw = False
70.6805 	EXP 	grating: autoDraw = False
70.6805 	EXP 	grating: ori = np.float64(-6.5)
70.6805 	EXP 	fixation: autoDraw = True
70.8140 	EXP 	Device response: <KeyPress from None: t=70.66172460000962, value=left, duration=0.13959510007407516>
71.1645 	INFO 	Keyboard events cleared
71.1643 	EXP 	grating: autoDraw = True
71.1811 	EXP 	fixation: autoDraw = False
71.4642 	EXP 	grating: autoDraw = False
71.8965 	EXP 	Device response: <KeyPress from None: t=71.8930238999892, value=left, duration=None>
71.8975 	DATA 	Keypress: left
71.9138 	EXP 	fixation: autoDraw = False
71.9138 	EXP 	grating: autoDraw = False
71.9138 	EXP 	grating: ori = np.float64(6.0)
71.9138 	EXP 	fixation: autoDraw = True
72.0479 	EXP 	Device response: <KeyPress from None: t=71.8930238999892, value=left, duration=0.1497961999848485>
72.3977 	INFO 	Keyboard events cleared
72.3976 	EXP 	grating: autoDraw = True
72.4144 	EXP 	fixation: autoDraw = False
72.6976 	EXP 	grating: autoDraw = False
73.1303 	EXP 	Device response: <KeyPress from None: t=73.12540770007763, value=right, duration=None>
73.1314 	DATA 	Keypress: right
73.1472 	EXP 	fixation: autoDraw = False
73.1472 	EXP 	grating: autoDraw = False
73.1472 	EXP 	grating: ori = np.float64(-6.0)
73.1472 	EXP 	fixation: autoDraw = True
73.2810 	EXP 	Device response: <KeyPress from None: t=73.12540770007763, value=right, duration=0.15464019996579736>
73.6312 	INFO 	Keyboard events cleared
73.6311 	EXP 	grating: autoDraw = True
73.6480 	EXP 	fixation: autoDraw = False
73.9312 	EXP 	grating: autoDraw = False
74.3812 	EXP 	Device response: <KeyPress from None: t=74.36814739997499, value=left, duration=None>
74.3824 	DATA 	Keypress: left
74.3971 	EXP 	fixation: autoDraw = False
74.3971 	EXP 	grating: autoDraw = False
74.3971 	EXP 	grating: ori = np.float64(6.0)
74.3971 	EXP 	fixation: autoDraw = True
74.5145 	EXP 	Device response: <KeyPress from None: t=74.36814739997499, value=left, duration=0.12998270010575652>
74.8810 	INFO 	Keyboard events cleared
74.8808 	EXP 	grating: autoDraw = True
74.8973 	EXP 	fixation: autoDraw = False
75.1804 	EXP 	grating: autoDraw = False
75.6146 	EXP 	Device response: <KeyPress from None: t=75.60164940007962, value=right, duration=None>
75.6158 	DATA 	Keypress: right
75.6303 	EXP 	fixation: autoDraw = False
75.6303 	EXP 	grating: autoDraw = False
75.6303 	EXP 	grating: ori = np.float64(-5.5)
75.6303 	EXP 	fixation: autoDraw = True
75.7314 	EXP 	Device response: <KeyPress from None: t=75.60164940007962, value=right, duration=0.11288109992165118>
76.1147 	INFO 	Keyboard events cleared
76.1145 	EXP 	grating: autoDraw = True
76.1314 	EXP 	fixation: autoDraw = False
76.4136 	EXP 	grating: autoDraw = False
76.6864 	EXP 	Device response: <KeyPress from None: t=76.68133010005113, value=left, duration=None>
76.6876 	DATA 	Keypress: left
76.6968 	EXP 	fixation: autoDraw = False
76.6968 	EXP 	grating: autoDraw = False
76.6968 	EXP 	grating: ori = np.float64(-5.5)
76.6968 	EXP 	fixation: autoDraw = True
76.8655 	EXP 	Device response: <KeyPress from None: t=76.68133010005113, value=left, duration=0.17545719991903752>
77.1980 	INFO 	Keyboard events cleared
77.1977 	EXP 	fixation: autoDraw = False
77.1977 	EXP 	grating: autoDraw = True
77.4981 	EXP 	grating: autoDraw = False
78.0973 	EXP 	Device response: <KeyPress from None: t=78.08948810002767, value=left, duration=None>
78.0985 	DATA 	Keypress: left
78.1140 	EXP 	fixation: autoDraw = False
78.1140 	EXP 	grating: autoDraw = False
78.1140 	EXP 	grating: ori = np.float64(5.5)
78.1140 	EXP 	fixation: autoDraw = True
78.2472 	EXP 	Device response: <KeyPress from None: t=78.08948810002767, value=left, duration=0.15457330003846437>
78.5979 	INFO 	Keyboard events cleared
78.5977 	EXP 	grating: autoDraw = True
78.6144 	EXP 	fixation: autoDraw = False
78.8993 	EXP 	grating: autoDraw = False
79.2145 	EXP 	Device response: <KeyPress from None: t=79.20647990005091, value=right, duration=None>
79.2157 	DATA 	Keypress: right
79.2307 	EXP 	fixation: autoDraw = False
79.2307 	EXP 	grating: autoDraw = False
79.2307 	EXP 	grating: ori = np.float64(-5.0)
79.2307 	EXP 	fixation: autoDraw = True
79.3322 	EXP 	Device response: <KeyPress from None: t=79.20647990005091, value=right, duration=0.11965499992948025>
79.7155 	INFO 	Keyboard events cleared
79.7153 	EXP 	grating: autoDraw = True
79.7314 	EXP 	fixation: autoDraw = False
80.0158 	EXP 	grating: autoDraw = False
80.3968 	EXP 	Device response: <KeyPress from None: t=80.38905290002003, value=right, duration=None>
80.3981 	DATA 	Keypress: right
80.4136 	EXP 	fixation: autoDraw = False
80.4136 	EXP 	grating: autoDraw = False
80.4136 	EXP 	grating: ori = np.float64(-5.5)
80.4136 	EXP 	fixation: autoDraw = True
80.5308 	EXP 	Device response: <KeyPress from None: t=80.38905290002003, value=right, duration=0.13486200000625104>
80.8976 	INFO 	Keyboard events cleared
80.8974 	EXP 	grating: autoDraw = True
80.9148 	EXP 	fixation: autoDraw = False
81.1978 	EXP 	grating: autoDraw = False
81.9814 	EXP 	Device response: <KeyPress from None: t=81.97515229997225, value=left, duration=None>
81.9827 	DATA 	Keypress: left
81.9974 	EXP 	fixation: autoDraw = False
81.9974 	EXP 	grating: autoDraw = False
81.9974 	EXP 	grating: ori = np.float64(-5.5)
81.9974 	EXP 	fixation: autoDraw = True
82.0976 	EXP 	Device response: <KeyPress from None: t=81.97515229997225, value=left, duration=0.1192930000834167>
82.4815 	INFO 	Keyboard events cleared
82.4813 	EXP 	grating: autoDraw = True
82.4983 	EXP 	fixation: autoDraw = False
82.7820 	EXP 	grating: autoDraw = False
83.6142 	EXP 	Device response: <KeyPress from None: t=83.61320190003607, value=left, duration=None>
83.6153 	DATA 	Keypress: left
83.6311 	EXP 	fixation: autoDraw = False
83.6311 	EXP 	grating: autoDraw = False
83.6311 	EXP 	grating: ori = np.float64(5.5)
83.6311 	EXP 	fixation: autoDraw = True
83.7478 	EXP 	Device response: <KeyPress from None: t=83.61320190003607, value=left, duration=0.12202060001436621>
84.1144 	INFO 	Keyboard events cleared
84.1142 	EXP 	grating: autoDraw = True
84.1312 	EXP 	fixation: autoDraw = False
84.4146 	EXP 	grating: autoDraw = False
84.7307 	EXP 	Device response: <KeyPress from None: t=84.72002000000793, value=left, duration=None>
84.7320 	DATA 	Keypress: left
84.7478 	EXP 	fixation: autoDraw = False
84.7478 	EXP 	grating: autoDraw = False
84.7478 	EXP 	grating: ori = np.float64(6.0)
84.7478 	EXP 	fixation: autoDraw = True
84.8479 	EXP 	Device response: <KeyPress from None: t=84.72002000000793, value=left, duration=0.11346230003982782>
85.2316 	INFO 	Keyboard events cleared
85.2313 	EXP 	grating: autoDraw = True
85.2478 	EXP 	fixation: autoDraw = False
85.5313 	EXP 	grating: autoDraw = False
86.2981 	EXP 	Device response: <KeyPress from None: t=86.28913889999967, value=right, duration=None>
86.2994 	DATA 	Keypress: right
86.3143 	EXP 	fixation: autoDraw = False
86.3143 	EXP 	grating: autoDraw = False
86.3143 	EXP 	grating: ori = np.float64(6.0)
86.3143 	EXP 	fixation: autoDraw = True
86.4315 	EXP 	Device response: <KeyPress from None: t=86.28913889999967, value=right, duration=0.12798009999096394>
86.7984 	INFO 	Keyboard events cleared
86.7981 	EXP 	grating: autoDraw = True
86.8142 	EXP 	fixation: autoDraw = False
87.0981 	EXP 	grating: autoDraw = False
87.5812 	EXP 	Device response: <KeyPress from None: t=87.56780369998887, value=right, duration=None>
87.5824 	DATA 	Keypress: right
87.5982 	EXP 	fixation: autoDraw = False
87.5982 	EXP 	grating: autoDraw = False
87.5982 	EXP 	grating: ori = np.float64(-6.0)
87.5982 	EXP 	fixation: autoDraw = True
87.6982 	EXP 	Device response: <KeyPress from None: t=87.56780369998887, value=right, duration=0.12230370007455349>
88.0811 	INFO 	Keyboard events cleared
88.0808 	EXP 	grating: autoDraw = True
88.0977 	EXP 	fixation: autoDraw = False
88.3807 	EXP 	grating: autoDraw = False
88.6474 	EXP 	Device response: <KeyPress from None: t=88.63312430004589, value=left, duration=None>
88.6486 	DATA 	Keypress: left
88.6644 	EXP 	fixation: autoDraw = False
88.6644 	EXP 	grating: autoDraw = False
88.6644 	EXP 	grating: ori = np.float64(5.5)
88.6644 	EXP 	fixation: autoDraw = True
88.7646 	EXP 	Device response: <KeyPress from None: t=88.63312430004589, value=left, duration=0.13000779994763434>
89.1482 	INFO 	Keyboard events cleared
89.1480 	EXP 	grating: autoDraw = True
89.1645 	EXP 	fixation: autoDraw = False
89.4476 	EXP 	grating: autoDraw = False
89.8141 	EXP 	Device response: <KeyPress from None: t=89.8046055000741, value=right, duration=None>
89.8153 	DATA 	Keypress: right
89.8309 	EXP 	fixation: autoDraw = False
89.8309 	EXP 	grating: autoDraw = False
89.8309 	EXP 	grating: ori = np.float64(-5.5)
89.8309 	EXP 	fixation: autoDraw = True
89.9474 	EXP 	Device response: <KeyPress from None: t=89.8046055000741, value=right, duration=0.1347334999591112>
90.3146 	INFO 	Keyboard events cleared
90.3145 	EXP 	grating: autoDraw = True
90.3309 	EXP 	fixation: autoDraw = False
90.6144 	EXP 	grating: autoDraw = False
91.0487 	EXP 	Device response: <KeyPress from None: t=91.04311980004422, value=left, duration=None>
91.0502 	DATA 	Keypress: left
91.0646 	EXP 	fixation: autoDraw = False
91.0646 	EXP 	grating: autoDraw = False
91.0646 	EXP 	grating: ori = np.float64(-5.5)
91.0646 	EXP 	fixation: autoDraw = True
91.1990 	EXP 	Device response: <KeyPress from None: t=91.04311980004422, value=left, duration=0.1516820000251755>
91.5649 	INFO 	Keyboard events cleared
91.5647 	EXP 	fixation: autoDraw = False
91.5647 	EXP 	grating: autoDraw = True
91.8647 	EXP 	grating: autoDraw = False
92.3976 	EXP 	Device response: <KeyPress from None: t=92.3956091, value=left, duration=None>
92.3988 	DATA 	Keypress: left
92.4141 	EXP 	fixation: autoDraw = False
92.4141 	EXP 	grating: autoDraw = False
92.4141 	EXP 	grating: ori = np.float64(5.0)
92.4141 	EXP 	fixation: autoDraw = True
92.5641 	EXP 	Device response: <KeyPress from None: t=92.3956091, value=left, duration=0.15751410007942468>
92.8976 	INFO 	Keyboard events cleared
92.8974 	EXP 	grating: autoDraw = True
92.9144 	EXP 	fixation: autoDraw = False
93.1979 	EXP 	grating: autoDraw = False
93.5478 	EXP 	Device response: <KeyPress from None: t=93.54314690001775, value=left, duration=None>
93.5488 	DATA 	Keypress: left
93.5651 	EXP 	fixation: autoDraw = False
93.5651 	EXP 	grating: autoDraw = False
93.5651 	EXP 	grating: ori = np.float64(-5.5)
93.5651 	EXP 	fixation: autoDraw = True
93.7318 	EXP 	Device response: <KeyPress from None: t=93.54314690001775, value=left, duration=0.171572900027968>
94.0482 	INFO 	Keyboard events cleared
94.0480 	EXP 	grating: autoDraw = True
94.0647 	EXP 	fixation: autoDraw = False
94.3479 	EXP 	grating: autoDraw = False
94.8147 	EXP 	Device response: <KeyPress from None: t=94.8021393000381, value=right, duration=None>
94.8158 	DATA 	Keypress: right
94.8307 	EXP 	fixation: autoDraw = False
94.8307 	EXP 	grating: autoDraw = False
94.8307 	EXP 	grating: ori = np.float64(6.0)
94.8307 	EXP 	fixation: autoDraw = True
94.9486 	EXP 	Device response: <KeyPress from None: t=94.8021393000381, value=right, duration=0.12978079996537417>
95.3153 	INFO 	Keyboard events cleared
95.3151 	EXP 	grating: autoDraw = True
95.3315 	EXP 	fixation: autoDraw = False
95.6143 	EXP 	grating: autoDraw = False
96.0487 	EXP 	Device response: <KeyPress from None: t=96.03407080005854, value=right, duration=None>
96.0502 	DATA 	Keypress: right
96.0646 	EXP 	fixation: autoDraw = False
96.0646 	EXP 	grating: autoDraw = False
96.0646 	EXP 	grating: ori = np.float64(6.0)
96.0646 	EXP 	fixation: autoDraw = True
96.1478 	EXP 	Device response: <KeyPress from None: t=96.03407080005854, value=right, duration=0.10288419993594289>
96.5486 	INFO 	Keyboard events cleared
96.5484 	EXP 	grating: autoDraw = True
96.5647 	EXP 	fixation: autoDraw = False
96.8482 	EXP 	grating: autoDraw = False
97.1818 	EXP 	Device response: <KeyPress from None: t=97.16732150001917, value=right, duration=None>
97.1830 	DATA 	Keypress: right
97.1978 	EXP 	fixation: autoDraw = False
97.1978 	EXP 	grating: autoDraw = False
97.1978 	EXP 	grating: ori = np.float64(6.0)
97.1978 	EXP 	fixation: autoDraw = True
97.2984 	EXP 	Device response: <KeyPress from None: t=97.16732150001917, value=right, duration=0.12240620004013181>
97.7473 	INFO 	Keyboard events cleared
97.7472 	EXP 	fixation: autoDraw = False
97.7472 	EXP 	grating: autoDraw = True
98.0484 	EXP 	grating: autoDraw = False
98.4652 	EXP 	Device response: <KeyPress from None: t=98.4495996000478, value=right, duration=None>
98.4664 	DATA 	Keypress: right
98.4815 	EXP 	fixation: autoDraw = False
98.4815 	EXP 	grating: autoDraw = False
98.4815 	EXP 	grating: ori = np.float64(5.5)
98.4815 	EXP 	fixation: autoDraw = True
98.6316 	EXP 	Device response: <KeyPress from None: t=98.4495996000478, value=right, duration=0.16660889994818717>
98.9650 	INFO 	Keyboard events cleared
98.9647 	EXP 	grating: autoDraw = True
98.9816 	EXP 	fixation: autoDraw = False
99.2645 	EXP 	grating: autoDraw = False
99.8815 	EXP 	Device response: <KeyPress from None: t=99.88024980004411, value=right, duration=None>
99.8826 	DATA 	Keypress: right
99.8991 	EXP 	fixation: autoDraw = False
99.8991 	EXP 	grating: autoDraw = False
99.8991 	EXP 	grating: ori = np.float64(5.5)
99.8991 	EXP 	fixation: autoDraw = True
100.0322 	EXP 	Device response: <KeyPress from None: t=99.88024980004411, value=right, duration=0.1438633999787271>
100.3818 	INFO 	Keyboard events cleared
100.3816 	EXP 	grating: autoDraw = True
100.3982 	EXP 	fixation: autoDraw = False
100.6816 	EXP 	grating: autoDraw = False
101.1481 	EXP 	Device response: <KeyPress from None: t=101.14656030002516, value=right, duration=None>
101.1492 	DATA 	Keypress: right
101.1647 	EXP 	fixation: autoDraw = False
101.1647 	EXP 	grating: autoDraw = False
101.1647 	EXP 	grating: ori = np.float64(-5.5)
101.1647 	EXP 	fixation: autoDraw = True
101.3311 	EXP 	Device response: <KeyPress from None: t=101.14656030002516, value=right, duration=0.17065460002049804>
101.6487 	INFO 	Keyboard events cleared
101.6485 	EXP 	grating: autoDraw = True
101.6648 	EXP 	fixation: autoDraw = False
101.9485 	EXP 	grating: autoDraw = False
102.3317 	EXP 	Device response: <KeyPress from None: t=102.32991129998118, value=right, duration=None>
102.3329 	DATA 	Keypress: right
102.3478 	EXP 	fixation: autoDraw = False
102.3478 	EXP 	grating: autoDraw = False
102.3478 	EXP 	grating: ori = np.float64(-6.0)
102.3478 	EXP 	fixation: autoDraw = True
102.4817 	EXP 	Device response: <KeyPress from None: t=102.32991129998118, value=right, duration=0.1369987000944093>
102.8326 	INFO 	Keyboard events cleared
102.8319 	EXP 	grating: autoDraw = True
102.8485 	EXP 	fixation: autoDraw = False
103.1314 	EXP 	grating: autoDraw = False
103.1828 	EXP 	Device response: <KeyPress from None: t=103.17735720006749, value=left, duration=None>
103.1842 	DATA 	Keypress: left
103.1977 	EXP 	fixation: autoDraw = False
103.1977 	EXP 	grating: autoDraw = False
103.1977 	EXP 	grating: ori = np.float64(6.0)
103.1977 	EXP 	fixation: autoDraw = True
103.3155 	EXP 	Device response: <KeyPress from None: t=103.17735720006749, value=left, duration=0.13303849997464567>
103.6984 	INFO 	Keyboard events cleared
103.6982 	EXP 	fixation: autoDraw = False
103.6982 	EXP 	grating: autoDraw = True
103.9979 	EXP 	grating: autoDraw = False
104.2142 	EXP 	Device response: <KeyPress from None: t=104.21253660006914, value=left, duration=None>
104.2155 	DATA 	Keypress: left
104.2313 	EXP 	fixation: autoDraw = False
104.2313 	EXP 	grating: autoDraw = False
104.2313 	EXP 	grating: ori = np.float64(6.5)
104.2313 	EXP 	fixation: autoDraw = True
104.3824 	EXP 	Device response: <KeyPress from None: t=104.21253660006914, value=left, duration=0.16281749994959682>
104.7152 	INFO 	Keyboard events cleared
104.7150 	EXP 	grating: autoDraw = True
104.7318 	EXP 	fixation: autoDraw = False
105.0149 	EXP 	grating: autoDraw = False
106.1486 	EXP 	Device response: <KeyPress from None: t=106.13313309999648, value=right, duration=None>
106.1499 	DATA 	Keypress: right
106.1651 	EXP 	fixation: autoDraw = False
106.1651 	EXP 	grating: autoDraw = False
106.1651 	EXP 	grating: ori = np.float64(-6.5)
106.1651 	EXP 	fixation: autoDraw = True
106.2979 	EXP 	Device response: <KeyPress from None: t=106.13313309999648, value=right, duration=0.1498266999842599>
106.6485 	INFO 	Keyboard events cleared
106.6484 	EXP 	grating: autoDraw = True
106.6647 	EXP 	fixation: autoDraw = False
106.9482 	EXP 	grating: autoDraw = False
107.1987 	DATA 	Keypress: left
107.2152 	EXP 	Device response: <KeyPress from None: t=107.19799460005015, value=left, duration=None>
107.2316 	EXP 	fixation: autoDraw = False
107.2316 	EXP 	grating: autoDraw = False
107.2316 	EXP 	grating: ori = np.float64(-6.5)
107.2316 	EXP 	fixation: autoDraw = True
107.3649 	EXP 	Device response: <KeyPress from None: t=107.19799460005015, value=left, duration=0.16622439993079752>
107.7152 	INFO 	Keyboard events cleared
107.7150 	EXP 	grating: autoDraw = True
107.7322 	EXP 	fixation: autoDraw = False
108.0151 	EXP 	grating: autoDraw = False
108.4152 	EXP 	Device response: <KeyPress from None: t=108.41080650000367, value=left, duration=None>
108.4163 	DATA 	Keypress: left
108.4308 	EXP 	fixation: autoDraw = False
108.4308 	EXP 	grating: autoDraw = False
108.4308 	EXP 	grating: ori = np.float64(-6.0)
108.4308 	EXP 	fixation: autoDraw = True
108.5813 	EXP 	Device response: <KeyPress from None: t=108.41080650000367, value=left, duration=0.15517849999014288>
108.9152 	INFO 	Keyboard events cleared
108.9151 	EXP 	grating: autoDraw = True
108.9311 	EXP 	fixation: autoDraw = False
109.2152 	EXP 	grating: autoDraw = False
109.7819 	EXP 	Device response: <KeyPress from None: t=109.77141589997336, value=left, duration=None>
109.7831 	DATA 	Keypress: left
109.7982 	EXP 	fixation: autoDraw = False
109.7982 	EXP 	grating: autoDraw = False
109.7982 	EXP 	grating: ori = np.float64(-6.0)
109.7982 	EXP 	fixation: autoDraw = True
109.9323 	EXP 	Device response: <KeyPress from None: t=109.77141589997336, value=left, duration=0.15006910008378327>
110.2822 	INFO 	Keyboard events cleared
110.2820 	EXP 	grating: autoDraw = True
110.2984 	EXP 	fixation: autoDraw = False
110.5814 	EXP 	grating: autoDraw = False
111.0483 	EXP 	Device response: <KeyPress from None: t=111.03781070001423, value=left, duration=None>
111.0493 	DATA 	Keypress: left
111.0656 	EXP 	fixation: autoDraw = False
111.0656 	EXP 	grating: autoDraw = False
111.0656 	EXP 	grating: ori = np.float64(6.0)
111.0656 	EXP 	fixation: autoDraw = True
111.1985 	EXP 	Device response: <KeyPress from None: t=111.03781070001423, value=left, duration=0.15230710001196712>
111.5484 	INFO 	Keyboard events cleared
111.5483 	EXP 	grating: autoDraw = True
111.5649 	EXP 	fixation: autoDraw = False
111.8484 	EXP 	grating: autoDraw = False
111.9485 	EXP 	Device response: <KeyPress from None: t=111.9334512000205, value=right, duration=None>
111.9499 	DATA 	Keypress: right
111.9652 	EXP 	fixation: autoDraw = False
111.9652 	EXP 	grating: autoDraw = False
111.9652 	EXP 	grating: ori = np.float64(-5.5)
111.9652 	EXP 	fixation: autoDraw = True
112.0658 	EXP 	Device response: <KeyPress from None: t=111.9334512000205, value=right, duration=0.12651089997962117>
112.4485 	INFO 	Keyboard events cleared
112.4484 	EXP 	grating: autoDraw = True
112.4655 	EXP 	fixation: autoDraw = False
112.7486 	EXP 	grating: autoDraw = False
113.3480 	EXP 	Device response: <KeyPress from None: t=113.34249730000738, value=right, duration=None>
113.3492 	DATA 	Keypress: right
113.3650 	EXP 	fixation: autoDraw = False
113.3650 	EXP 	grating: autoDraw = False
113.3650 	EXP 	grating: ori = np.float64(-6.0)
113.3650 	EXP 	fixation: autoDraw = True
113.4822 	EXP 	Device response: <KeyPress from None: t=113.34249730000738, value=right, duration=0.13912770000752062>
113.8488 	INFO 	Keyboard events cleared
113.8485 	EXP 	grating: autoDraw = True
113.8655 	EXP 	fixation: autoDraw = False
114.1483 	EXP 	grating: autoDraw = False
114.7645 	EXP 	Device response: <KeyPress from None: t=114.75874720001593, value=left, duration=None>
114.7655 	DATA 	Keypress: left
114.7815 	EXP 	fixation: autoDraw = False
114.7815 	EXP 	grating: autoDraw = False
114.7815 	EXP 	grating: ori = np.float64(6.0)
114.7815 	EXP 	fixation: autoDraw = True
114.9317 	EXP 	Device response: <KeyPress from None: t=114.75874720001593, value=left, duration=0.16965229995548725>
115.2656 	INFO 	Keyboard events cleared
115.2654 	EXP 	grating: autoDraw = True
115.2820 	EXP 	fixation: autoDraw = False
115.5654 	EXP 	grating: autoDraw = False
116.1008 	EXP 	Device response: <KeyPress from None: t=116.0863027999876, value=right, duration=None>
116.1020 	DATA 	Keypress: right
116.1172 	EXP 	fixation: autoDraw = False
116.1172 	EXP 	grating: autoDraw = False
116.1172 	EXP 	grating: ori = np.float64(-6.0)
116.1172 	EXP 	fixation: autoDraw = True
116.2153 	EXP 	Device response: <KeyPress from None: t=116.0863027999876, value=right, duration=0.12385620002169162>
116.6150 	INFO 	Keyboard events cleared
116.6148 	EXP 	grating: autoDraw = True
116.6319 	EXP 	fixation: autoDraw = False
116.9147 	EXP 	grating: autoDraw = False
117.4315 	EXP 	Device response: <KeyPress from None: t=117.43068520002998, value=left, duration=None>
117.4326 	DATA 	Keypress: left
117.4477 	EXP 	fixation: autoDraw = False
117.4477 	EXP 	grating: autoDraw = False
117.4477 	EXP 	grating: ori = np.float64(-5.5)
117.4477 	EXP 	fixation: autoDraw = True
117.5652 	EXP 	Device response: <KeyPress from None: t=117.43068520002998, value=left, duration=0.12973399995826185>
117.9321 	INFO 	Keyboard events cleared
117.9319 	EXP 	grating: autoDraw = True
117.9488 	EXP 	fixation: autoDraw = False
118.2316 	EXP 	grating: autoDraw = False
118.7328 	EXP 	Device response: <KeyPress from None: t=118.7185799999861, value=left, duration=None>
118.7338 	DATA 	Keypress: left
118.7488 	EXP 	fixation: autoDraw = False
118.7488 	EXP 	grating: autoDraw = False
118.7488 	EXP 	grating: ori = np.float64(5.5)
118.7488 	EXP 	fixation: autoDraw = True
118.8821 	EXP 	Device response: <KeyPress from None: t=118.7185799999861, value=left, duration=0.1617809000890702>
119.2488 	INFO 	Keyboard events cleared
119.2486 	EXP 	fixation: autoDraw = False
119.2486 	EXP 	grating: autoDraw = True
119.5481 	EXP 	grating: autoDraw = False
119.8313 	EXP 	Device response: <KeyPress from None: t=119.82407339999918, value=right, duration=None>
119.8324 	DATA 	Keypress: right
119.8485 	EXP 	fixation: autoDraw = False
119.8485 	EXP 	grating: autoDraw = False
119.8485 	EXP 	grating: ori = np.float64(5.5)
119.8485 	EXP 	fixation: autoDraw = True
119.9485 	EXP 	Device response: <KeyPress from None: t=119.82407339999918, value=right, duration=0.12116870004683733>
120.3328 	INFO 	Keyboard events cleared
120.3322 	EXP 	grating: autoDraw = True
120.3485 	EXP 	fixation: autoDraw = False
120.6320 	EXP 	grating: autoDraw = False
120.9492 	EXP 	Device response: <KeyPress from None: t=120.9377713999711, value=right, duration=None>
120.9507 	DATA 	Keypress: right
120.9646 	EXP 	fixation: autoDraw = False
120.9646 	EXP 	grating: autoDraw = False
120.9646 	EXP 	grating: ori = np.float64(5.0)
120.9646 	EXP 	fixation: autoDraw = True
121.0981 	EXP 	Device response: <KeyPress from None: t=120.9377713999711, value=right, duration=0.15480280003976077>
121.4652 	INFO 	Keyboard events cleared
121.4651 	EXP 	fixation: autoDraw = False
121.4651 	EXP 	grating: autoDraw = True
121.7653 	EXP 	grating: autoDraw = False
121.8156 	EXP 	Device response: <KeyPress from None: t=121.80983559996821, value=left, duration=None>
121.8167 	DATA 	Keypress: left
121.8317 	EXP 	fixation: autoDraw = False
121.8317 	EXP 	grating: autoDraw = False
121.8317 	EXP 	grating: ori = np.float64(5.5)
121.8317 	EXP 	fixation: autoDraw = True
121.9489 	EXP 	Device response: <KeyPress from None: t=121.80983559996821, value=left, duration=0.13019420008640736>
122.3157 	INFO 	Keyboard events cleared
122.3155 	EXP 	grating: autoDraw = True
122.3319 	EXP 	fixation: autoDraw = False
122.6151 	EXP 	grating: autoDraw = False
122.8488 	EXP 	Device response: <KeyPress from None: t=122.84151729999576, value=right, duration=None>
122.8500 	DATA 	Keypress: right
122.8655 	EXP 	fixation: autoDraw = False
122.8655 	EXP 	grating: autoDraw = False
122.8655 	EXP 	grating: ori = np.float64(5.5)
122.8655 	EXP 	fixation: autoDraw = True
122.9821 	EXP 	Device response: <KeyPress from None: t=122.84151729999576, value=right, duration=0.13917109998874366>
123.3492 	INFO 	Keyboard events cleared
123.3490 	EXP 	grating: autoDraw = True
123.3655 	EXP 	fixation: autoDraw = False
123.6486 	EXP 	grating: autoDraw = False
124.0649 	EXP 	Device response: <KeyPress from None: t=124.05820470000617, value=right, duration=None>
124.0661 	DATA 	Keypress: right
124.0821 	EXP 	fixation: autoDraw = False
124.0821 	EXP 	grating: autoDraw = False
124.0821 	EXP 	grating: ori = np.float64(5.5)
124.0821 	EXP 	fixation: autoDraw = True
124.1990 	EXP 	Device response: <KeyPress from None: t=124.05820470000617, value=right, duration=0.13930280006024987>
124.5655 	INFO 	Keyboard events cleared
124.5653 	EXP 	grating: autoDraw = True
124.5819 	EXP 	fixation: autoDraw = False
124.8654 	EXP 	grating: autoDraw = False
125.2991 	EXP 	Device response: <KeyPress from None: t=125.29457300005015, value=right, duration=None>
125.3002 	DATA 	Keypress: right
125.3155 	EXP 	fixation: autoDraw = False
125.3155 	EXP 	grating: autoDraw = False
125.3157 	EXP 	adaptive_staircase_exp_psychopy: status = STOPPED
125.3389 	INFO 	saved data to 'C:\\Users\\Pooja\\OneDrive\\Desktop\\Adaptive_Staircase_exp\\data\\011_adaptive_staircase_exp_psychopy_2025-08-28_21h34.02.703.csv'
125.3424 	INFO 	saved data to C:\Users\Pooja\OneDrive\Desktop\Adaptive_Staircase_exp\data\011_adaptive_staircase_exp_psychopy_2025-08-28_21h34.02.703.psydat
127.1702 	WARNING 	Stopping key buffers but this could be dangerous ifother keyboards rely on the same.
127.2571 	WARNING 	Stopping key buffers but this could be dangerous ifother keyboards rely on the same.
