16.5348 	INFO 	Loaded monitor calibration from ['2025_08_12 09:11']
16.5559 	WARNING 	User requested fullscreen with size [1536  864], but screen is actually [1920, 1080]. Using actual size
17.1276 	INFO 	Using renderer 'AMD Radeon(TM) Graphics' for graphics
17.1276 	INFO 	OpenGL version supported by driver is 4..
17.3091 	EXP 	Created window1 = Window(allowGUI=False, allowStencil=False, autoLog=True, backendConf=UNKNOWN, backgroundFit=<method-wrapper '__getattribute__' of attributeSetter object at 0x000001D2CD2B8AC0>, backgroundImage=<method-wrapper '__getattribute__' of attributeSetter object at 0x000001D2CD2B8A60>, bitsMode=UNKNOWN, blendMode='avg', bpc=(8, 8, 8), color=array([0, 0, 0]), colorSpace='rgb', depthBits=8, fullscr=True, gamma=None, gammaErrorPolicy='raise', infoMsg=UNKNOWN, lms=UNKNOWN, monitor=<psychopy.monitors.calibTools.Monitor object at 0x000001D2CD36E320>, multiSample=False, name='window1', numSamples=2, pos=[np.float64(0.0), np.float64(0.0)], screen=0, size=array([1920, 1080]), stencilBits=0, stereo=False, title='PsychoPy', units='height', useFBO=True, useRetina=False, viewOri=0.0, viewPos=None, viewScale=None, waitBlanking=True, winType='pyglet')
17.3093 	EXP 	window1: backgroundImage = ''
17.3093 	EXP 	window1: backgroundFit = 'none'
17.8700 	EXP 	window1: Attempting to measure frame rate of screen (0) ...
17.8702 	EXP 	window1: recordFrameIntervals = False
18.3490 	EXP 	window1: recordFrameIntervals = True
18.5314 	EXP 	Screen (0) actual frame rate measured at 60.01Hz
18.5314 	EXP 	window1: recordFrameIntervals = False
18.5924 	INFO 	keyboard.Keyboard is using ptb backend.
18.5927 	INFO 	keyboard.Keyboard is using ptb backend.
18.5927 	EXP 	Stroop task second_exp: status = STARTED
18.6979 	EXP 	Created text_2 = TextStim(__class__=<class 'psychopy.visual.text.TextStim'>, alignHoriz=method-wrapper(...), alignText='center', alignVert=method-wrapper(...), anchorHoriz='center', anchorVert='center', antialias=True, autoDraw=False, autoLog=True, bold=False, color=array([1., 1., 1.]), colorSpace='rgb', contrast=1.0, depth=0.0, draggable=False, flipHoriz=False, flipVert=False, font='Arial', fontFiles=[], height=np.float64(0.05), italic=False, languageStyle='LTR', name='text_2', opacity=1, ori=0.0, pos=array([0., 0.]), rgb=UNKNOWN, text='Welcome ', units='height', win=Window(...), wrapWidth=1)
18.7060 	EXP 	Created fixation = ShapeStim(__class__=<class 'psychopy.visual.shape.ShapeStim'>, anchor=('center', 'center'), autoDraw=False, autoLog=True, closeShape=True, color=method-wrapper(...), colorSpace='rgb', contrast=None, depth=0.0, draggable=False, fillColor=array([1, 1, 1]), fillColorSpace='rgb', fillRGB=array([1, 1, 1]), interpolate=True, lineColor=array([1., 1., 1.]), lineColorSpace='rgb', lineRGB=array([1, 1, 1]), lineWidth=1.0, name='fixation', opacity=1, ori=0.0, pos=array([0., 0.]), size=array([10., 10.]), units='pix', vertices=ndarray(...), win=Window(...), windingRule=None)
18.7079 	EXP 	Created text = TextStim(__class__=<class 'psychopy.visual.text.TextStim'>, alignHoriz=method-wrapper(...), alignText='center', alignVert=method-wrapper(...), anchorHoriz='center', anchorVert='center', antialias=True, autoDraw=False, autoLog=True, bold=False, color=array([1., 1., 1.]), colorSpace='rgb', contrast=1.0, depth=-1.0, draggable=False, flipHoriz=False, flipVert=False, font='Arial', fontFiles=[], height=0.05, italic=False, languageStyle='LTR', name='text', opacity=1, ori=0.0, pos=array([0., 0.]), rgb=UNKNOWN, text='', units='height', win=Window(...), wrapWidth=1)
18.7174 	EXP 	Created text_3 = TextStim(__class__=<class 'psychopy.visual.text.TextStim'>, alignHoriz=method-wrapper(...), alignText='center', alignVert=method-wrapper(...), anchorHoriz='center', anchorVert='center', antialias=True, autoDraw=False, autoLog=True, bold=False, color=array([1., 1., 1.]), colorSpace='rgb', contrast=1.0, depth=0.0, draggable=False, flipHoriz=False, flipVert=False, font='Arial', fontFiles=[], height=np.float64(0.05), italic=False, languageStyle='LTR', name='text_3', opacity=1, ori=0.0, pos=array([0., 0.]), rgb=UNKNOWN, text='Thank you', units='height', win=Window(...), wrapWidth=1)
0.0382 	EXP 	text_2: autoDraw = True
1.0242 	EXP 	Imported condd.xlsx as conditions, 4 conditions, 4 params
1.0329 	EXP 	New trial (rep=0, index=0): <Trial 0 (0 in rep 0) data={'word': 'BLUE', 'colour': 'blue', 'stimulus_condition': 'C', 'correct_response': 'b', 'thisN': 0, 'thisTrialN': 0, 'thisRepN': 0}>
1.0932 	EXP 	text_2: autoDraw = False
1.0932 	EXP 	text: foreColor = <psychopy.colors.Color: blue, alpha=1.0>
1.0932 	EXP 	text: height = np.float64(0.05)
1.0932 	EXP 	text: height = np.float64(0.05)
1.0932 	EXP 	text: height = np.float64(0.05)
1.0932 	EXP 	text: text = 'BLUE'
1.0932 	EXP 	fixation: autoDraw = True
1.5149 	INFO 	Keyboard events cleared
1.5148 	EXP 	fixation: autoDraw = False
1.5148 	EXP 	text: autoDraw = True
2.1177 	DATA 	Keypress: b
2.3044 	EXP 	Device response: <KeyPress from None: t=2.116843700001482, value=b, duration=None>
2.3046 	EXP 	Device response: <KeyPress from None: t=2.116843700001482, value=b, duration=0.1410533000016585>
2.3048 	EXP 	New trial (rep=0, index=1): <Trial 1 (1 in rep 0) data={'word': 'RED', 'colour': 'red', 'stimulus_condition': 'C', 'correct_response': 'r', 'thisN': 1, 'thisTrialN': 1, 'thisRepN': 0}>
2.3171 	EXP 	fixation: autoDraw = False
2.3171 	EXP 	text: autoDraw = False
2.3171 	EXP 	text: foreColor = <psychopy.colors.Color: red, alpha=1.0>
2.3171 	EXP 	text: height = np.float64(0.05)
2.3171 	EXP 	text: height = np.float64(0.05)
2.3171 	EXP 	text: height = np.float64(0.05)
2.3171 	EXP 	text: text = 'RED'
2.3171 	EXP 	fixation: autoDraw = True
2.8059 	INFO 	Keyboard events cleared
2.8058 	EXP 	fixation: autoDraw = False
2.8058 	EXP 	text: autoDraw = True
3.5570 	EXP 	Device response: <KeyPress from None: t=3.5497663999558426, value=r, duration=None>
3.5573 	EXP 	New trial (rep=0, index=2): <Trial 2 (2 in rep 0) data={'word': 'BLUE', 'colour': 'red', 'stimulus_condition': 'I', 'correct_response': 'r', 'thisN': 2, 'thisTrialN': 2, 'thisRepN': 0}>
3.5607 	DATA 	Keypress: r
3.5730 	EXP 	fixation: autoDraw = False
3.5730 	EXP 	text: autoDraw = False
3.5730 	EXP 	text: foreColor = <psychopy.colors.Color: red, alpha=1.0>
3.5730 	EXP 	text: height = np.float64(0.05)
3.5730 	EXP 	text: height = np.float64(0.05)
3.5730 	EXP 	text: height = np.float64(0.05)
3.5730 	EXP 	text: text = 'BLUE'
3.5730 	EXP 	fixation: autoDraw = True
3.7068 	EXP 	Device response: <KeyPress from None: t=3.5497663999558426, value=r, duration=0.1426050000009127>
4.0565 	INFO 	Keyboard events cleared
4.0564 	EXP 	fixation: autoDraw = False
4.0564 	EXP 	text: autoDraw = True
5.0057 	EXP 	Device response: <KeyPress from None: t=4.999901500006672, value=r, duration=None>
5.0060 	EXP 	New trial (rep=0, index=3): <Trial 3 (3 in rep 0) data={'word': 'RED', 'colour': 'blue', 'stimulus_condition': 'I', 'correct_response': 'b', 'thisN': 3, 'thisTrialN': 3, 'thisRepN': 0}>
5.0096 	DATA 	Keypress: r
5.0207 	EXP 	fixation: autoDraw = False
5.0207 	EXP 	text: autoDraw = False
5.0207 	EXP 	text: foreColor = <psychopy.colors.Color: blue, alpha=1.0>
5.0207 	EXP 	text: height = np.float64(0.05)
5.0207 	EXP 	text: height = np.float64(0.05)
5.0207 	EXP 	text: height = np.float64(0.05)
5.0207 	EXP 	text: text = 'RED'
5.0207 	EXP 	fixation: autoDraw = True
5.1399 	EXP 	Device response: <KeyPress from None: t=4.999901500006672, value=r, duration=0.13672469998709857>
5.5058 	INFO 	Keyboard events cleared
5.5057 	EXP 	fixation: autoDraw = False
5.5057 	EXP 	text: autoDraw = True
7.0230 	EXP 	Device response: <KeyPress from None: t=7.013750299985986, value=b, duration=None>
7.0233 	EXP 	New trial (rep=1, index=0): <Trial 4 (0 in rep 1) data={'word': 'RED', 'colour': 'red', 'stimulus_condition': 'C', 'correct_response': 'r', 'thisN': 4, 'thisTrialN': 0, 'thisRepN': 1}>
7.0245 	DATA 	Keypress: b
7.0392 	EXP 	fixation: autoDraw = False
7.0392 	EXP 	text: autoDraw = False
7.0392 	EXP 	text: foreColor = <psychopy.colors.Color: red, alpha=1.0>
7.0392 	EXP 	text: text = 'RED'
7.0392 	EXP 	fixation: autoDraw = True
7.1565 	EXP 	Device response: <KeyPress from None: t=7.013750299985986, value=b, duration=0.14139290002640337>
7.5233 	INFO 	Keyboard events cleared
7.5231 	EXP 	fixation: autoDraw = False
7.5231 	EXP 	text: autoDraw = True
8.3240 	EXP 	Device response: <KeyPress from None: t=8.311506099998951, value=r, duration=None>
8.3244 	EXP 	New trial (rep=1, index=1): <Trial 5 (1 in rep 1) data={'word': 'BLUE', 'colour': 'blue', 'stimulus_condition': 'C', 'correct_response': 'b', 'thisN': 5, 'thisTrialN': 1, 'thisRepN': 1}>
8.3275 	DATA 	Keypress: r
8.3395 	EXP 	fixation: autoDraw = False
8.3395 	EXP 	text: autoDraw = False
8.3395 	EXP 	text: foreColor = <psychopy.colors.Color: blue, alpha=1.0>
8.3395 	EXP 	text: height = np.float64(0.05)
8.3395 	EXP 	text: height = np.float64(0.05)
8.3395 	EXP 	text: height = np.float64(0.05)
8.3395 	EXP 	text: text = 'BLUE'
8.3395 	EXP 	fixation: autoDraw = True
8.4398 	EXP 	Device response: <KeyPress from None: t=8.311506099998951, value=r, duration=0.1275002000038512>
8.8397 	INFO 	Keyboard events cleared
8.8395 	EXP 	fixation: autoDraw = False
8.8395 	EXP 	text: autoDraw = True
9.6076 	EXP 	Device response: <KeyPress from None: t=9.603526699997019, value=b, duration=None>
9.6080 	EXP 	New trial (rep=1, index=2): <Trial 6 (2 in rep 1) data={'word': 'RED', 'colour': 'blue', 'stimulus_condition': 'I', 'correct_response': 'b', 'thisN': 6, 'thisTrialN': 2, 'thisRepN': 1}>
9.6114 	DATA 	Keypress: b
9.6228 	EXP 	fixation: autoDraw = False
9.6228 	EXP 	text: autoDraw = False
9.6228 	EXP 	text: foreColor = <psychopy.colors.Color: blue, alpha=1.0>
9.6228 	EXP 	text: height = np.float64(0.05)
9.6228 	EXP 	text: height = np.float64(0.05)
9.6228 	EXP 	text: height = np.float64(0.05)
9.6228 	EXP 	text: text = 'RED'
9.6228 	EXP 	fixation: autoDraw = True
9.7558 	EXP 	Device response: <KeyPress from None: t=9.603526699997019, value=b, duration=0.13686769997002557>
10.1230 	INFO 	Keyboard events cleared
10.1228 	EXP 	fixation: autoDraw = False
10.1228 	EXP 	text: autoDraw = True
11.0065 	EXP 	Device response: <KeyPress from None: t=11.00543869996909, value=b, duration=None>
11.0068 	EXP 	New trial (rep=1, index=3): <Trial 7 (3 in rep 1) data={'word': 'BLUE', 'colour': 'red', 'stimulus_condition': 'I', 'correct_response': 'r', 'thisN': 7, 'thisTrialN': 3, 'thisRepN': 1}>
11.0103 	DATA 	Keypress: b
11.0233 	EXP 	fixation: autoDraw = False
11.0233 	EXP 	text: autoDraw = False
11.0233 	EXP 	text: foreColor = <psychopy.colors.Color: red, alpha=1.0>
11.0233 	EXP 	text: height = np.float64(0.05)
11.0233 	EXP 	text: height = np.float64(0.05)
11.0233 	EXP 	text: height = np.float64(0.05)
11.0233 	EXP 	text: text = 'BLUE'
11.0233 	EXP 	fixation: autoDraw = True
11.1732 	EXP 	Device response: <KeyPress from None: t=11.00543869996909, value=b, duration=0.15224010002566501>
11.5067 	INFO 	Keyboard events cleared
11.5066 	EXP 	fixation: autoDraw = False
11.5066 	EXP 	text: autoDraw = True
12.2743 	DATA 	Keypress: r
12.2903 	EXP 	Device response: <KeyPress from None: t=12.273626499983948, value=r, duration=None>
12.2905 	EXP 	New trial (rep=2, index=0): <Trial 8 (0 in rep 2) data={'word': 'BLUE', 'colour': 'red', 'stimulus_condition': 'I', 'correct_response': 'r', 'thisN': 8, 'thisTrialN': 0, 'thisRepN': 2}>
12.3061 	EXP 	fixation: autoDraw = False
12.3061 	EXP 	text: autoDraw = False
12.3061 	EXP 	text: foreColor = <psychopy.colors.Color: red, alpha=1.0>
12.3061 	EXP 	text: text = 'BLUE'
12.3061 	EXP 	fixation: autoDraw = True
12.3893 	EXP 	Device response: <KeyPress from None: t=12.273626499983948, value=r, duration=0.11187470000004396>
12.7901 	INFO 	Keyboard events cleared
12.7899 	EXP 	fixation: autoDraw = False
12.7899 	EXP 	text: autoDraw = True
13.4071 	EXP 	Device response: <KeyPress from None: t=13.39406689995667, value=r, duration=None>
13.4074 	EXP 	New trial (rep=2, index=1): <Trial 9 (1 in rep 2) data={'word': 'BLUE', 'colour': 'blue', 'stimulus_condition': 'C', 'correct_response': 'b', 'thisN': 9, 'thisTrialN': 1, 'thisRepN': 2}>
13.4088 	DATA 	Keypress: r
13.4230 	EXP 	fixation: autoDraw = False
13.4230 	EXP 	text: autoDraw = False
13.4230 	EXP 	text: foreColor = <psychopy.colors.Color: blue, alpha=1.0>
13.4230 	EXP 	text: text = 'BLUE'
13.4230 	EXP 	fixation: autoDraw = True
13.5225 	EXP 	Device response: <KeyPress from None: t=13.39406689995667, value=r, duration=0.12418690003687516>
13.9232 	INFO 	Keyboard events cleared
13.9230 	EXP 	fixation: autoDraw = False
13.9230 	EXP 	text: autoDraw = True
14.5903 	EXP 	Device response: <KeyPress from None: t=14.575090199999977, value=b, duration=None>
14.5906 	EXP 	New trial (rep=2, index=2): <Trial 10 (2 in rep 2) data={'word': 'RED', 'colour': 'blue', 'stimulus_condition': 'I', 'correct_response': 'b', 'thisN': 10, 'thisTrialN': 2, 'thisRepN': 2}>
14.5935 	DATA 	Keypress: b
14.6061 	EXP 	fixation: autoDraw = False
14.6061 	EXP 	text: autoDraw = False
14.6061 	EXP 	text: foreColor = <psychopy.colors.Color: blue, alpha=1.0>
14.6061 	EXP 	text: height = np.float64(0.05)
14.6061 	EXP 	text: height = np.float64(0.05)
14.6061 	EXP 	text: height = np.float64(0.05)
14.6061 	EXP 	text: text = 'RED'
14.6061 	EXP 	fixation: autoDraw = True
14.7232 	EXP 	Device response: <KeyPress from None: t=14.575090199999977, value=b, duration=0.14704859995981678>
15.0893 	INFO 	Keyboard events cleared
15.0891 	EXP 	fixation: autoDraw = False
15.0891 	EXP 	text: autoDraw = True
16.7230 	EXP 	Device response: <KeyPress from None: t=16.707820200012065, value=b, duration=None>
16.7232 	EXP 	New trial (rep=2, index=3): <Trial 11 (3 in rep 2) data={'word': 'RED', 'colour': 'red', 'stimulus_condition': 'C', 'correct_response': 'r', 'thisN': 11, 'thisTrialN': 3, 'thisRepN': 2}>
16.7247 	DATA 	Keypress: b
16.7401 	EXP 	fixation: autoDraw = False
16.7401 	EXP 	text: autoDraw = False
16.7401 	EXP 	text: foreColor = <psychopy.colors.Color: red, alpha=1.0>
16.7401 	EXP 	text: text = 'RED'
16.7401 	EXP 	fixation: autoDraw = True
16.8738 	EXP 	Device response: <KeyPress from None: t=16.707820200012065, value=b, duration=0.15291149995755404>
17.2235 	INFO 	Keyboard events cleared
17.2233 	EXP 	fixation: autoDraw = False
17.2233 	EXP 	text: autoDraw = True
18.0061 	EXP 	Device response: <KeyPress from None: t=17.998358899960294, value=r, duration=None>
18.0064 	EXP 	New trial (rep=3, index=0): <Trial 12 (0 in rep 3) data={'word': 'BLUE', 'colour': 'blue', 'stimulus_condition': 'C', 'correct_response': 'b', 'thisN': 12, 'thisTrialN': 0, 'thisRepN': 3}>
18.0099 	DATA 	Keypress: r
18.0230 	EXP 	fixation: autoDraw = False
18.0230 	EXP 	text: autoDraw = False
18.0230 	EXP 	text: foreColor = <psychopy.colors.Color: blue, alpha=1.0>
18.0230 	EXP 	text: height = np.float64(0.05)
18.0230 	EXP 	text: height = np.float64(0.05)
18.0230 	EXP 	text: height = np.float64(0.05)
18.0230 	EXP 	text: text = 'BLUE'
18.0230 	EXP 	fixation: autoDraw = True
18.1066 	EXP 	Device response: <KeyPress from None: t=17.998358899960294, value=r, duration=0.09245120000559837>
18.5069 	INFO 	Keyboard events cleared
18.5067 	EXP 	fixation: autoDraw = False
18.5067 	EXP 	text: autoDraw = True
19.0238 	EXP 	Device response: <KeyPress from None: t=19.020861199998762, value=b, duration=None>
19.0241 	EXP 	New trial (rep=3, index=1): <Trial 13 (1 in rep 3) data={'word': 'RED', 'colour': 'red', 'stimulus_condition': 'C', 'correct_response': 'r', 'thisN': 13, 'thisTrialN': 1, 'thisRepN': 3}>
19.0277 	DATA 	Keypress: b
19.0399 	EXP 	fixation: autoDraw = False
19.0399 	EXP 	text: autoDraw = False
19.0399 	EXP 	text: foreColor = <psychopy.colors.Color: red, alpha=1.0>
19.0399 	EXP 	text: height = np.float64(0.05)
19.0399 	EXP 	text: height = np.float64(0.05)
19.0399 	EXP 	text: height = np.float64(0.05)
19.0399 	EXP 	text: text = 'RED'
19.0399 	EXP 	fixation: autoDraw = True
19.1568 	EXP 	Device response: <KeyPress from None: t=19.020861199998762, value=b, duration=0.12876250001136214>
19.5236 	INFO 	Keyboard events cleared
19.5234 	EXP 	fixation: autoDraw = False
19.5234 	EXP 	text: autoDraw = True
20.2068 	EXP 	Device response: <KeyPress from None: t=20.202132700011134, value=r, duration=None>
20.2072 	EXP 	New trial (rep=3, index=2): <Trial 14 (2 in rep 3) data={'word': 'BLUE', 'colour': 'red', 'stimulus_condition': 'I', 'correct_response': 'r', 'thisN': 14, 'thisTrialN': 2, 'thisRepN': 3}>
20.2105 	DATA 	Keypress: r
20.2235 	EXP 	fixation: autoDraw = False
20.2235 	EXP 	text: autoDraw = False
20.2235 	EXP 	text: foreColor = <psychopy.colors.Color: red, alpha=1.0>
20.2235 	EXP 	text: height = np.float64(0.05)
20.2235 	EXP 	text: height = np.float64(0.05)
20.2235 	EXP 	text: height = np.float64(0.05)
20.2235 	EXP 	text: text = 'BLUE'
20.2235 	EXP 	fixation: autoDraw = True
20.3566 	EXP 	Device response: <KeyPress from None: t=20.202132700011134, value=r, duration=0.15333029994508252>
20.7066 	INFO 	Keyboard events cleared
20.7064 	EXP 	fixation: autoDraw = False
20.7064 	EXP 	text: autoDraw = True
21.3241 	EXP 	Device response: <KeyPress from None: t=21.32382079999661, value=r, duration=None>
21.3252 	DATA 	Keypress: r
21.3398 	EXP 	New trial (rep=3, index=3): <Trial 15 (3 in rep 3) data={'word': 'RED', 'colour': 'blue', 'stimulus_condition': 'I', 'correct_response': 'b', 'thisN': 15, 'thisTrialN': 3, 'thisRepN': 3}>
21.3560 	EXP 	fixation: autoDraw = False
21.3560 	EXP 	text: autoDraw = False
21.3560 	EXP 	text: foreColor = <psychopy.colors.Color: blue, alpha=1.0>
21.3560 	EXP 	text: height = np.float64(0.05)
21.3560 	EXP 	text: height = np.float64(0.05)
21.3560 	EXP 	text: height = np.float64(0.05)
21.3560 	EXP 	text: text = 'RED'
21.3560 	EXP 	fixation: autoDraw = True
21.4904 	EXP 	Device response: <KeyPress from None: t=21.32382079999661, value=r, duration=0.1517403000034392>
21.8399 	INFO 	Keyboard events cleared
21.8397 	EXP 	fixation: autoDraw = False
21.8397 	EXP 	text: autoDraw = True
22.3409 	EXP 	Device response: <KeyPress from None: t=22.328826199984178, value=b, duration=None>
22.3411 	EXP 	New trial (rep=4, index=0): <Trial 16 (0 in rep 4) data={'word': 'RED', 'colour': 'blue', 'stimulus_condition': 'I', 'correct_response': 'b', 'thisN': 16, 'thisTrialN': 0, 'thisRepN': 4}>
22.3424 	DATA 	Keypress: b
22.3564 	EXP 	fixation: autoDraw = False
22.3564 	EXP 	text: autoDraw = False
22.3564 	EXP 	text: foreColor = <psychopy.colors.Color: blue, alpha=1.0>
22.3564 	EXP 	text: text = 'RED'
22.3564 	EXP 	fixation: autoDraw = True
22.4569 	EXP 	Device response: <KeyPress from None: t=22.328826199984178, value=b, duration=0.12648049998097122>
22.8403 	INFO 	Keyboard events cleared
22.8401 	EXP 	fixation: autoDraw = False
22.8401 	EXP 	text: autoDraw = True
23.4907 	EXP 	Device response: <KeyPress from None: t=23.48044779995689, value=b, duration=None>
23.4910 	EXP 	New trial (rep=4, index=1): <Trial 17 (1 in rep 4) data={'word': 'RED', 'colour': 'red', 'stimulus_condition': 'C', 'correct_response': 'r', 'thisN': 17, 'thisTrialN': 1, 'thisRepN': 4}>
23.4923 	DATA 	Keypress: b
23.5069 	EXP 	fixation: autoDraw = False
23.5069 	EXP 	text: autoDraw = False
23.5069 	EXP 	text: foreColor = <psychopy.colors.Color: red, alpha=1.0>
23.5069 	EXP 	text: text = 'RED'
23.5069 	EXP 	fixation: autoDraw = True
23.6572 	EXP 	Device response: <KeyPress from None: t=23.48044779995689, value=b, duration=0.16701700002886355>
23.9899 	INFO 	Keyboard events cleared
23.9897 	EXP 	fixation: autoDraw = False
23.9897 	EXP 	text: autoDraw = True
24.8902 	EXP 	Device response: <KeyPress from None: t=24.88824780000141, value=r, duration=None>
24.8905 	EXP 	New trial (rep=4, index=2): <Trial 18 (2 in rep 4) data={'word': 'BLUE', 'colour': 'blue', 'stimulus_condition': 'C', 'correct_response': 'b', 'thisN': 18, 'thisTrialN': 2, 'thisRepN': 4}>
24.8934 	DATA 	Keypress: r
24.9066 	EXP 	fixation: autoDraw = False
24.9066 	EXP 	text: autoDraw = False
24.9066 	EXP 	text: foreColor = <psychopy.colors.Color: blue, alpha=1.0>
24.9066 	EXP 	text: height = np.float64(0.05)
24.9066 	EXP 	text: height = np.float64(0.05)
24.9066 	EXP 	text: height = np.float64(0.05)
24.9066 	EXP 	text: text = 'BLUE'
24.9066 	EXP 	fixation: autoDraw = True
25.0235 	EXP 	Device response: <KeyPress from None: t=24.88824780000141, value=r, duration=0.1235224999836646>
25.3900 	INFO 	Keyboard events cleared
25.3898 	EXP 	fixation: autoDraw = False
25.3898 	EXP 	text: autoDraw = True
26.2235 	EXP 	Device response: <KeyPress from None: t=26.22204049996799, value=b, duration=None>
26.2238 	EXP 	New trial (rep=4, index=3): <Trial 19 (3 in rep 4) data={'word': 'BLUE', 'colour': 'red', 'stimulus_condition': 'I', 'correct_response': 'r', 'thisN': 19, 'thisTrialN': 3, 'thisRepN': 4}>
26.2253 	DATA 	Keypress: b
26.2405 	EXP 	fixation: autoDraw = False
26.2405 	EXP 	text: autoDraw = False
26.2405 	EXP 	text: foreColor = <psychopy.colors.Color: red, alpha=1.0>
26.2405 	EXP 	text: text = 'BLUE'
26.2405 	EXP 	fixation: autoDraw = True
26.3741 	EXP 	Device response: <KeyPress from None: t=26.22204049996799, value=b, duration=0.14066670002648607>
26.7237 	INFO 	Keyboard events cleared
26.7235 	EXP 	fixation: autoDraw = False
26.7235 	EXP 	text: autoDraw = True
27.8053 	EXP 	Device response: <KeyPress from None: t=27.790685199957807, value=r, duration=None>
27.8056 	EXP 	New trial (rep=5, index=0): <Trial 20 (0 in rep 5) data={'word': 'BLUE', 'colour': 'red', 'stimulus_condition': 'I', 'correct_response': 'r', 'thisN': 20, 'thisTrialN': 0, 'thisRepN': 5}>
27.8071 	DATA 	Keypress: r
27.8218 	EXP 	fixation: autoDraw = False
27.8218 	EXP 	text: autoDraw = False
27.8218 	EXP 	text: foreColor = <psychopy.colors.Color: red, alpha=1.0>
27.8218 	EXP 	text: text = 'BLUE'
27.8218 	EXP 	fixation: autoDraw = True
27.9225 	EXP 	Device response: <KeyPress from None: t=27.790685199957807, value=r, duration=0.11561999999685213>
28.3046 	INFO 	Keyboard events cleared
28.3045 	EXP 	fixation: autoDraw = False
28.3045 	EXP 	text: autoDraw = True
28.9217 	EXP 	Device response: <KeyPress from None: t=28.915049600007478, value=r, duration=None>
28.9219 	EXP 	New trial (rep=5, index=1): <Trial 21 (1 in rep 5) data={'word': 'BLUE', 'colour': 'blue', 'stimulus_condition': 'C', 'correct_response': 'b', 'thisN': 21, 'thisTrialN': 1, 'thisRepN': 5}>
28.9230 	DATA 	Keypress: r
28.9375 	EXP 	fixation: autoDraw = False
28.9375 	EXP 	text: autoDraw = False
28.9375 	EXP 	text: foreColor = <psychopy.colors.Color: blue, alpha=1.0>
28.9375 	EXP 	text: text = 'BLUE'
28.9375 	EXP 	fixation: autoDraw = True
29.0551 	EXP 	Device response: <KeyPress from None: t=28.915049600007478, value=r, duration=0.12690559995826334>
29.4218 	INFO 	Keyboard events cleared
29.4217 	EXP 	fixation: autoDraw = False
29.4217 	EXP 	text: autoDraw = True
30.4376 	EXP 	Device response: <KeyPress from None: t=30.423422099964228, value=b, duration=None>
30.4378 	EXP 	New trial (rep=5, index=2): <Trial 22 (2 in rep 5) data={'word': 'RED', 'colour': 'blue', 'stimulus_condition': 'I', 'correct_response': 'b', 'thisN': 22, 'thisTrialN': 2, 'thisRepN': 5}>
30.4406 	DATA 	Keypress: b
30.4550 	EXP 	fixation: autoDraw = False
30.4550 	EXP 	text: autoDraw = False
30.4550 	EXP 	text: foreColor = <psychopy.colors.Color: blue, alpha=1.0>
30.4550 	EXP 	text: height = np.float64(0.05)
30.4550 	EXP 	text: height = np.float64(0.05)
30.4550 	EXP 	text: height = np.float64(0.05)
30.4550 	EXP 	text: text = 'RED'
30.4550 	EXP 	fixation: autoDraw = True
30.5552 	EXP 	Device response: <KeyPress from None: t=30.423422099964228, value=b, duration=0.11646420002216473>
30.9373 	INFO 	Keyboard events cleared
30.9372 	EXP 	fixation: autoDraw = False
30.9372 	EXP 	text: autoDraw = True
31.5376 	EXP 	Device response: <KeyPress from None: t=31.53462109999964, value=b, duration=None>
31.5378 	EXP 	New trial (rep=5, index=3): <Trial 23 (3 in rep 5) data={'word': 'RED', 'colour': 'red', 'stimulus_condition': 'C', 'correct_response': 'r', 'thisN': 23, 'thisTrialN': 3, 'thisRepN': 5}>
31.5388 	DATA 	Keypress: b
31.5548 	EXP 	fixation: autoDraw = False
31.5548 	EXP 	text: autoDraw = False
31.5548 	EXP 	text: foreColor = <psychopy.colors.Color: red, alpha=1.0>
31.5548 	EXP 	text: text = 'RED'
31.5548 	EXP 	fixation: autoDraw = True
31.6376 	EXP 	Device response: <KeyPress from None: t=31.53462109999964, value=b, duration=0.09637579997070134>
32.0399 	INFO 	Keyboard events cleared
32.0398 	EXP 	fixation: autoDraw = False
32.0398 	EXP 	text: autoDraw = True
32.6573 	EXP 	Device response: <KeyPress from None: t=32.646992499998305, value=r, duration=None>
32.6576 	EXP 	New trial (rep=6, index=0): <Trial 24 (0 in rep 6) data={'word': 'BLUE', 'colour': 'blue', 'stimulus_condition': 'C', 'correct_response': 'b', 'thisN': 24, 'thisTrialN': 0, 'thisRepN': 6}>
32.6605 	DATA 	Keypress: r
32.6729 	EXP 	fixation: autoDraw = False
32.6729 	EXP 	text: autoDraw = False
32.6729 	EXP 	text: foreColor = <psychopy.colors.Color: blue, alpha=1.0>
32.6729 	EXP 	text: height = np.float64(0.05)
32.6729 	EXP 	text: height = np.float64(0.05)
32.6729 	EXP 	text: height = np.float64(0.05)
32.6729 	EXP 	text: text = 'BLUE'
32.6729 	EXP 	fixation: autoDraw = True
32.7742 	EXP 	Device response: <KeyPress from None: t=32.646992499998305, value=r, duration=0.11064889997942373>
33.1557 	INFO 	Keyboard events cleared
33.1555 	EXP 	fixation: autoDraw = False
33.1555 	EXP 	text: autoDraw = True
34.1911 	EXP 	Device response: <KeyPress from None: t=34.18038069998147, value=b, duration=None>
34.1916 	EXP 	New trial (rep=6, index=1): <Trial 25 (1 in rep 6) data={'word': 'RED', 'colour': 'red', 'stimulus_condition': 'C', 'correct_response': 'r', 'thisN': 25, 'thisTrialN': 1, 'thisRepN': 6}>
34.1949 	DATA 	Keypress: b
34.2072 	EXP 	fixation: autoDraw = False
34.2072 	EXP 	text: autoDraw = False
34.2072 	EXP 	text: foreColor = <psychopy.colors.Color: red, alpha=1.0>
34.2072 	EXP 	text: height = np.float64(0.05)
34.2072 	EXP 	text: height = np.float64(0.05)
34.2072 	EXP 	text: height = np.float64(0.05)
34.2072 	EXP 	text: text = 'RED'
34.2072 	EXP 	fixation: autoDraw = True
34.3238 	EXP 	Device response: <KeyPress from None: t=34.18038069998147, value=b, duration=0.140987100021448>
34.7064 	INFO 	Keyboard events cleared
34.7063 	EXP 	fixation: autoDraw = False
34.7063 	EXP 	text: autoDraw = True
36.1085 	DATA 	Keypress: r
36.1230 	EXP 	Device response: <KeyPress from None: t=36.10781789995963, value=r, duration=None>
36.1233 	EXP 	New trial (rep=6, index=2): <Trial 26 (2 in rep 6) data={'word': 'RED', 'colour': 'blue', 'stimulus_condition': 'I', 'correct_response': 'b', 'thisN': 26, 'thisTrialN': 2, 'thisRepN': 6}>
36.1407 	EXP 	fixation: autoDraw = False
36.1407 	EXP 	text: autoDraw = False
36.1407 	EXP 	text: foreColor = <psychopy.colors.Color: blue, alpha=1.0>
36.1407 	EXP 	text: text = 'RED'
36.1407 	EXP 	fixation: autoDraw = True
36.2226 	EXP 	Device response: <KeyPress from None: t=36.10781789995963, value=r, duration=0.11163940001279116>
36.6234 	INFO 	Keyboard events cleared
36.6233 	EXP 	fixation: autoDraw = False
36.6233 	EXP 	text: autoDraw = True
37.8391 	EXP 	Device response: <KeyPress from None: t=37.830314599967096, value=b, duration=None>
37.8394 	EXP 	New trial (rep=6, index=3): <Trial 27 (3 in rep 6) data={'word': 'BLUE', 'colour': 'red', 'stimulus_condition': 'I', 'correct_response': 'r', 'thisN': 27, 'thisTrialN': 3, 'thisRepN': 6}>
37.8449 	DATA 	Keypress: b
37.8553 	EXP 	fixation: autoDraw = False
37.8553 	EXP 	text: autoDraw = False
37.8553 	EXP 	text: foreColor = <psychopy.colors.Color: red, alpha=1.0>
37.8553 	EXP 	text: height = np.float64(0.05)
37.8553 	EXP 	text: height = np.float64(0.05)
37.8553 	EXP 	text: height = np.float64(0.05)
37.8553 	EXP 	text: text = 'BLUE'
37.8553 	EXP 	fixation: autoDraw = True
37.9570 	EXP 	Device response: <KeyPress from None: t=37.830314599967096, value=b, duration=0.11100080003961921>
38.3407 	INFO 	Keyboard events cleared
38.3406 	EXP 	fixation: autoDraw = False
38.3406 	EXP 	text: autoDraw = True
39.9759 	EXP 	Device response: <KeyPress from None: t=39.97274880000623, value=r, duration=None>
39.9761 	EXP 	New trial (rep=7, index=0): <Trial 28 (0 in rep 7) data={'word': 'BLUE', 'colour': 'red', 'stimulus_condition': 'I', 'correct_response': 'r', 'thisN': 28, 'thisTrialN': 0, 'thisRepN': 7}>
39.9773 	DATA 	Keypress: r
39.9896 	EXP 	fixation: autoDraw = False
39.9896 	EXP 	text: autoDraw = False
39.9896 	EXP 	text: foreColor = <psychopy.colors.Color: red, alpha=1.0>
39.9896 	EXP 	text: text = 'BLUE'
39.9896 	EXP 	fixation: autoDraw = True
40.1068 	EXP 	Device response: <KeyPress from None: t=39.97274880000623, value=r, duration=0.12082059995736927>
40.4907 	INFO 	Keyboard events cleared
40.4905 	EXP 	fixation: autoDraw = False
40.4905 	EXP 	text: autoDraw = True
41.1915 	DATA 	Keypress: r
41.2079 	EXP 	Device response: <KeyPress from None: t=41.19073869998101, value=r, duration=None>
41.2084 	EXP 	New trial (rep=7, index=1): <Trial 29 (1 in rep 7) data={'word': 'BLUE', 'colour': 'blue', 'stimulus_condition': 'C', 'correct_response': 'b', 'thisN': 29, 'thisTrialN': 1, 'thisRepN': 7}>
41.2234 	EXP 	fixation: autoDraw = False
41.2234 	EXP 	text: autoDraw = False
41.2234 	EXP 	text: foreColor = <psychopy.colors.Color: blue, alpha=1.0>
41.2234 	EXP 	text: text = 'BLUE'
41.2234 	EXP 	fixation: autoDraw = True
41.3398 	EXP 	Device response: <KeyPress from None: t=41.19073869998101, value=r, duration=0.1348491000244394>
41.7069 	INFO 	Keyboard events cleared
41.7068 	EXP 	fixation: autoDraw = False
41.7068 	EXP 	text: autoDraw = True
42.3573 	EXP 	Device response: <KeyPress from None: t=42.35570610000286, value=b, duration=None>
42.3575 	EXP 	New trial (rep=7, index=2): <Trial 30 (2 in rep 7) data={'word': 'RED', 'colour': 'blue', 'stimulus_condition': 'I', 'correct_response': 'b', 'thisN': 30, 'thisTrialN': 2, 'thisRepN': 7}>
42.3602 	DATA 	Keypress: b
42.3736 	EXP 	fixation: autoDraw = False
42.3736 	EXP 	text: autoDraw = False
42.3736 	EXP 	text: foreColor = <psychopy.colors.Color: blue, alpha=1.0>
42.3736 	EXP 	text: height = np.float64(0.05)
42.3736 	EXP 	text: height = np.float64(0.05)
42.3736 	EXP 	text: height = np.float64(0.05)
42.3736 	EXP 	text: text = 'RED'
42.3736 	EXP 	fixation: autoDraw = True
42.5239 	EXP 	Device response: <KeyPress from None: t=42.35570610000286, value=b, duration=0.16747489996487275>
42.8575 	INFO 	Keyboard events cleared
42.8573 	EXP 	fixation: autoDraw = False
42.8573 	EXP 	text: autoDraw = True
43.7906 	EXP 	Device response: <KeyPress from None: t=43.788666300009936, value=b, duration=None>
43.7908 	EXP 	New trial (rep=7, index=3): <Trial 31 (3 in rep 7) data={'word': 'RED', 'colour': 'red', 'stimulus_condition': 'C', 'correct_response': 'r', 'thisN': 31, 'thisTrialN': 3, 'thisRepN': 7}>
43.7922 	DATA 	Keypress: b
43.8064 	EXP 	fixation: autoDraw = False
43.8064 	EXP 	text: autoDraw = False
43.8064 	EXP 	text: foreColor = <psychopy.colors.Color: red, alpha=1.0>
43.8064 	EXP 	text: text = 'RED'
43.8064 	EXP 	fixation: autoDraw = True
43.9737 	EXP 	Device response: <KeyPress from None: t=43.788666300009936, value=b, duration=0.17178879998391494>
44.2904 	INFO 	Keyboard events cleared
44.2902 	EXP 	fixation: autoDraw = False
44.2902 	EXP 	text: autoDraw = True
45.1241 	EXP 	Device response: <KeyPress from None: t=45.11341980000725, value=r, duration=None>
45.1244 	EXP 	New trial (rep=8, index=0): <Trial 32 (0 in rep 8) data={'word': 'BLUE', 'colour': 'blue', 'stimulus_condition': 'C', 'correct_response': 'b', 'thisN': 32, 'thisTrialN': 0, 'thisRepN': 8}>
45.1274 	DATA 	Keypress: r
45.1402 	EXP 	fixation: autoDraw = False
45.1402 	EXP 	text: autoDraw = False
45.1402 	EXP 	text: foreColor = <psychopy.colors.Color: blue, alpha=1.0>
45.1402 	EXP 	text: height = np.float64(0.05)
45.1402 	EXP 	text: height = np.float64(0.05)
45.1402 	EXP 	text: height = np.float64(0.05)
45.1402 	EXP 	text: text = 'BLUE'
45.1402 	EXP 	fixation: autoDraw = True
45.2407 	EXP 	Device response: <KeyPress from None: t=45.11341980000725, value=r, duration=0.11401249998016283>
45.6400 	INFO 	Keyboard events cleared
45.6398 	EXP 	fixation: autoDraw = False
45.6398 	EXP 	text: autoDraw = True
46.6574 	EXP 	Device response: <KeyPress from None: t=46.65544399997452, value=b, duration=None>
46.6577 	EXP 	New trial (rep=8, index=1): <Trial 33 (1 in rep 8) data={'word': 'RED', 'colour': 'red', 'stimulus_condition': 'C', 'correct_response': 'r', 'thisN': 33, 'thisTrialN': 1, 'thisRepN': 8}>
46.6608 	DATA 	Keypress: b
46.6738 	EXP 	fixation: autoDraw = False
46.6738 	EXP 	text: autoDraw = False
46.6738 	EXP 	text: foreColor = <psychopy.colors.Color: red, alpha=1.0>
46.6738 	EXP 	text: height = np.float64(0.05)
46.6738 	EXP 	text: height = np.float64(0.05)
46.6738 	EXP 	text: height = np.float64(0.05)
46.6738 	EXP 	text: text = 'RED'
46.6738 	EXP 	fixation: autoDraw = True
46.8561 	EXP 	Device response: <KeyPress from None: t=46.65544399997452, value=b, duration=0.18568699999013916>
47.1735 	INFO 	Keyboard events cleared
47.1733 	EXP 	fixation: autoDraw = False
47.1733 	EXP 	text: autoDraw = True
47.8420 	DATA 	Keypress: r
47.8576 	EXP 	Device response: <KeyPress from None: t=47.84191269997973, value=r, duration=None>
47.8579 	EXP 	New trial (rep=8, index=2): <Trial 34 (2 in rep 8) data={'word': 'RED', 'colour': 'blue', 'stimulus_condition': 'I', 'correct_response': 'b', 'thisN': 34, 'thisTrialN': 2, 'thisRepN': 8}>
47.8724 	EXP 	fixation: autoDraw = False
47.8724 	EXP 	text: autoDraw = False
47.8724 	EXP 	text: foreColor = <psychopy.colors.Color: blue, alpha=1.0>
47.8724 	EXP 	text: text = 'RED'
47.8724 	EXP 	fixation: autoDraw = True
47.9898 	EXP 	Device response: <KeyPress from None: t=47.84191269997973, value=r, duration=0.13289399998029694>
48.3732 	INFO 	Keyboard events cleared
48.3731 	EXP 	fixation: autoDraw = False
48.3731 	EXP 	text: autoDraw = True
49.4080 	EXP 	Device response: <KeyPress from None: t=49.39129860000685, value=b, duration=None>
49.4084 	EXP 	New trial (rep=8, index=3): <Trial 35 (3 in rep 8) data={'word': 'BLUE', 'colour': 'red', 'stimulus_condition': 'I', 'correct_response': 'r', 'thisN': 35, 'thisTrialN': 3, 'thisRepN': 8}>
49.4114 	DATA 	Keypress: b
49.4242 	EXP 	fixation: autoDraw = False
49.4242 	EXP 	text: autoDraw = False
49.4242 	EXP 	text: foreColor = <psychopy.colors.Color: red, alpha=1.0>
49.4242 	EXP 	text: height = np.float64(0.05)
49.4242 	EXP 	text: height = np.float64(0.05)
49.4242 	EXP 	text: height = np.float64(0.05)
49.4242 	EXP 	text: text = 'BLUE'
49.4242 	EXP 	fixation: autoDraw = True
49.4908 	EXP 	Device response: <KeyPress from None: t=49.39129860000685, value=b, duration=0.08561309997458011>
49.9238 	INFO 	Keyboard events cleared
49.9237 	EXP 	fixation: autoDraw = False
49.9237 	EXP 	text: autoDraw = True
51.6579 	EXP 	Device response: <KeyPress from None: t=51.64294140000129, value=r, duration=None>
51.6581 	EXP 	New trial (rep=9, index=0): <Trial 36 (0 in rep 9) data={'word': 'BLUE', 'colour': 'blue', 'stimulus_condition': 'C', 'correct_response': 'b', 'thisN': 36, 'thisTrialN': 0, 'thisRepN': 9}>
51.6593 	DATA 	Keypress: r
51.6732 	EXP 	fixation: autoDraw = False
51.6732 	EXP 	text: autoDraw = False
51.6732 	EXP 	text: foreColor = <psychopy.colors.Color: blue, alpha=1.0>
51.6732 	EXP 	text: text = 'BLUE'
51.6732 	EXP 	fixation: autoDraw = True
51.7568 	EXP 	Device response: <KeyPress from None: t=51.64294140000129, value=r, duration=0.10588349995668977>
52.3078 	INFO 	Keyboard events cleared
52.3076 	EXP 	fixation: autoDraw = False
52.3076 	EXP 	text: autoDraw = True
53.5067 	EXP 	Device response: <KeyPress from None: t=53.50296779995551, value=b, duration=None>
53.5071 	EXP 	New trial (rep=9, index=1): <Trial 37 (1 in rep 9) data={'word': 'RED', 'colour': 'red', 'stimulus_condition': 'C', 'correct_response': 'r', 'thisN': 37, 'thisTrialN': 1, 'thisRepN': 9}>
53.5103 	DATA 	Keypress: b
53.5242 	EXP 	fixation: autoDraw = False
53.5242 	EXP 	text: autoDraw = False
53.5242 	EXP 	text: foreColor = <psychopy.colors.Color: red, alpha=1.0>
53.5242 	EXP 	text: height = np.float64(0.05)
53.5242 	EXP 	text: height = np.float64(0.05)
53.5242 	EXP 	text: height = np.float64(0.05)
53.5242 	EXP 	text: text = 'RED'
53.5242 	EXP 	fixation: autoDraw = True
53.6079 	EXP 	Device response: <KeyPress from None: t=53.50296779995551, value=b, duration=0.09445980004966259>
54.0076 	INFO 	Keyboard events cleared
54.0074 	EXP 	fixation: autoDraw = False
54.0074 	EXP 	text: autoDraw = True
54.7241 	EXP 	Device response: <KeyPress from None: t=54.70994430000428, value=r, duration=None>
54.7243 	EXP 	New trial (rep=9, index=2): <Trial 38 (2 in rep 9) data={'word': 'RED', 'colour': 'blue', 'stimulus_condition': 'I', 'correct_response': 'b', 'thisN': 38, 'thisTrialN': 2, 'thisRepN': 9}>
54.7256 	DATA 	Keypress: r
54.7409 	EXP 	fixation: autoDraw = False
54.7409 	EXP 	text: autoDraw = False
54.7409 	EXP 	text: foreColor = <psychopy.colors.Color: blue, alpha=1.0>
54.7409 	EXP 	text: text = 'RED'
54.7409 	EXP 	fixation: autoDraw = True
54.8404 	EXP 	Device response: <KeyPress from None: t=54.70994430000428, value=r, duration=0.1266131000011228>
55.2242 	INFO 	Keyboard events cleared
55.2241 	EXP 	fixation: autoDraw = False
55.2241 	EXP 	text: autoDraw = True
56.4073 	EXP 	Device response: <KeyPress from None: t=56.39911259996006, value=b, duration=None>
56.4076 	EXP 	New trial (rep=9, index=3): <Trial 39 (3 in rep 9) data={'word': 'BLUE', 'colour': 'red', 'stimulus_condition': 'I', 'correct_response': 'r', 'thisN': 39, 'thisTrialN': 3, 'thisRepN': 9}>
56.4115 	DATA 	Keypress: b
56.4238 	EXP 	fixation: autoDraw = False
56.4238 	EXP 	text: autoDraw = False
56.4238 	EXP 	text: foreColor = <psychopy.colors.Color: red, alpha=1.0>
56.4238 	EXP 	text: height = np.float64(0.05)
56.4238 	EXP 	text: height = np.float64(0.05)
56.4238 	EXP 	text: height = np.float64(0.05)
56.4238 	EXP 	text: text = 'BLUE'
56.4238 	EXP 	fixation: autoDraw = True
56.5409 	EXP 	Device response: <KeyPress from None: t=56.39911259996006, value=b, duration=0.12800290004815906>
56.9072 	INFO 	Keyboard events cleared
56.9070 	EXP 	fixation: autoDraw = False
56.9070 	EXP 	text: autoDraw = True
58.3078 	EXP 	Device response: <KeyPress from None: t=58.30638349999208, value=r, duration=None>
58.3082 	EXP 	New trial (rep=10, index=0): <Trial 40 (0 in rep 10) data={'word': 'RED', 'colour': 'blue', 'stimulus_condition': 'I', 'correct_response': 'b', 'thisN': 40, 'thisTrialN': 0, 'thisRepN': 10}>
58.3121 	DATA 	Keypress: r
58.3241 	EXP 	fixation: autoDraw = False
58.3241 	EXP 	text: autoDraw = False
58.3241 	EXP 	text: foreColor = <psychopy.colors.Color: blue, alpha=1.0>
58.3241 	EXP 	text: height = np.float64(0.05)
58.3241 	EXP 	text: height = np.float64(0.05)
58.3241 	EXP 	text: height = np.float64(0.05)
58.3241 	EXP 	text: text = 'RED'
58.3241 	EXP 	fixation: autoDraw = True
58.4737 	EXP 	Device response: <KeyPress from None: t=58.30638349999208, value=r, duration=0.15096890000859275>
58.8240 	INFO 	Keyboard events cleared
58.8239 	EXP 	fixation: autoDraw = False
58.8239 	EXP 	text: autoDraw = True
59.9570 	EXP 	Device response: <KeyPress from None: t=59.94965639995644, value=b, duration=None>
59.9575 	EXP 	New trial (rep=10, index=1): <Trial 41 (1 in rep 10) data={'word': 'BLUE', 'colour': 'blue', 'stimulus_condition': 'C', 'correct_response': 'b', 'thisN': 41, 'thisTrialN': 1, 'thisRepN': 10}>
59.9604 	DATA 	Keypress: b
59.9729 	EXP 	fixation: autoDraw = False
59.9729 	EXP 	text: autoDraw = False
59.9729 	EXP 	text: foreColor = <psychopy.colors.Color: blue, alpha=1.0>
59.9729 	EXP 	text: height = np.float64(0.05)
59.9729 	EXP 	text: height = np.float64(0.05)
59.9729 	EXP 	text: height = np.float64(0.05)
59.9729 	EXP 	text: text = 'BLUE'
59.9729 	EXP 	fixation: autoDraw = True
60.1250 	EXP 	Device response: <KeyPress from None: t=59.94965639995644, value=b, duration=0.157864700013306>
60.4572 	INFO 	Keyboard events cleared
60.4571 	EXP 	fixation: autoDraw = False
60.4571 	EXP 	text: autoDraw = True
61.3917 	EXP 	Device response: <KeyPress from None: t=61.383515599998645, value=b, duration=None>
61.3920 	EXP 	New trial (rep=10, index=2): <Trial 42 (2 in rep 10) data={'word': 'RED', 'colour': 'red', 'stimulus_condition': 'C', 'correct_response': 'r', 'thisN': 42, 'thisTrialN': 2, 'thisRepN': 10}>
61.3954 	DATA 	Keypress: b
61.4072 	EXP 	fixation: autoDraw = False
61.4072 	EXP 	text: autoDraw = False
61.4072 	EXP 	text: foreColor = <psychopy.colors.Color: red, alpha=1.0>
61.4072 	EXP 	text: height = np.float64(0.05)
61.4072 	EXP 	text: height = np.float64(0.05)
61.4072 	EXP 	text: height = np.float64(0.05)
61.4072 	EXP 	text: text = 'RED'
61.4072 	EXP 	fixation: autoDraw = True
61.6746 	EXP 	Device response: <KeyPress from None: t=61.383515599998645, value=b, duration=0.28134779998799786>
61.8906 	INFO 	Keyboard events cleared
61.8904 	EXP 	fixation: autoDraw = False
61.8904 	EXP 	text: autoDraw = True
62.4076 	EXP 	Device response: <KeyPress from None: t=62.398879699991085, value=r, duration=None>
62.4080 	EXP 	New trial (rep=10, index=3): <Trial 43 (3 in rep 10) data={'word': 'BLUE', 'colour': 'red', 'stimulus_condition': 'I', 'correct_response': 'r', 'thisN': 43, 'thisTrialN': 3, 'thisRepN': 10}>
62.4118 	DATA 	Keypress: r
62.4243 	EXP 	fixation: autoDraw = False
62.4243 	EXP 	text: autoDraw = False
62.4243 	EXP 	text: foreColor = <psychopy.colors.Color: red, alpha=1.0>
62.4243 	EXP 	text: height = np.float64(0.05)
62.4243 	EXP 	text: height = np.float64(0.05)
62.4243 	EXP 	text: height = np.float64(0.05)
62.4243 	EXP 	text: text = 'BLUE'
62.4243 	EXP 	fixation: autoDraw = True
62.5414 	EXP 	Device response: <KeyPress from None: t=62.398879699991085, value=r, duration=0.1270801000064239>
62.9075 	INFO 	Keyboard events cleared
62.9073 	EXP 	fixation: autoDraw = False
62.9073 	EXP 	text: autoDraw = True
64.4082 	EXP 	Device response: <KeyPress from None: t=64.3949627999682, value=r, duration=None>
64.4085 	EXP 	New trial (rep=11, index=0): <Trial 44 (0 in rep 11) data={'word': 'BLUE', 'colour': 'blue', 'stimulus_condition': 'C', 'correct_response': 'b', 'thisN': 44, 'thisTrialN': 0, 'thisRepN': 11}>
64.4099 	DATA 	Keypress: r
64.4243 	EXP 	fixation: autoDraw = False
64.4243 	EXP 	text: autoDraw = False
64.4243 	EXP 	text: foreColor = <psychopy.colors.Color: blue, alpha=1.0>
64.4243 	EXP 	text: text = 'BLUE'
64.4243 	EXP 	fixation: autoDraw = True
64.5083 	EXP 	Device response: <KeyPress from None: t=64.3949627999682, value=r, duration=0.106167700025253>
64.9071 	INFO 	Keyboard events cleared
64.9069 	EXP 	fixation: autoDraw = False
64.9069 	EXP 	text: autoDraw = True
66.4745 	EXP 	Device response: <KeyPress from None: t=66.46058079996146, value=b, duration=None>
66.4749 	EXP 	New trial (rep=11, index=1): <Trial 45 (1 in rep 11) data={'word': 'RED', 'colour': 'blue', 'stimulus_condition': 'I', 'correct_response': 'b', 'thisN': 45, 'thisTrialN': 1, 'thisRepN': 11}>
66.4781 	DATA 	Keypress: b
66.4905 	EXP 	fixation: autoDraw = False
66.4905 	EXP 	text: autoDraw = False
66.4905 	EXP 	text: foreColor = <psychopy.colors.Color: blue, alpha=1.0>
66.4905 	EXP 	text: height = np.float64(0.05)
66.4905 	EXP 	text: height = np.float64(0.05)
66.4905 	EXP 	text: height = np.float64(0.05)
66.4905 	EXP 	text: text = 'RED'
66.4905 	EXP 	fixation: autoDraw = True
66.6231 	EXP 	Device response: <KeyPress from None: t=66.46058079996146, value=b, duration=0.15931540000019595>
66.9734 	INFO 	Keyboard events cleared
66.9732 	EXP 	fixation: autoDraw = False
66.9732 	EXP 	text: autoDraw = True
67.5411 	EXP 	Device response: <KeyPress from None: t=67.52794389997143, value=b, duration=None>
67.5413 	EXP 	New trial (rep=11, index=2): <Trial 46 (2 in rep 11) data={'word': 'BLUE', 'colour': 'red', 'stimulus_condition': 'I', 'correct_response': 'r', 'thisN': 46, 'thisTrialN': 2, 'thisRepN': 11}>
67.5442 	DATA 	Keypress: b
67.5571 	EXP 	fixation: autoDraw = False
67.5571 	EXP 	text: autoDraw = False
67.5571 	EXP 	text: foreColor = <psychopy.colors.Color: red, alpha=1.0>
67.5571 	EXP 	text: height = np.float64(0.05)
67.5571 	EXP 	text: height = np.float64(0.05)
67.5571 	EXP 	text: height = np.float64(0.05)
67.5571 	EXP 	text: text = 'BLUE'
67.5571 	EXP 	fixation: autoDraw = True
67.6915 	EXP 	Device response: <KeyPress from None: t=67.52794389997143, value=b, duration=0.15071830002125353>
68.0409 	INFO 	Keyboard events cleared
68.0407 	EXP 	fixation: autoDraw = False
68.0407 	EXP 	text: autoDraw = True
69.9574 	EXP 	Device response: <KeyPress from None: t=69.95086469996022, value=r, duration=None>
69.9578 	EXP 	New trial (rep=11, index=3): <Trial 47 (3 in rep 11) data={'word': 'RED', 'colour': 'red', 'stimulus_condition': 'C', 'correct_response': 'r', 'thisN': 47, 'thisTrialN': 3, 'thisRepN': 11}>
69.9617 	DATA 	Keypress: r
69.9755 	EXP 	fixation: autoDraw = False
69.9755 	EXP 	text: autoDraw = False
69.9755 	EXP 	text: foreColor = <psychopy.colors.Color: red, alpha=1.0>
69.9755 	EXP 	text: height = np.float64(0.05)
69.9755 	EXP 	text: height = np.float64(0.05)
69.9755 	EXP 	text: height = np.float64(0.05)
69.9755 	EXP 	text: text = 'RED'
69.9755 	EXP 	fixation: autoDraw = True
70.0586 	EXP 	Device response: <KeyPress from None: t=69.95086469996022, value=r, duration=0.10078350000549108>
70.4580 	INFO 	Keyboard events cleared
70.4578 	EXP 	fixation: autoDraw = False
70.4578 	EXP 	text: autoDraw = True
71.4593 	DATA 	Keypress: r
71.4742 	EXP 	Device response: <KeyPress from None: t=71.45850720000453, value=r, duration=None>
71.4745 	EXP 	New trial (rep=12, index=0): <Trial 48 (0 in rep 12) data={'word': 'RED', 'colour': 'red', 'stimulus_condition': 'C', 'correct_response': 'r', 'thisN': 48, 'thisTrialN': 0, 'thisRepN': 12}>
71.4904 	EXP 	fixation: autoDraw = False
71.4904 	EXP 	text: autoDraw = False
71.4904 	EXP 	text: foreColor = <psychopy.colors.Color: red, alpha=1.0>
71.4904 	EXP 	text: text = 'RED'
71.4904 	EXP 	fixation: autoDraw = True
71.5918 	EXP 	Device response: <KeyPress from None: t=71.45850720000453, value=r, duration=0.1165980999940075>
71.9913 	INFO 	Keyboard events cleared
71.9911 	EXP 	fixation: autoDraw = False
71.9911 	EXP 	text: autoDraw = True
72.5249 	EXP 	Device response: <KeyPress from None: t=72.51142749999417, value=r, duration=None>
72.5251 	EXP 	New trial (rep=12, index=1): <Trial 49 (1 in rep 12) data={'word': 'RED', 'colour': 'blue', 'stimulus_condition': 'I', 'correct_response': 'b', 'thisN': 49, 'thisTrialN': 1, 'thisRepN': 12}>
72.5264 	DATA 	Keypress: r
72.5411 	EXP 	fixation: autoDraw = False
72.5411 	EXP 	text: autoDraw = False
72.5411 	EXP 	text: foreColor = <psychopy.colors.Color: blue, alpha=1.0>
72.5411 	EXP 	text: text = 'RED'
72.5411 	EXP 	fixation: autoDraw = True
72.6251 	EXP 	Device response: <KeyPress from None: t=72.51142749999417, value=r, duration=0.11002279998501763>
73.0242 	INFO 	Keyboard events cleared
73.0241 	EXP 	fixation: autoDraw = False
73.0241 	EXP 	text: autoDraw = True
73.6416 	EXP 	Device response: <KeyPress from None: t=73.6409250999568, value=b, duration=None>
73.6420 	EXP 	New trial (rep=12, index=2): <Trial 50 (2 in rep 12) data={'word': 'BLUE', 'colour': 'red', 'stimulus_condition': 'I', 'correct_response': 'r', 'thisN': 50, 'thisTrialN': 2, 'thisRepN': 12}>
73.6459 	DATA 	Keypress: b
73.6572 	EXP 	fixation: autoDraw = False
73.6572 	EXP 	text: autoDraw = False
73.6572 	EXP 	text: foreColor = <psychopy.colors.Color: red, alpha=1.0>
73.6572 	EXP 	text: height = np.float64(0.05)
73.6572 	EXP 	text: height = np.float64(0.05)
73.6572 	EXP 	text: height = np.float64(0.05)
73.6572 	EXP 	text: text = 'BLUE'
73.6572 	EXP 	fixation: autoDraw = True
73.7250 	EXP 	Device response: <KeyPress from None: t=73.6409250999568, value=b, duration=0.08125260000815615>
74.1416 	INFO 	Keyboard events cleared
74.1414 	EXP 	fixation: autoDraw = False
74.1414 	EXP 	text: autoDraw = True
75.6079 	EXP 	Device response: <KeyPress from None: t=75.60727169999154, value=r, duration=None>
75.6082 	EXP 	New trial (rep=12, index=3): <Trial 51 (3 in rep 12) data={'word': 'BLUE', 'colour': 'blue', 'stimulus_condition': 'C', 'correct_response': 'b', 'thisN': 51, 'thisTrialN': 3, 'thisRepN': 12}>
75.6094 	DATA 	Keypress: r
75.6240 	EXP 	fixation: autoDraw = False
75.6240 	EXP 	text: autoDraw = False
75.6240 	EXP 	text: foreColor = <psychopy.colors.Color: blue, alpha=1.0>
75.6240 	EXP 	text: text = 'BLUE'
75.6240 	EXP 	fixation: autoDraw = True
75.7415 	EXP 	Device response: <KeyPress from None: t=75.60727169999154, value=r, duration=0.11802880000323057>
76.1077 	INFO 	Keyboard events cleared
76.1076 	EXP 	fixation: autoDraw = False
76.1076 	EXP 	text: autoDraw = True
76.7417 	EXP 	Device response: <KeyPress from None: t=76.73846480000066, value=b, duration=None>
76.7419 	EXP 	New trial (rep=13, index=0): <Trial 52 (0 in rep 13) data={'word': 'RED', 'colour': 'blue', 'stimulus_condition': 'I', 'correct_response': 'b', 'thisN': 52, 'thisTrialN': 0, 'thisRepN': 13}>
76.7450 	DATA 	Keypress: b
76.7579 	EXP 	fixation: autoDraw = False
76.7579 	EXP 	text: autoDraw = False
76.7579 	EXP 	text: foreColor = <psychopy.colors.Color: blue, alpha=1.0>
76.7579 	EXP 	text: height = np.float64(0.05)
76.7579 	EXP 	text: height = np.float64(0.05)
76.7579 	EXP 	text: height = np.float64(0.05)
76.7579 	EXP 	text: text = 'RED'
76.7579 	EXP 	fixation: autoDraw = True
76.8411 	EXP 	Device response: <KeyPress from None: t=76.73846480000066, value=b, duration=0.1011651000007987>
77.2414 	INFO 	Keyboard events cleared
77.2412 	EXP 	fixation: autoDraw = False
77.2412 	EXP 	text: autoDraw = True
78.5243 	EXP 	Device response: <KeyPress from None: t=78.51346449996345, value=b, duration=None>
78.5245 	EXP 	New trial (rep=13, index=1): <Trial 53 (1 in rep 13) data={'word': 'RED', 'colour': 'red', 'stimulus_condition': 'C', 'correct_response': 'r', 'thisN': 53, 'thisTrialN': 1, 'thisRepN': 13}>
78.5259 	DATA 	Keypress: b
78.5408 	EXP 	fixation: autoDraw = False
78.5408 	EXP 	text: autoDraw = False
78.5408 	EXP 	text: foreColor = <psychopy.colors.Color: red, alpha=1.0>
78.5408 	EXP 	text: text = 'RED'
78.5408 	EXP 	fixation: autoDraw = True
78.6581 	EXP 	Device response: <KeyPress from None: t=78.51346449996345, value=b, duration=0.13192549999803305>
79.0243 	INFO 	Keyboard events cleared
79.0242 	EXP 	fixation: autoDraw = False
79.0242 	EXP 	text: autoDraw = True
79.6585 	EXP 	Device response: <KeyPress from None: t=79.65546019998146, value=r, duration=None>
79.6588 	EXP 	New trial (rep=13, index=2): <Trial 54 (2 in rep 13) data={'word': 'BLUE', 'colour': 'blue', 'stimulus_condition': 'C', 'correct_response': 'b', 'thisN': 54, 'thisTrialN': 2, 'thisRepN': 13}>
79.6624 	DATA 	Keypress: r
79.6743 	EXP 	fixation: autoDraw = False
79.6743 	EXP 	text: autoDraw = False
79.6743 	EXP 	text: foreColor = <psychopy.colors.Color: blue, alpha=1.0>
79.6743 	EXP 	text: height = np.float64(0.05)
79.6743 	EXP 	text: height = np.float64(0.05)
79.6743 	EXP 	text: height = np.float64(0.05)
79.6743 	EXP 	text: text = 'BLUE'
79.6743 	EXP 	fixation: autoDraw = True
79.7746 	EXP 	Device response: <KeyPress from None: t=79.65546019998146, value=r, duration=0.1116825999924913>
80.1578 	INFO 	Keyboard events cleared
80.1576 	EXP 	fixation: autoDraw = False
80.1576 	EXP 	text: autoDraw = True
80.8263 	EXP 	Device response: <KeyPress from None: t=80.82248390000314, value=b, duration=None>
80.8266 	EXP 	New trial (rep=13, index=3): <Trial 55 (3 in rep 13) data={'word': 'BLUE', 'colour': 'red', 'stimulus_condition': 'I', 'correct_response': 'r', 'thisN': 55, 'thisTrialN': 3, 'thisRepN': 13}>
80.8280 	DATA 	Keypress: b
80.8413 	EXP 	fixation: autoDraw = False
80.8413 	EXP 	text: autoDraw = False
80.8413 	EXP 	text: foreColor = <psychopy.colors.Color: red, alpha=1.0>
80.8413 	EXP 	text: text = 'BLUE'
80.8413 	EXP 	fixation: autoDraw = True
80.9583 	EXP 	Device response: <KeyPress from None: t=80.82248390000314, value=b, duration=0.11997820000397041>
81.3415 	INFO 	Keyboard events cleared
81.3413 	EXP 	fixation: autoDraw = False
81.3413 	EXP 	text: autoDraw = True
82.6752 	EXP 	Device response: <KeyPress from None: t=82.6631470999564, value=r, duration=None>
82.6755 	EXP 	New trial (rep=14, index=0): <Trial 56 (0 in rep 14) data={'word': 'RED', 'colour': 'red', 'stimulus_condition': 'C', 'correct_response': 'r', 'thisN': 56, 'thisTrialN': 0, 'thisRepN': 14}>
82.6787 	DATA 	Keypress: r
82.6910 	EXP 	fixation: autoDraw = False
82.6910 	EXP 	text: autoDraw = False
82.6910 	EXP 	text: foreColor = <psychopy.colors.Color: red, alpha=1.0>
82.6910 	EXP 	text: height = np.float64(0.05)
82.6910 	EXP 	text: height = np.float64(0.05)
82.6910 	EXP 	text: height = np.float64(0.05)
82.6910 	EXP 	text: text = 'RED'
82.6910 	EXP 	fixation: autoDraw = True
82.8247 	EXP 	Device response: <KeyPress from None: t=82.6631470999564, value=r, duration=0.1605993999983184>
83.1748 	INFO 	Keyboard events cleared
83.1747 	EXP 	fixation: autoDraw = False
83.1747 	EXP 	text: autoDraw = True
84.3418 	EXP 	Device response: <KeyPress from None: t=84.34119790000841, value=r, duration=None>
84.3422 	EXP 	New trial (rep=14, index=1): <Trial 57 (1 in rep 14) data={'word': 'BLUE', 'colour': 'blue', 'stimulus_condition': 'C', 'correct_response': 'b', 'thisN': 57, 'thisTrialN': 1, 'thisRepN': 14}>
84.3462 	DATA 	Keypress: r
84.3585 	EXP 	fixation: autoDraw = False
84.3585 	EXP 	text: autoDraw = False
84.3585 	EXP 	text: foreColor = <psychopy.colors.Color: blue, alpha=1.0>
84.3585 	EXP 	text: height = np.float64(0.05)
84.3585 	EXP 	text: height = np.float64(0.05)
84.3585 	EXP 	text: height = np.float64(0.05)
84.3585 	EXP 	text: text = 'BLUE'
84.3585 	EXP 	fixation: autoDraw = True
84.4747 	EXP 	Device response: <KeyPress from None: t=84.34119790000841, value=r, duration=0.13190719997510314>
84.8412 	INFO 	Keyboard events cleared
84.8411 	EXP 	fixation: autoDraw = False
84.8411 	EXP 	text: autoDraw = True
85.3917 	EXP 	Device response: <KeyPress from None: t=85.384345199971, value=b, duration=None>
85.3920 	EXP 	New trial (rep=14, index=2): <Trial 58 (2 in rep 14) data={'word': 'RED', 'colour': 'blue', 'stimulus_condition': 'I', 'correct_response': 'b', 'thisN': 58, 'thisTrialN': 2, 'thisRepN': 14}>
85.3953 	DATA 	Keypress: b
85.4082 	EXP 	fixation: autoDraw = False
85.4082 	EXP 	text: autoDraw = False
85.4082 	EXP 	text: foreColor = <psychopy.colors.Color: blue, alpha=1.0>
85.4082 	EXP 	text: height = np.float64(0.05)
85.4082 	EXP 	text: height = np.float64(0.05)
85.4082 	EXP 	text: height = np.float64(0.05)
85.4082 	EXP 	text: text = 'RED'
85.4082 	EXP 	fixation: autoDraw = True
85.5248 	EXP 	Device response: <KeyPress from None: t=85.384345199971, value=b, duration=0.13094569998793304>
85.8902 	INFO 	Keyboard events cleared
85.8900 	EXP 	fixation: autoDraw = False
85.8900 	EXP 	text: autoDraw = True
87.0417 	EXP 	Device response: <KeyPress from None: t=87.02705729997251, value=b, duration=None>
87.0420 	EXP 	New trial (rep=14, index=3): <Trial 59 (3 in rep 14) data={'word': 'BLUE', 'colour': 'red', 'stimulus_condition': 'I', 'correct_response': 'r', 'thisN': 59, 'thisTrialN': 3, 'thisRepN': 14}>
87.0450 	DATA 	Keypress: b
87.0582 	EXP 	fixation: autoDraw = False
87.0582 	EXP 	text: autoDraw = False
87.0582 	EXP 	text: foreColor = <psychopy.colors.Color: red, alpha=1.0>
87.0582 	EXP 	text: height = np.float64(0.05)
87.0582 	EXP 	text: height = np.float64(0.05)
87.0582 	EXP 	text: height = np.float64(0.05)
87.0582 	EXP 	text: text = 'BLUE'
87.0582 	EXP 	fixation: autoDraw = True
87.1746 	EXP 	Device response: <KeyPress from None: t=87.02705729997251, value=b, duration=0.13183500000741333>
87.5409 	INFO 	Keyboard events cleared
87.5407 	EXP 	fixation: autoDraw = False
87.5407 	EXP 	text: autoDraw = True
88.9580 	EXP 	Device response: <KeyPress from None: t=88.94663219997892, value=r, duration=None>
88.9583 	EXP 	New trial (rep=15, index=0): <Trial 60 (0 in rep 15) data={'word': 'RED', 'colour': 'red', 'stimulus_condition': 'C', 'correct_response': 'r', 'thisN': 60, 'thisTrialN': 0, 'thisRepN': 15}>
88.9618 	DATA 	Keypress: r
88.9749 	EXP 	fixation: autoDraw = False
88.9749 	EXP 	text: autoDraw = False
88.9749 	EXP 	text: foreColor = <psychopy.colors.Color: red, alpha=1.0>
88.9749 	EXP 	text: height = np.float64(0.05)
88.9749 	EXP 	text: height = np.float64(0.05)
88.9749 	EXP 	text: height = np.float64(0.05)
88.9749 	EXP 	text: text = 'RED'
88.9749 	EXP 	fixation: autoDraw = True
89.0756 	EXP 	Device response: <KeyPress from None: t=88.94663219997892, value=r, duration=0.11347049998585135>
89.4581 	INFO 	Keyboard events cleared
89.4579 	EXP 	fixation: autoDraw = False
89.4579 	EXP 	text: autoDraw = True
90.9916 	EXP 	Device response: <KeyPress from None: t=90.97945619997336, value=r, duration=None>
90.9918 	EXP 	New trial (rep=15, index=1): <Trial 61 (1 in rep 15) data={'word': 'RED', 'colour': 'blue', 'stimulus_condition': 'I', 'correct_response': 'b', 'thisN': 61, 'thisTrialN': 1, 'thisRepN': 15}>
90.9931 	DATA 	Keypress: r
91.0078 	EXP 	fixation: autoDraw = False
91.0078 	EXP 	text: autoDraw = False
91.0078 	EXP 	text: foreColor = <psychopy.colors.Color: blue, alpha=1.0>
91.0078 	EXP 	text: text = 'RED'
91.0078 	EXP 	fixation: autoDraw = True
91.1417 	EXP 	Device response: <KeyPress from None: t=90.97945619997336, value=r, duration=0.1511943000368774>
91.4918 	INFO 	Keyboard events cleared
91.4917 	EXP 	fixation: autoDraw = False
91.4917 	EXP 	text: autoDraw = True
92.1920 	EXP 	Device response: <KeyPress from None: t=92.1812043999671, value=b, duration=None>
92.1923 	EXP 	New trial (rep=15, index=2): <Trial 62 (2 in rep 15) data={'word': 'BLUE', 'colour': 'blue', 'stimulus_condition': 'C', 'correct_response': 'b', 'thisN': 62, 'thisTrialN': 2, 'thisRepN': 15}>
92.1955 	DATA 	Keypress: b
92.2078 	EXP 	fixation: autoDraw = False
92.2078 	EXP 	text: autoDraw = False
92.2078 	EXP 	text: foreColor = <psychopy.colors.Color: blue, alpha=1.0>
92.2078 	EXP 	text: height = np.float64(0.05)
92.2078 	EXP 	text: height = np.float64(0.05)
92.2078 	EXP 	text: height = np.float64(0.05)
92.2078 	EXP 	text: text = 'BLUE'
92.2078 	EXP 	fixation: autoDraw = True
92.3086 	EXP 	Device response: <KeyPress from None: t=92.1812043999671, value=b, duration=0.12038520001806319>
92.7088 	INFO 	Keyboard events cleared
92.7086 	EXP 	fixation: autoDraw = False
92.7086 	EXP 	text: autoDraw = True
93.6073 	EXP 	Device response: <KeyPress from None: t=93.60370689997217, value=b, duration=None>
93.6077 	EXP 	New trial (rep=15, index=3): <Trial 63 (3 in rep 15) data={'word': 'BLUE', 'colour': 'red', 'stimulus_condition': 'I', 'correct_response': 'r', 'thisN': 63, 'thisTrialN': 3, 'thisRepN': 15}>
93.6089 	DATA 	Keypress: b
93.6244 	EXP 	fixation: autoDraw = False
93.6244 	EXP 	text: autoDraw = False
93.6244 	EXP 	text: foreColor = <psychopy.colors.Color: red, alpha=1.0>
93.6244 	EXP 	text: text = 'BLUE'
93.6244 	EXP 	fixation: autoDraw = True
93.7250 	EXP 	Device response: <KeyPress from None: t=93.60370689997217, value=b, duration=0.11364990001311526>
94.1081 	INFO 	Keyboard events cleared
94.1079 	EXP 	fixation: autoDraw = False
94.1079 	EXP 	text: autoDraw = True
95.3077 	EXP 	Device response: <KeyPress from None: t=95.2988896999741, value=r, duration=None>
95.3079 	EXP 	New trial (rep=16, index=0): <Trial 64 (0 in rep 16) data={'word': 'RED', 'colour': 'red', 'stimulus_condition': 'C', 'correct_response': 'r', 'thisN': 64, 'thisTrialN': 0, 'thisRepN': 16}>
95.3105 	DATA 	Keypress: r
95.3232 	EXP 	fixation: autoDraw = False
95.3232 	EXP 	text: autoDraw = False
95.3232 	EXP 	text: foreColor = <psychopy.colors.Color: red, alpha=1.0>
95.3232 	EXP 	text: height = np.float64(0.05)
95.3232 	EXP 	text: height = np.float64(0.05)
95.3232 	EXP 	text: height = np.float64(0.05)
95.3232 	EXP 	text: text = 'RED'
95.3232 	EXP 	fixation: autoDraw = True
95.3913 	EXP 	Device response: <KeyPress from None: t=95.2988896999741, value=r, duration=0.08636250003473833>
95.8237 	INFO 	Keyboard events cleared
95.8235 	EXP 	fixation: autoDraw = False
95.8235 	EXP 	text: autoDraw = True
97.3414 	EXP 	Device response: <KeyPress from None: t=97.33206240000436, value=r, duration=None>
97.3418 	EXP 	New trial (rep=16, index=1): <Trial 65 (1 in rep 16) data={'word': 'BLUE', 'colour': 'red', 'stimulus_condition': 'I', 'correct_response': 'r', 'thisN': 65, 'thisTrialN': 1, 'thisRepN': 16}>
97.3457 	DATA 	Keypress: r
97.3580 	EXP 	fixation: autoDraw = False
97.3580 	EXP 	text: autoDraw = False
97.3580 	EXP 	text: foreColor = <psychopy.colors.Color: red, alpha=1.0>
97.3580 	EXP 	text: height = np.float64(0.05)
97.3580 	EXP 	text: height = np.float64(0.05)
97.3580 	EXP 	text: height = np.float64(0.05)
97.3580 	EXP 	text: text = 'BLUE'
97.3580 	EXP 	fixation: autoDraw = True
97.4581 	EXP 	Device response: <KeyPress from None: t=97.33206240000436, value=r, duration=0.1115208999835886>
97.8410 	INFO 	Keyboard events cleared
97.8408 	EXP 	fixation: autoDraw = False
97.8408 	EXP 	text: autoDraw = True
99.2251 	EXP 	Device response: <KeyPress from None: t=99.2150770999724, value=r, duration=None>
99.2254 	EXP 	New trial (rep=16, index=2): <Trial 66 (2 in rep 16) data={'word': 'RED', 'colour': 'blue', 'stimulus_condition': 'I', 'correct_response': 'b', 'thisN': 66, 'thisTrialN': 2, 'thisRepN': 16}>
99.2287 	DATA 	Keypress: r
99.2414 	EXP 	fixation: autoDraw = False
99.2414 	EXP 	text: autoDraw = False
99.2414 	EXP 	text: foreColor = <psychopy.colors.Color: blue, alpha=1.0>
99.2414 	EXP 	text: height = np.float64(0.05)
99.2414 	EXP 	text: height = np.float64(0.05)
99.2414 	EXP 	text: height = np.float64(0.05)
99.2414 	EXP 	text: text = 'RED'
99.2414 	EXP 	fixation: autoDraw = True
99.3584 	EXP 	Device response: <KeyPress from None: t=99.2150770999724, value=r, duration=0.14129250001860783>
99.7252 	INFO 	Keyboard events cleared
99.7251 	EXP 	fixation: autoDraw = False
99.7251 	EXP 	text: autoDraw = True
100.8581 	EXP 	Device response: <KeyPress from None: t=100.85122429998592, value=b, duration=None>
100.8584 	EXP 	New trial (rep=16, index=3): <Trial 67 (3 in rep 16) data={'word': 'BLUE', 'colour': 'blue', 'stimulus_condition': 'C', 'correct_response': 'b', 'thisN': 67, 'thisTrialN': 3, 'thisRepN': 16}>
100.8625 	DATA 	Keypress: b
100.8746 	EXP 	fixation: autoDraw = False
100.8746 	EXP 	text: autoDraw = False
100.8746 	EXP 	text: foreColor = <psychopy.colors.Color: blue, alpha=1.0>
100.8746 	EXP 	text: height = np.float64(0.05)
100.8746 	EXP 	text: height = np.float64(0.05)
100.8746 	EXP 	text: height = np.float64(0.05)
100.8746 	EXP 	text: text = 'BLUE'
100.8746 	EXP 	fixation: autoDraw = True
100.9920 	EXP 	Device response: <KeyPress from None: t=100.85122429998592, value=b, duration=0.13732229999732226>
101.3583 	INFO 	Keyboard events cleared
101.3582 	EXP 	fixation: autoDraw = False
101.3582 	EXP 	text: autoDraw = True
101.9907 	EXP 	Device response: <KeyPress from None: t=101.98516949999612, value=b, duration=None>
101.9910 	EXP 	New trial (rep=17, index=0): <Trial 68 (0 in rep 17) data={'word': 'RED', 'colour': 'red', 'stimulus_condition': 'C', 'correct_response': 'r', 'thisN': 68, 'thisTrialN': 0, 'thisRepN': 17}>
101.9936 	DATA 	Keypress: b
102.0068 	EXP 	fixation: autoDraw = False
102.0068 	EXP 	text: autoDraw = False
102.0068 	EXP 	text: foreColor = <psychopy.colors.Color: red, alpha=1.0>
102.0068 	EXP 	text: height = np.float64(0.05)
102.0068 	EXP 	text: height = np.float64(0.05)
102.0068 	EXP 	text: height = np.float64(0.05)
102.0068 	EXP 	text: text = 'RED'
102.0068 	EXP 	fixation: autoDraw = True
102.0915 	EXP 	Device response: <KeyPress from None: t=101.98516949999612, value=b, duration=0.1037036000052467>
102.4919 	INFO 	Keyboard events cleared
102.4917 	EXP 	fixation: autoDraw = False
102.4917 	EXP 	text: autoDraw = True
103.0910 	EXP 	Device response: <KeyPress from None: t=103.07609769998817, value=r, duration=None>
103.0912 	EXP 	New trial (rep=17, index=1): <Trial 69 (1 in rep 17) data={'word': 'BLUE', 'colour': 'red', 'stimulus_condition': 'I', 'correct_response': 'r', 'thisN': 69, 'thisTrialN': 1, 'thisRepN': 17}>
103.0946 	DATA 	Keypress: r
103.1075 	EXP 	fixation: autoDraw = False
103.1075 	EXP 	text: autoDraw = False
103.1075 	EXP 	text: foreColor = <psychopy.colors.Color: red, alpha=1.0>
103.1075 	EXP 	text: height = np.float64(0.05)
103.1075 	EXP 	text: height = np.float64(0.05)
103.1075 	EXP 	text: height = np.float64(0.05)
103.1075 	EXP 	text: text = 'BLUE'
103.1075 	EXP 	fixation: autoDraw = True
103.2251 	EXP 	Device response: <KeyPress from None: t=103.07609769998817, value=r, duration=0.1318199000088498>
103.5911 	INFO 	Keyboard events cleared
103.5909 	EXP 	fixation: autoDraw = False
103.5909 	EXP 	text: autoDraw = True
105.3577 	EXP 	Device response: <KeyPress from None: t=105.3497720999876, value=r, duration=None>
105.3580 	EXP 	New trial (rep=17, index=2): <Trial 70 (2 in rep 17) data={'word': 'RED', 'colour': 'blue', 'stimulus_condition': 'I', 'correct_response': 'b', 'thisN': 70, 'thisTrialN': 2, 'thisRepN': 17}>
105.3609 	DATA 	Keypress: r
105.3739 	EXP 	fixation: autoDraw = False
105.3739 	EXP 	text: autoDraw = False
105.3739 	EXP 	text: foreColor = <psychopy.colors.Color: blue, alpha=1.0>
105.3739 	EXP 	text: height = np.float64(0.05)
105.3739 	EXP 	text: height = np.float64(0.05)
105.3739 	EXP 	text: height = np.float64(0.05)
105.3739 	EXP 	text: text = 'RED'
105.3739 	EXP 	fixation: autoDraw = True
105.4918 	EXP 	Device response: <KeyPress from None: t=105.3497720999876, value=r, duration=0.14101050002500415>
105.8587 	INFO 	Keyboard events cleared
105.8585 	EXP 	fixation: autoDraw = False
105.8585 	EXP 	text: autoDraw = True
107.8101 	DATA 	Keypress: b
107.8248 	EXP 	Device response: <KeyPress from None: t=107.80935900000622, value=b, duration=None>
107.8250 	EXP 	New trial (rep=17, index=3): <Trial 71 (3 in rep 17) data={'word': 'BLUE', 'colour': 'blue', 'stimulus_condition': 'C', 'correct_response': 'b', 'thisN': 71, 'thisTrialN': 3, 'thisRepN': 17}>
107.8420 	EXP 	fixation: autoDraw = False
107.8420 	EXP 	text: autoDraw = False
107.8420 	EXP 	text: foreColor = <psychopy.colors.Color: blue, alpha=1.0>
107.8420 	EXP 	text: height = np.float64(0.05)
107.8420 	EXP 	text: height = np.float64(0.05)
107.8420 	EXP 	text: height = np.float64(0.05)
107.8420 	EXP 	text: text = 'BLUE'
107.8420 	EXP 	fixation: autoDraw = True
107.9591 	EXP 	Device response: <KeyPress from None: t=107.80935900000622, value=b, duration=0.14568799996050075>
108.3411 	INFO 	Keyboard events cleared
108.3409 	EXP 	fixation: autoDraw = False
108.3409 	EXP 	text: autoDraw = True
109.0757 	EXP 	Device response: <KeyPress from None: t=109.05959299998358, value=b, duration=None>
109.0760 	EXP 	New trial (rep=18, index=0): <Trial 72 (0 in rep 18) data={'word': 'BLUE', 'colour': 'red', 'stimulus_condition': 'I', 'correct_response': 'r', 'thisN': 72, 'thisTrialN': 0, 'thisRepN': 18}>
109.0773 	DATA 	Keypress: b
109.0921 	EXP 	fixation: autoDraw = False
109.0921 	EXP 	text: autoDraw = False
109.0921 	EXP 	text: foreColor = <psychopy.colors.Color: red, alpha=1.0>
109.0921 	EXP 	text: text = 'BLUE'
109.0921 	EXP 	fixation: autoDraw = True
109.2087 	EXP 	Device response: <KeyPress from None: t=109.05959299998358, value=b, duration=0.14172479999251664>
109.5750 	INFO 	Keyboard events cleared
109.5749 	EXP 	fixation: autoDraw = False
109.5749 	EXP 	text: autoDraw = True
110.4435 	DATA 	Keypress: r
110.4581 	EXP 	Device response: <KeyPress from None: t=110.44293849996757, value=r, duration=None>
110.4584 	EXP 	New trial (rep=18, index=1): <Trial 73 (1 in rep 18) data={'word': 'RED', 'colour': 'blue', 'stimulus_condition': 'I', 'correct_response': 'b', 'thisN': 73, 'thisTrialN': 1, 'thisRepN': 18}>
110.4742 	EXP 	fixation: autoDraw = False
110.4742 	EXP 	text: autoDraw = False
110.4742 	EXP 	text: foreColor = <psychopy.colors.Color: blue, alpha=1.0>
110.4742 	EXP 	text: height = np.float64(0.05)
110.4742 	EXP 	text: height = np.float64(0.05)
110.4742 	EXP 	text: height = np.float64(0.05)
110.4742 	EXP 	text: text = 'RED'
110.4742 	EXP 	fixation: autoDraw = True
110.5923 	EXP 	Device response: <KeyPress from None: t=110.44293849996757, value=r, duration=0.14886990003287792>
110.9587 	INFO 	Keyboard events cleared
110.9585 	EXP 	fixation: autoDraw = False
110.9585 	EXP 	text: autoDraw = True
111.7424 	EXP 	Device response: <KeyPress from None: t=111.73987769999076, value=b, duration=None>
111.7427 	EXP 	New trial (rep=18, index=2): <Trial 74 (2 in rep 18) data={'word': 'RED', 'colour': 'red', 'stimulus_condition': 'C', 'correct_response': 'r', 'thisN': 74, 'thisTrialN': 2, 'thisRepN': 18}>
111.7440 	DATA 	Keypress: b
111.7579 	EXP 	fixation: autoDraw = False
111.7579 	EXP 	text: autoDraw = False
111.7579 	EXP 	text: foreColor = <psychopy.colors.Color: red, alpha=1.0>
111.7579 	EXP 	text: text = 'RED'
111.7579 	EXP 	fixation: autoDraw = True
111.9243 	EXP 	Device response: <KeyPress from None: t=111.73987769999076, value=b, duration=0.1716275999788195>
112.2420 	INFO 	Keyboard events cleared
112.2418 	EXP 	fixation: autoDraw = False
112.2418 	EXP 	text: autoDraw = True
113.2746 	EXP 	Device response: <KeyPress from None: t=113.26391889998922, value=r, duration=None>
113.2748 	EXP 	New trial (rep=18, index=3): <Trial 75 (3 in rep 18) data={'word': 'BLUE', 'colour': 'blue', 'stimulus_condition': 'C', 'correct_response': 'b', 'thisN': 75, 'thisTrialN': 3, 'thisRepN': 18}>
113.2778 	DATA 	Keypress: r
113.2916 	EXP 	fixation: autoDraw = False
113.2916 	EXP 	text: autoDraw = False
113.2916 	EXP 	text: foreColor = <psychopy.colors.Color: blue, alpha=1.0>
113.2916 	EXP 	text: height = np.float64(0.05)
113.2916 	EXP 	text: height = np.float64(0.05)
113.2916 	EXP 	text: height = np.float64(0.05)
113.2916 	EXP 	text: text = 'BLUE'
113.2916 	EXP 	fixation: autoDraw = True
113.3918 	EXP 	Device response: <KeyPress from None: t=113.26391889998922, value=r, duration=0.1182161999749951>
113.7751 	INFO 	Keyboard events cleared
113.7749 	EXP 	fixation: autoDraw = False
113.7749 	EXP 	text: autoDraw = True
114.6093 	EXP 	Device response: <KeyPress from None: t=114.6020325999707, value=b, duration=None>
114.6096 	EXP 	New trial (rep=19, index=0): <Trial 76 (0 in rep 19) data={'word': 'RED', 'colour': 'red', 'stimulus_condition': 'C', 'correct_response': 'r', 'thisN': 76, 'thisTrialN': 0, 'thisRepN': 19}>
114.6131 	DATA 	Keypress: b
114.6258 	EXP 	fixation: autoDraw = False
114.6258 	EXP 	text: autoDraw = False
114.6258 	EXP 	text: foreColor = <psychopy.colors.Color: red, alpha=1.0>
114.6258 	EXP 	text: height = np.float64(0.05)
114.6258 	EXP 	text: height = np.float64(0.05)
114.6258 	EXP 	text: height = np.float64(0.05)
114.6258 	EXP 	text: text = 'RED'
114.6258 	EXP 	fixation: autoDraw = True
114.7763 	EXP 	Device response: <KeyPress from None: t=114.6020325999707, value=b, duration=0.1574657000019215>
115.1081 	INFO 	Keyboard events cleared
115.1079 	EXP 	fixation: autoDraw = False
115.1079 	EXP 	text: autoDraw = True
115.6590 	EXP 	Device response: <KeyPress from None: t=115.64489210001193, value=r, duration=None>
115.6594 	EXP 	New trial (rep=19, index=1): <Trial 77 (1 in rep 19) data={'word': 'BLUE', 'colour': 'blue', 'stimulus_condition': 'C', 'correct_response': 'b', 'thisN': 77, 'thisTrialN': 1, 'thisRepN': 19}>
115.6635 	DATA 	Keypress: r
115.6746 	EXP 	fixation: autoDraw = False
115.6746 	EXP 	text: autoDraw = False
115.6746 	EXP 	text: foreColor = <psychopy.colors.Color: blue, alpha=1.0>
115.6746 	EXP 	text: height = np.float64(0.05)
115.6746 	EXP 	text: height = np.float64(0.05)
115.6746 	EXP 	text: height = np.float64(0.05)
115.6746 	EXP 	text: text = 'BLUE'
115.6746 	EXP 	fixation: autoDraw = True
115.7919 	EXP 	Device response: <KeyPress from None: t=115.64489210001193, value=r, duration=0.14569639996625483>
116.1586 	INFO 	Keyboard events cleared
116.1584 	EXP 	fixation: autoDraw = False
116.1584 	EXP 	text: autoDraw = True
116.6588 	EXP 	Device response: <KeyPress from None: t=116.65734189999057, value=b, duration=None>
116.6591 	EXP 	New trial (rep=19, index=2): <Trial 78 (2 in rep 19) data={'word': 'BLUE', 'colour': 'red', 'stimulus_condition': 'I', 'correct_response': 'r', 'thisN': 78, 'thisTrialN': 2, 'thisRepN': 19}>
116.6607 	DATA 	Keypress: b
116.6749 	EXP 	fixation: autoDraw = False
116.6749 	EXP 	text: autoDraw = False
116.6749 	EXP 	text: foreColor = <psychopy.colors.Color: red, alpha=1.0>
116.6749 	EXP 	text: text = 'BLUE'
116.6749 	EXP 	fixation: autoDraw = True
116.7925 	EXP 	Device response: <KeyPress from None: t=116.65734189999057, value=b, duration=0.12865089997649193>
117.1755 	INFO 	Keyboard events cleared
117.1754 	EXP 	fixation: autoDraw = False
117.1754 	EXP 	text: autoDraw = True
118.7415 	EXP 	Device response: <KeyPress from None: t=118.73131770000327, value=r, duration=None>
118.7418 	EXP 	New trial (rep=19, index=3): <Trial 79 (3 in rep 19) data={'word': 'RED', 'colour': 'blue', 'stimulus_condition': 'I', 'correct_response': 'b', 'thisN': 79, 'thisTrialN': 3, 'thisRepN': 19}>
118.7450 	DATA 	Keypress: r
118.7571 	EXP 	fixation: autoDraw = False
118.7571 	EXP 	text: autoDraw = False
118.7571 	EXP 	text: foreColor = <psychopy.colors.Color: blue, alpha=1.0>
118.7571 	EXP 	text: height = np.float64(0.05)
118.7571 	EXP 	text: height = np.float64(0.05)
118.7571 	EXP 	text: height = np.float64(0.05)
118.7571 	EXP 	text: text = 'RED'
118.7571 	EXP 	fixation: autoDraw = True
118.8928 	EXP 	Device response: <KeyPress from None: t=118.73131770000327, value=r, duration=0.15457089996198192>
119.2421 	INFO 	Keyboard events cleared
119.2419 	EXP 	fixation: autoDraw = False
119.2419 	EXP 	text: autoDraw = True
120.3099 	EXP 	Device response: <KeyPress from None: t=120.29858649999369, value=b, duration=None>
120.3103 	EXP 	New trial (rep=20, index=0): <Trial 80 (0 in rep 20) data={'word': 'RED', 'colour': 'red', 'stimulus_condition': 'C', 'correct_response': 'r', 'thisN': 80, 'thisTrialN': 0, 'thisRepN': 20}>
120.3117 	DATA 	Keypress: b
120.3254 	EXP 	fixation: autoDraw = False
120.3254 	EXP 	text: autoDraw = False
120.3254 	EXP 	text: foreColor = <psychopy.colors.Color: red, alpha=1.0>
120.3254 	EXP 	text: text = 'RED'
120.3254 	EXP 	fixation: autoDraw = True
120.4423 	EXP 	Device response: <KeyPress from None: t=120.29858649999369, value=b, duration=0.1428728000028059>
120.8257 	INFO 	Keyboard events cleared
120.8255 	EXP 	fixation: autoDraw = False
120.8255 	EXP 	text: autoDraw = True
121.7248 	EXP 	Device response: <KeyPress from None: t=121.7210254999809, value=r, duration=None>
121.7251 	EXP 	New trial (rep=20, index=1): <Trial 81 (1 in rep 20) data={'word': 'RED', 'colour': 'blue', 'stimulus_condition': 'I', 'correct_response': 'b', 'thisN': 81, 'thisTrialN': 1, 'thisRepN': 20}>
121.7264 	DATA 	Keypress: r
121.7413 	EXP 	fixation: autoDraw = False
121.7413 	EXP 	text: autoDraw = False
121.7413 	EXP 	text: foreColor = <psychopy.colors.Color: blue, alpha=1.0>
121.7413 	EXP 	text: text = 'RED'
121.7413 	EXP 	fixation: autoDraw = True
121.8419 	EXP 	Device response: <KeyPress from None: t=121.7210254999809, value=r, duration=0.11788749997504056>
122.2245 	INFO 	Keyboard events cleared
122.2243 	EXP 	fixation: autoDraw = False
122.2243 	EXP 	text: autoDraw = True
124.2596 	EXP 	Device response: <KeyPress from None: t=124.255321500008, value=b, duration=None>
124.2599 	EXP 	New trial (rep=20, index=2): <Trial 82 (2 in rep 20) data={'word': 'BLUE', 'colour': 'blue', 'stimulus_condition': 'C', 'correct_response': 'b', 'thisN': 82, 'thisTrialN': 2, 'thisRepN': 20}>
124.2631 	DATA 	Keypress: b
124.2755 	EXP 	fixation: autoDraw = False
124.2755 	EXP 	text: autoDraw = False
124.2755 	EXP 	text: foreColor = <psychopy.colors.Color: blue, alpha=1.0>
124.2755 	EXP 	text: height = np.float64(0.05)
124.2755 	EXP 	text: height = np.float64(0.05)
124.2755 	EXP 	text: height = np.float64(0.05)
124.2755 	EXP 	text: text = 'BLUE'
124.2755 	EXP 	fixation: autoDraw = True
124.3751 	EXP 	Device response: <KeyPress from None: t=124.255321500008, value=b, duration=0.1076797999558039>
124.7753 	INFO 	Keyboard events cleared
124.7751 	EXP 	fixation: autoDraw = False
124.7751 	EXP 	text: autoDraw = True
125.9755 	EXP 	Device response: <KeyPress from None: t=125.9612375999568, value=b, duration=None>
125.9758 	EXP 	New trial (rep=20, index=3): <Trial 83 (3 in rep 20) data={'word': 'BLUE', 'colour': 'red', 'stimulus_condition': 'I', 'correct_response': 'r', 'thisN': 83, 'thisTrialN': 3, 'thisRepN': 20}>
125.9772 	DATA 	Keypress: b
125.9917 	EXP 	fixation: autoDraw = False
125.9917 	EXP 	text: autoDraw = False
125.9917 	EXP 	text: foreColor = <psychopy.colors.Color: red, alpha=1.0>
125.9917 	EXP 	text: text = 'BLUE'
125.9917 	EXP 	fixation: autoDraw = True
126.0766 	EXP 	Device response: <KeyPress from None: t=125.9612375999568, value=b, duration=0.11224730004323646>
126.4749 	INFO 	Keyboard events cleared
126.4747 	EXP 	fixation: autoDraw = False
126.4747 	EXP 	text: autoDraw = True
127.4920 	EXP 	Device response: <KeyPress from None: t=127.48373809998157, value=r, duration=None>
127.4923 	EXP 	New trial (rep=21, index=0): <Trial 84 (0 in rep 21) data={'word': 'RED', 'colour': 'blue', 'stimulus_condition': 'I', 'correct_response': 'b', 'thisN': 84, 'thisTrialN': 0, 'thisRepN': 21}>
127.4957 	DATA 	Keypress: r
127.5073 	EXP 	fixation: autoDraw = False
127.5073 	EXP 	text: autoDraw = False
127.5073 	EXP 	text: foreColor = <psychopy.colors.Color: blue, alpha=1.0>
127.5073 	EXP 	text: height = np.float64(0.05)
127.5073 	EXP 	text: height = np.float64(0.05)
127.5073 	EXP 	text: height = np.float64(0.05)
127.5073 	EXP 	text: text = 'RED'
127.5073 	EXP 	fixation: autoDraw = True
127.6761 	EXP 	Device response: <KeyPress from None: t=127.48373809998157, value=r, duration=0.17857250000815839>
127.9921 	INFO 	Keyboard events cleared
127.9919 	EXP 	fixation: autoDraw = False
127.9919 	EXP 	text: autoDraw = True
129.0427 	EXP 	Device response: <KeyPress from None: t=129.02753239998128, value=b, duration=None>
129.0429 	EXP 	New trial (rep=21, index=1): <Trial 85 (1 in rep 21) data={'word': 'BLUE', 'colour': 'red', 'stimulus_condition': 'I', 'correct_response': 'r', 'thisN': 85, 'thisTrialN': 1, 'thisRepN': 21}>
129.0459 	DATA 	Keypress: b
129.0586 	EXP 	fixation: autoDraw = False
129.0586 	EXP 	text: autoDraw = False
129.0586 	EXP 	text: foreColor = <psychopy.colors.Color: red, alpha=1.0>
129.0586 	EXP 	text: height = np.float64(0.05)
129.0586 	EXP 	text: height = np.float64(0.05)
129.0586 	EXP 	text: height = np.float64(0.05)
129.0586 	EXP 	text: text = 'BLUE'
129.0586 	EXP 	fixation: autoDraw = True
129.1424 	EXP 	Device response: <KeyPress from None: t=129.02753239998128, value=b, duration=0.10632790002273396>
129.5420 	INFO 	Keyboard events cleared
129.5418 	EXP 	fixation: autoDraw = False
129.5418 	EXP 	text: autoDraw = True
130.6929 	EXP 	Device response: <KeyPress from None: t=130.6890577999875, value=r, duration=None>
130.6932 	EXP 	New trial (rep=21, index=2): <Trial 86 (2 in rep 21) data={'word': 'RED', 'colour': 'red', 'stimulus_condition': 'C', 'correct_response': 'r', 'thisN': 86, 'thisTrialN': 2, 'thisRepN': 21}>
130.6967 	DATA 	Keypress: r
130.7091 	EXP 	fixation: autoDraw = False
130.7091 	EXP 	text: autoDraw = False
130.7091 	EXP 	text: foreColor = <psychopy.colors.Color: red, alpha=1.0>
130.7091 	EXP 	text: height = np.float64(0.05)
130.7091 	EXP 	text: height = np.float64(0.05)
130.7091 	EXP 	text: height = np.float64(0.05)
130.7091 	EXP 	text: text = 'RED'
130.7091 	EXP 	fixation: autoDraw = True
130.8592 	EXP 	Device response: <KeyPress from None: t=130.6890577999875, value=r, duration=0.16096619999734685>
131.2083 	INFO 	Keyboard events cleared
131.2081 	EXP 	fixation: autoDraw = False
131.2081 	EXP 	text: autoDraw = True
131.8609 	DATA 	Keypress: r
131.8764 	EXP 	Device response: <KeyPress from None: t=131.85988800000632, value=r, duration=None>
131.8767 	EXP 	New trial (rep=21, index=3): <Trial 87 (3 in rep 21) data={'word': 'BLUE', 'colour': 'blue', 'stimulus_condition': 'C', 'correct_response': 'b', 'thisN': 87, 'thisTrialN': 3, 'thisRepN': 21}>
131.8923 	EXP 	fixation: autoDraw = False
131.8923 	EXP 	text: autoDraw = False
131.8923 	EXP 	text: foreColor = <psychopy.colors.Color: blue, alpha=1.0>
131.8923 	EXP 	text: height = np.float64(0.05)
131.8923 	EXP 	text: height = np.float64(0.05)
131.8923 	EXP 	text: height = np.float64(0.05)
131.8923 	EXP 	text: text = 'BLUE'
131.8923 	EXP 	fixation: autoDraw = True
132.0263 	EXP 	Device response: <KeyPress from None: t=131.85988800000632, value=r, duration=0.14974909997545183>
132.3755 	INFO 	Keyboard events cleared
132.3753 	EXP 	fixation: autoDraw = False
132.3753 	EXP 	text: autoDraw = True
133.1257 	EXP 	Device response: <KeyPress from None: t=133.11158879997674, value=b, duration=None>
133.1261 	EXP 	New trial (rep=22, index=0): <Trial 88 (0 in rep 22) data={'word': 'RED', 'colour': 'blue', 'stimulus_condition': 'I', 'correct_response': 'b', 'thisN': 88, 'thisTrialN': 0, 'thisRepN': 22}>
133.1304 	DATA 	Keypress: b
133.1420 	EXP 	fixation: autoDraw = False
133.1420 	EXP 	text: autoDraw = False
133.1420 	EXP 	text: foreColor = <psychopy.colors.Color: blue, alpha=1.0>
133.1420 	EXP 	text: height = np.float64(0.05)
133.1420 	EXP 	text: height = np.float64(0.05)
133.1420 	EXP 	text: height = np.float64(0.05)
133.1420 	EXP 	text: text = 'RED'
133.1420 	EXP 	fixation: autoDraw = True
133.2593 	EXP 	Device response: <KeyPress from None: t=133.11158879997674, value=b, duration=0.14705790003063157>
133.6257 	INFO 	Keyboard events cleared
133.6255 	EXP 	fixation: autoDraw = False
133.6255 	EXP 	text: autoDraw = True
134.7431 	EXP 	Device response: <KeyPress from None: t=134.7360403999919, value=b, duration=None>
134.7434 	EXP 	New trial (rep=22, index=1): <Trial 89 (1 in rep 22) data={'word': 'RED', 'colour': 'red', 'stimulus_condition': 'C', 'correct_response': 'r', 'thisN': 89, 'thisTrialN': 1, 'thisRepN': 22}>
134.7448 	DATA 	Keypress: b
134.7583 	EXP 	fixation: autoDraw = False
134.7583 	EXP 	text: autoDraw = False
134.7583 	EXP 	text: foreColor = <psychopy.colors.Color: red, alpha=1.0>
134.7583 	EXP 	text: text = 'RED'
134.7583 	EXP 	fixation: autoDraw = True
134.8758 	EXP 	Device response: <KeyPress from None: t=134.7360403999919, value=b, duration=0.13306049996754155>
135.2426 	INFO 	Keyboard events cleared
135.2424 	EXP 	fixation: autoDraw = False
135.2424 	EXP 	text: autoDraw = True
135.7428 	EXP 	Device response: <KeyPress from None: t=135.73175999999512, value=r, duration=None>
135.7430 	EXP 	New trial (rep=22, index=2): <Trial 90 (2 in rep 22) data={'word': 'BLUE', 'colour': 'blue', 'stimulus_condition': 'C', 'correct_response': 'b', 'thisN': 90, 'thisTrialN': 2, 'thisRepN': 22}>
135.7460 	DATA 	Keypress: r
135.7591 	EXP 	fixation: autoDraw = False
135.7591 	EXP 	text: autoDraw = False
135.7591 	EXP 	text: foreColor = <psychopy.colors.Color: blue, alpha=1.0>
135.7591 	EXP 	text: height = np.float64(0.05)
135.7591 	EXP 	text: height = np.float64(0.05)
135.7591 	EXP 	text: height = np.float64(0.05)
135.7591 	EXP 	text: text = 'BLUE'
135.7591 	EXP 	fixation: autoDraw = True
135.8755 	EXP 	Device response: <KeyPress from None: t=135.73175999999512, value=r, duration=0.13738289999309927>
136.2589 	INFO 	Keyboard events cleared
136.2587 	EXP 	fixation: autoDraw = False
136.2587 	EXP 	text: autoDraw = True
136.5925 	EXP 	Device response: <KeyPress from None: t=136.58058449998498, value=b, duration=None>
136.5928 	EXP 	New trial (rep=22, index=3): <Trial 91 (3 in rep 22) data={'word': 'BLUE', 'colour': 'red', 'stimulus_condition': 'I', 'correct_response': 'r', 'thisN': 91, 'thisTrialN': 3, 'thisRepN': 22}>
136.5944 	DATA 	Keypress: b
136.6087 	EXP 	fixation: autoDraw = False
136.6087 	EXP 	text: autoDraw = False
136.6087 	EXP 	text: foreColor = <psychopy.colors.Color: red, alpha=1.0>
136.6087 	EXP 	text: text = 'BLUE'
136.6087 	EXP 	fixation: autoDraw = True
136.7087 	EXP 	Device response: <KeyPress from None: t=136.58058449998498, value=b, duration=0.11551289999624714>
137.0926 	INFO 	Keyboard events cleared
137.0925 	EXP 	fixation: autoDraw = False
137.0925 	EXP 	text: autoDraw = True
138.5433 	EXP 	Device response: <KeyPress from None: t=138.53708729997743, value=r, duration=None>
138.5438 	EXP 	New trial (rep=23, index=0): <Trial 92 (0 in rep 23) data={'word': 'BLUE', 'colour': 'red', 'stimulus_condition': 'I', 'correct_response': 'r', 'thisN': 92, 'thisTrialN': 0, 'thisRepN': 23}>
138.5453 	DATA 	Keypress: r
138.5585 	EXP 	fixation: autoDraw = False
138.5585 	EXP 	text: autoDraw = False
138.5585 	EXP 	text: foreColor = <psychopy.colors.Color: red, alpha=1.0>
138.5585 	EXP 	text: text = 'BLUE'
138.5585 	EXP 	fixation: autoDraw = True
138.6756 	EXP 	Device response: <KeyPress from None: t=138.53708729997743, value=r, duration=0.13102660002186894>
139.0590 	INFO 	Keyboard events cleared
139.0588 	EXP 	fixation: autoDraw = False
139.0588 	EXP 	text: autoDraw = True
139.5598 	EXP 	Device response: <KeyPress from None: t=139.54646280000452, value=r, duration=None>
139.5601 	EXP 	New trial (rep=23, index=1): <Trial 93 (1 in rep 23) data={'word': 'RED', 'colour': 'red', 'stimulus_condition': 'C', 'correct_response': 'r', 'thisN': 93, 'thisTrialN': 1, 'thisRepN': 23}>
139.5634 	DATA 	Keypress: r
139.5758 	EXP 	fixation: autoDraw = False
139.5758 	EXP 	text: autoDraw = False
139.5758 	EXP 	text: foreColor = <psychopy.colors.Color: red, alpha=1.0>
139.5758 	EXP 	text: height = np.float64(0.05)
139.5758 	EXP 	text: height = np.float64(0.05)
139.5758 	EXP 	text: height = np.float64(0.05)
139.5758 	EXP 	text: text = 'RED'
139.5758 	EXP 	fixation: autoDraw = True
139.6753 	EXP 	Device response: <KeyPress from None: t=139.54646280000452, value=r, duration=0.12422509997850284>
140.0586 	INFO 	Keyboard events cleared
140.0585 	EXP 	fixation: autoDraw = False
140.0585 	EXP 	text: autoDraw = True
141.0096 	EXP 	Device response: <KeyPress from None: t=140.99455229996238, value=r, duration=None>
141.0099 	EXP 	New trial (rep=23, index=2): <Trial 94 (2 in rep 23) data={'word': 'RED', 'colour': 'blue', 'stimulus_condition': 'I', 'correct_response': 'b', 'thisN': 94, 'thisTrialN': 2, 'thisRepN': 23}>
141.0114 	DATA 	Keypress: r
141.0259 	EXP 	fixation: autoDraw = False
141.0259 	EXP 	text: autoDraw = False
141.0259 	EXP 	text: foreColor = <psychopy.colors.Color: blue, alpha=1.0>
141.0259 	EXP 	text: text = 'RED'
141.0259 	EXP 	fixation: autoDraw = True
141.1761 	EXP 	Device response: <KeyPress from None: t=140.99455229996238, value=r, duration=0.1666520000435412>
141.5257 	INFO 	Keyboard events cleared
141.5255 	EXP 	fixation: autoDraw = False
141.5255 	EXP 	text: autoDraw = True
142.1419 	EXP 	Device response: <KeyPress from None: t=142.1381455999799, value=b, duration=None>
142.1422 	EXP 	New trial (rep=23, index=3): <Trial 95 (3 in rep 23) data={'word': 'BLUE', 'colour': 'blue', 'stimulus_condition': 'C', 'correct_response': 'b', 'thisN': 95, 'thisTrialN': 3, 'thisRepN': 23}>
142.1454 	DATA 	Keypress: b
142.1594 	EXP 	fixation: autoDraw = False
142.1594 	EXP 	text: autoDraw = False
142.1594 	EXP 	text: foreColor = <psychopy.colors.Color: blue, alpha=1.0>
142.1594 	EXP 	text: height = np.float64(0.05)
142.1594 	EXP 	text: height = np.float64(0.05)
142.1594 	EXP 	text: height = np.float64(0.05)
142.1594 	EXP 	text: text = 'BLUE'
142.1594 	EXP 	fixation: autoDraw = True
142.3086 	EXP 	Device response: <KeyPress from None: t=142.1381455999799, value=b, duration=0.16204359999392182>
142.6429 	INFO 	Keyboard events cleared
142.6427 	EXP 	fixation: autoDraw = False
142.6427 	EXP 	text: autoDraw = True
143.4930 	EXP 	Device response: <KeyPress from None: t=143.48066010000184, value=r, duration=None>
143.4932 	EXP 	New trial (rep=24, index=0): <Trial 96 (0 in rep 24) data={'word': 'BLUE', 'colour': 'blue', 'stimulus_condition': 'C', 'correct_response': 'b', 'thisN': 96, 'thisTrialN': 0, 'thisRepN': 24}>
143.4945 	DATA 	Keypress: r
143.5094 	EXP 	fixation: autoDraw = False
143.5094 	EXP 	text: autoDraw = False
143.5094 	EXP 	text: foreColor = <psychopy.colors.Color: blue, alpha=1.0>
143.5094 	EXP 	text: text = 'BLUE'
143.5094 	EXP 	fixation: autoDraw = True
143.6419 	EXP 	Device response: <KeyPress from None: t=143.48066010000184, value=r, duration=0.15565430000424385>
143.9930 	INFO 	Keyboard events cleared
143.9928 	EXP 	fixation: autoDraw = False
143.9928 	EXP 	text: autoDraw = True
145.6756 	EXP 	Device response: <KeyPress from None: t=145.67111840000143, value=b, duration=None>
145.6759 	EXP 	New trial (rep=24, index=1): <Trial 97 (1 in rep 24) data={'word': 'BLUE', 'colour': 'red', 'stimulus_condition': 'I', 'correct_response': 'r', 'thisN': 97, 'thisTrialN': 1, 'thisRepN': 24}>
145.6773 	DATA 	Keypress: b
145.6926 	EXP 	fixation: autoDraw = False
145.6926 	EXP 	text: autoDraw = False
145.6926 	EXP 	text: foreColor = <psychopy.colors.Color: red, alpha=1.0>
145.6926 	EXP 	text: text = 'BLUE'
145.6926 	EXP 	fixation: autoDraw = True
145.8263 	EXP 	Device response: <KeyPress from None: t=145.67111840000143, value=b, duration=0.1384715999593027>
146.1757 	INFO 	Keyboard events cleared
146.1756 	EXP 	fixation: autoDraw = False
146.1756 	EXP 	text: autoDraw = True
148.3432 	DATA 	Keypress: r
148.3593 	EXP 	Device response: <KeyPress from None: t=148.3419965999783, value=r, duration=None>
148.3595 	EXP 	New trial (rep=24, index=2): <Trial 98 (2 in rep 24) data={'word': 'RED', 'colour': 'blue', 'stimulus_condition': 'I', 'correct_response': 'b', 'thisN': 98, 'thisTrialN': 2, 'thisRepN': 24}>
148.3746 	EXP 	fixation: autoDraw = False
148.3746 	EXP 	text: autoDraw = False
148.3746 	EXP 	text: foreColor = <psychopy.colors.Color: blue, alpha=1.0>
148.3746 	EXP 	text: height = np.float64(0.05)
148.3746 	EXP 	text: height = np.float64(0.05)
148.3746 	EXP 	text: height = np.float64(0.05)
148.3746 	EXP 	text: text = 'RED'
148.3746 	EXP 	fixation: autoDraw = True
148.5092 	EXP 	Device response: <KeyPress from None: t=148.3419965999783, value=r, duration=0.1564102999982424>
148.8579 	INFO 	Keyboard events cleared
148.8578 	EXP 	fixation: autoDraw = False
148.8578 	EXP 	text: autoDraw = True
149.9427 	EXP 	Device response: <KeyPress from None: t=149.93237140000565, value=b, duration=None>
149.9431 	EXP 	New trial (rep=24, index=3): <Trial 99 (3 in rep 24) data={'word': 'RED', 'colour': 'red', 'stimulus_condition': 'C', 'correct_response': 'r', 'thisN': 99, 'thisTrialN': 3, 'thisRepN': 24}>
149.9448 	DATA 	Keypress: b
149.9581 	EXP 	fixation: autoDraw = False
149.9581 	EXP 	text: autoDraw = False
149.9581 	EXP 	text: foreColor = <psychopy.colors.Color: red, alpha=1.0>
149.9581 	EXP 	text: text = 'RED'
149.9581 	EXP 	fixation: autoDraw = True
150.0941 	EXP 	Device response: <KeyPress from None: t=149.93237140000565, value=b, duration=0.1509323999634944>
150.4575 	INFO 	Keyboard events cleared
150.4573 	EXP 	fixation: autoDraw = False
150.4573 	EXP 	text: autoDraw = True
151.4595 	EXP 	Device response: <KeyPress from None: t=151.4586055999971, value=r, duration=None>
151.4614 	DATA 	Keypress: r
151.4747 	EXP 	fixation: autoDraw = False
151.4747 	EXP 	text: autoDraw = False
151.4747 	EXP 	text_3: autoDraw = True
151.6088 	EXP 	Device response: <KeyPress from None: t=151.4586055999971, value=r, duration=0.14803499996196479>
152.4747 	EXP 	text_3: autoDraw = False
152.4747 	EXP 	text_3: autoDraw = False
152.4750 	EXP 	Stroop task second_exp: status = STOPPED
152.4989 	INFO 	saved data to 'C:\\Users\\Pooja\\OneDrive\\Desktop\\stroop_exp\\data\\011_Stroop task second_exp_2025-08-22_17h25.11.182.csv'
152.5032 	INFO 	saved data to C:\Users\Pooja\OneDrive\Desktop\stroop_exp\data\011_Stroop task second_exp_2025-08-22_17h25.11.182.psydat
152.8415 	WARNING 	Stopping key buffers but this could be dangerous ifother keyboards rely on the same.
152.9134 	WARNING 	Stopping key buffers but this could be dangerous ifother keyboards rely on the same.
