30.6790 	INFO 	Loaded monitor calibration from ['2025_08_12 09:11']
30.7030 	WARNING 	User requested fullscreen with size [1536  864], but screen is actually [1920, 1080]. Using actual size
31.0193 	INFO 	Using renderer 'AMD Radeon(TM) Graphics' for graphics
31.0194 	INFO 	OpenGL version supported by driver is 4..
31.0812 	EXP 	Created window1 = Window(allowGUI=False, allowStencil=False, autoLog=True, backendConf=UNKNOWN, backgroundFit=<method-wrapper '__getattribute__' of attributeSetter object at 0x00000259D8FC4AC0>, backgroundImage=<method-wrapper '__getattribute__' of attributeSetter object at 0x00000259D8FC4A60>, bitsMode=UNKNOWN, blendMode='avg', bpc=(8, 8, 8), color=array([0, 0, 0]), colorSpace='rgb', depthBits=8, fullscr=True, gamma=None, gammaErrorPolicy='raise', infoMsg=UNKNOWN, lms=UNKNOWN, monitor=<psychopy.monitors.calibTools.Monitor object at 0x00000259D9082320>, multiSample=False, name='window1', numSamples=2, pos=[np.float64(0.0), np.float64(0.0)], screen=0, size=array([1920, 1080]), stencilBits=0, stereo=False, title='PsychoPy', units='height', useFBO=True, useRetina=False, viewOri=0.0, viewPos=None, viewScale=None, waitBlanking=True, winType='pyglet')
31.0814 	EXP 	window1: backgroundImage = ''
31.0814 	EXP 	window1: backgroundFit = 'none'
31.6603 	EXP 	window1: Attempting to measure frame rate of screen (0) ...
31.6604 	EXP 	window1: recordFrameIntervals = False
31.9842 	EXP 	window1: recordFrameIntervals = True
32.1664 	EXP 	Screen (0) actual frame rate measured at 60.50Hz
32.1665 	EXP 	window1: recordFrameIntervals = False
32.2135 	INFO 	keyboard.Keyboard is using ptb backend.
32.2138 	INFO 	keyboard.Keyboard is using ptb backend.
32.2138 	EXP 	Stroop task second_exp: status = STARTED
32.2883 	EXP 	Created text_2 = TextStim(__class__=<class 'psychopy.visual.text.TextStim'>, alignHoriz=method-wrapper(...), alignText='center', alignVert=method-wrapper(...), anchorHoriz='center', anchorVert='center', antialias=True, autoDraw=False, autoLog=True, bold=False, color=array([1., 1., 1.]), colorSpace='rgb', contrast=1.0, depth=0.0, draggable=False, flipHoriz=False, flipVert=False, font='Arial', fontFiles=[], height=np.float64(0.05), italic=False, languageStyle='LTR', name='text_2', opacity=1, ori=0.0, pos=array([0., 0.]), rgb=UNKNOWN, text='Welcome ', units='height', win=Window(...), wrapWidth=1)
32.2946 	EXP 	Created fixation = ShapeStim(__class__=<class 'psychopy.visual.shape.ShapeStim'>, anchor=('center', 'center'), autoDraw=False, autoLog=True, closeShape=True, color=method-wrapper(...), colorSpace='rgb', contrast=None, depth=0.0, draggable=False, fillColor=array([1, 1, 1]), fillColorSpace='rgb', fillRGB=array([1, 1, 1]), interpolate=True, lineColor=array([1., 1., 1.]), lineColorSpace='rgb', lineRGB=array([1, 1, 1]), lineWidth=1.0, name='fixation', opacity=1, ori=0.0, pos=array([0., 0.]), size=array([10., 10.]), units='pix', vertices=ndarray(...), win=Window(...), windingRule=None)
32.2957 	EXP 	Created text = TextStim(__class__=<class 'psychopy.visual.text.TextStim'>, alignHoriz=method-wrapper(...), alignText='center', alignVert=method-wrapper(...), anchorHoriz='center', anchorVert='center', antialias=True, autoDraw=False, autoLog=True, bold=False, color=array([1., 1., 1.]), colorSpace='rgb', contrast=1.0, depth=-1.0, draggable=False, flipHoriz=False, flipVert=False, font='Arial', fontFiles=[], height=0.05, italic=False, languageStyle='LTR', name='text', opacity=1, ori=0.0, pos=array([0., 0.]), rgb=UNKNOWN, text='', units='height', win=Window(...), wrapWidth=1)
32.3042 	EXP 	Created text_3 = TextStim(__class__=<class 'psychopy.visual.text.TextStim'>, alignHoriz=method-wrapper(...), alignText='center', alignVert=method-wrapper(...), anchorHoriz='center', anchorVert='center', antialias=True, autoDraw=False, autoLog=True, bold=False, color=array([1., 1., 1.]), colorSpace='rgb', contrast=1.0, depth=0.0, draggable=False, flipHoriz=False, flipVert=False, font='Arial', fontFiles=[], height=np.float64(0.05), italic=False, languageStyle='LTR', name='text_3', opacity=1, ori=0.0, pos=array([0., 0.]), rgb=UNKNOWN, text='Thank you', units='height', win=Window(...), wrapWidth=1)
0.0193 	EXP 	text_2: autoDraw = True
1.0128 	EXP 	Imported condd.xlsx as conditions, 4 conditions, 4 params
1.0176 	EXP 	New trial (rep=0, index=0): <Trial 0 (0 in rep 0) data={'word': 'BLUE', 'colour': 'blue', 'stimulus_condition': 'C', 'correct_response': 'b', 'thisN': 0, 'thisTrialN': 0, 'thisRepN': 0}>
1.0336 	EXP 	text_2: autoDraw = False
1.0336 	EXP 	text: foreColor = <psychopy.colors.Color: blue, alpha=1.0>
1.0336 	EXP 	text: height = np.float64(0.05)
1.0336 	EXP 	text: height = np.float64(0.05)
1.0336 	EXP 	text: height = np.float64(0.05)
1.0336 	EXP 	text: text = 'BLUE'
1.0336 	EXP 	fixation: autoDraw = True
1.5048 	INFO 	Keyboard events cleared
1.5046 	EXP 	fixation: autoDraw = False
1.5046 	EXP 	text: autoDraw = True
2.0799 	EXP 	Device response: <KeyPress from None: t=2.061505699995905, value=b, duration=None>
2.0803 	EXP 	New trial (rep=0, index=1): <Trial 1 (1 in rep 0) data={'word': 'RED', 'colour': 'blue', 'stimulus_condition': 'I', 'correct_response': 'b', 'thisN': 1, 'thisTrialN': 1, 'thisRepN': 0}>
2.0863 	DATA 	Keypress: b
2.0935 	EXP 	fixation: autoDraw = False
2.0935 	EXP 	text: autoDraw = False
2.0935 	EXP 	text: foreColor = <psychopy.colors.Color: blue, alpha=1.0>
2.0935 	EXP 	text: height = np.float64(0.05)
2.0935 	EXP 	text: height = np.float64(0.05)
2.0935 	EXP 	text: height = np.float64(0.05)
2.0935 	EXP 	text: text = 'RED'
2.0935 	EXP 	fixation: autoDraw = True
2.1720 	EXP 	Device response: <KeyPress from None: t=2.061505699995905, value=b, duration=0.10470920003717765>
2.5897 	INFO 	Keyboard events cleared
2.5895 	EXP 	fixation: autoDraw = False
2.5895 	EXP 	text: autoDraw = True
3.9070 	EXP 	Device response: <KeyPress from None: t=3.900123400031589, value=b, duration=None>
3.9074 	EXP 	New trial (rep=0, index=2): <Trial 2 (2 in rep 0) data={'word': 'BLUE', 'colour': 'red', 'stimulus_condition': 'I', 'correct_response': 'r', 'thisN': 2, 'thisTrialN': 2, 'thisRepN': 0}>
3.9104 	DATA 	Keypress: b
3.9213 	EXP 	fixation: autoDraw = False
3.9213 	EXP 	text: autoDraw = False
3.9213 	EXP 	text: foreColor = <psychopy.colors.Color: red, alpha=1.0>
3.9213 	EXP 	text: height = np.float64(0.05)
3.9213 	EXP 	text: height = np.float64(0.05)
3.9213 	EXP 	text: height = np.float64(0.05)
3.9213 	EXP 	text: text = 'BLUE'
3.9213 	EXP 	fixation: autoDraw = True
4.0063 	EXP 	Device response: <KeyPress from None: t=3.900123400031589, value=b, duration=0.0974593999562785>
4.4065 	INFO 	Keyboard events cleared
4.4063 	EXP 	fixation: autoDraw = False
4.4063 	EXP 	text: autoDraw = True
5.4563 	EXP 	Device response: <KeyPress from None: t=5.44514630001504, value=r, duration=None>
5.4566 	EXP 	New trial (rep=0, index=3): <Trial 3 (3 in rep 0) data={'word': 'RED', 'colour': 'red', 'stimulus_condition': 'C', 'correct_response': 'r', 'thisN': 3, 'thisTrialN': 3, 'thisRepN': 0}>
5.4596 	DATA 	Keypress: r
5.4726 	EXP 	fixation: autoDraw = False
5.4726 	EXP 	text: autoDraw = False
5.4726 	EXP 	text: foreColor = <psychopy.colors.Color: red, alpha=1.0>
5.4726 	EXP 	text: height = np.float64(0.05)
5.4726 	EXP 	text: height = np.float64(0.05)
5.4726 	EXP 	text: height = np.float64(0.05)
5.4726 	EXP 	text: text = 'RED'
5.4726 	EXP 	fixation: autoDraw = True
5.6061 	EXP 	Device response: <KeyPress from None: t=5.44514630001504, value=r, duration=0.1515454999753274>
5.9565 	INFO 	Keyboard events cleared
5.9564 	EXP 	fixation: autoDraw = False
5.9564 	EXP 	text: autoDraw = True
6.5900 	EXP 	Device response: <KeyPress from None: t=6.5804646000033244, value=r, duration=None>
6.5902 	EXP 	New trial (rep=1, index=0): <Trial 4 (0 in rep 1) data={'word': 'RED', 'colour': 'red', 'stimulus_condition': 'C', 'correct_response': 'r', 'thisN': 4, 'thisTrialN': 0, 'thisRepN': 1}>
6.5915 	DATA 	Keypress: r
6.6054 	EXP 	fixation: autoDraw = False
6.6054 	EXP 	text: autoDraw = False
6.6054 	EXP 	text: foreColor = <psychopy.colors.Color: red, alpha=1.0>
6.6054 	EXP 	text: text = 'RED'
6.6054 	EXP 	fixation: autoDraw = True
6.7235 	EXP 	Device response: <KeyPress from None: t=6.5804646000033244, value=r, duration=0.13926199998240918>
7.0896 	INFO 	Keyboard events cleared
7.0894 	EXP 	fixation: autoDraw = False
7.0894 	EXP 	text: autoDraw = True
7.8895 	EXP 	Device response: <KeyPress from None: t=7.88772689999314, value=r, duration=None>
7.8898 	EXP 	New trial (rep=1, index=1): <Trial 5 (1 in rep 1) data={'word': 'BLUE', 'colour': 'red', 'stimulus_condition': 'I', 'correct_response': 'r', 'thisN': 5, 'thisTrialN': 1, 'thisRepN': 1}>
7.8926 	DATA 	Keypress: r
7.9064 	EXP 	fixation: autoDraw = False
7.9064 	EXP 	text: autoDraw = False
7.9064 	EXP 	text: foreColor = <psychopy.colors.Color: red, alpha=1.0>
7.9064 	EXP 	text: height = np.float64(0.05)
7.9064 	EXP 	text: height = np.float64(0.05)
7.9064 	EXP 	text: height = np.float64(0.05)
7.9064 	EXP 	text: text = 'BLUE'
7.9064 	EXP 	fixation: autoDraw = True
8.0567 	EXP 	Device response: <KeyPress from None: t=7.88772689999314, value=r, duration=0.1531912999926135>
8.3898 	INFO 	Keyboard events cleared
8.3896 	EXP 	fixation: autoDraw = False
8.3896 	EXP 	text: autoDraw = True
9.7238 	DATA 	Keypress: r
9.7403 	EXP 	Device response: <KeyPress from None: t=9.723053099995013, value=r, duration=None>
9.7406 	EXP 	New trial (rep=1, index=2): <Trial 6 (2 in rep 1) data={'word': 'RED', 'colour': 'blue', 'stimulus_condition': 'I', 'correct_response': 'b', 'thisN': 6, 'thisTrialN': 2, 'thisRepN': 1}>
9.7565 	EXP 	fixation: autoDraw = False
9.7565 	EXP 	text: autoDraw = False
9.7565 	EXP 	text: foreColor = <psychopy.colors.Color: blue, alpha=1.0>
9.7565 	EXP 	text: height = np.float64(0.05)
9.7565 	EXP 	text: height = np.float64(0.05)
9.7565 	EXP 	text: height = np.float64(0.05)
9.7565 	EXP 	text: text = 'RED'
9.7565 	EXP 	fixation: autoDraw = True
9.8567 	EXP 	Device response: <KeyPress from None: t=9.723053099995013, value=r, duration=0.11643360002199188>
10.2395 	INFO 	Keyboard events cleared
10.2394 	EXP 	fixation: autoDraw = False
10.2394 	EXP 	text: autoDraw = True
10.7740 	EXP 	Device response: <KeyPress from None: t=10.769802500028163, value=b, duration=None>
10.7745 	EXP 	New trial (rep=1, index=3): <Trial 7 (3 in rep 1) data={'word': 'BLUE', 'colour': 'blue', 'stimulus_condition': 'C', 'correct_response': 'b', 'thisN': 7, 'thisTrialN': 3, 'thisRepN': 1}>
10.7780 	DATA 	Keypress: b
10.7894 	EXP 	fixation: autoDraw = False
10.7894 	EXP 	text: autoDraw = False
10.7894 	EXP 	text: foreColor = <psychopy.colors.Color: blue, alpha=1.0>
10.7894 	EXP 	text: height = np.float64(0.05)
10.7894 	EXP 	text: height = np.float64(0.05)
10.7894 	EXP 	text: height = np.float64(0.05)
10.7894 	EXP 	text: text = 'BLUE'
10.7894 	EXP 	fixation: autoDraw = True
10.8887 	EXP 	Device response: <KeyPress from None: t=10.769802500028163, value=b, duration=0.11343470000429079>
11.2899 	INFO 	Keyboard events cleared
11.2897 	EXP 	fixation: autoDraw = False
11.2897 	EXP 	text: autoDraw = True
11.8897 	EXP 	Device response: <KeyPress from None: t=11.880905300029553, value=b, duration=None>
11.8900 	EXP 	New trial (rep=2, index=0): <Trial 8 (0 in rep 2) data={'word': 'RED', 'colour': 'blue', 'stimulus_condition': 'I', 'correct_response': 'b', 'thisN': 8, 'thisTrialN': 0, 'thisRepN': 2}>
11.8930 	DATA 	Keypress: b
11.9052 	EXP 	fixation: autoDraw = False
11.9052 	EXP 	text: autoDraw = False
11.9052 	EXP 	text: foreColor = <psychopy.colors.Color: blue, alpha=1.0>
11.9052 	EXP 	text: height = np.float64(0.05)
11.9052 	EXP 	text: height = np.float64(0.05)
11.9052 	EXP 	text: height = np.float64(0.05)
11.9052 	EXP 	text: text = 'RED'
11.9052 	EXP 	fixation: autoDraw = True
12.0220 	EXP 	Device response: <KeyPress from None: t=11.880905300029553, value=b, duration=0.13161059998674318>
12.4061 	INFO 	Keyboard events cleared
12.4059 	EXP 	fixation: autoDraw = False
12.4059 	EXP 	text: autoDraw = True
14.0221 	EXP 	Device response: <KeyPress from None: t=14.017610799986869, value=b, duration=None>
14.0224 	EXP 	New trial (rep=2, index=1): <Trial 9 (1 in rep 2) data={'word': 'BLUE', 'colour': 'blue', 'stimulus_condition': 'C', 'correct_response': 'b', 'thisN': 9, 'thisTrialN': 1, 'thisRepN': 2}>
14.0264 	DATA 	Keypress: b
14.0390 	EXP 	fixation: autoDraw = False
14.0390 	EXP 	text: autoDraw = False
14.0390 	EXP 	text: foreColor = <psychopy.colors.Color: blue, alpha=1.0>
14.0390 	EXP 	text: height = np.float64(0.05)
14.0390 	EXP 	text: height = np.float64(0.05)
14.0390 	EXP 	text: height = np.float64(0.05)
14.0390 	EXP 	text: text = 'BLUE'
14.0390 	EXP 	fixation: autoDraw = True
14.1214 	EXP 	Device response: <KeyPress from None: t=14.017610799986869, value=b, duration=0.09822710003936663>
14.5382 	INFO 	Keyboard events cleared
14.5381 	EXP 	fixation: autoDraw = False
14.5381 	EXP 	text: autoDraw = True
15.2057 	EXP 	Device response: <KeyPress from None: t=15.19663560000481, value=b, duration=None>
15.2060 	EXP 	New trial (rep=2, index=2): <Trial 10 (2 in rep 2) data={'word': 'RED', 'colour': 'red', 'stimulus_condition': 'C', 'correct_response': 'r', 'thisN': 10, 'thisTrialN': 2, 'thisRepN': 2}>
15.2092 	DATA 	Keypress: b
15.2217 	EXP 	fixation: autoDraw = False
15.2217 	EXP 	text: autoDraw = False
15.2217 	EXP 	text: foreColor = <psychopy.colors.Color: red, alpha=1.0>
15.2217 	EXP 	text: height = np.float64(0.05)
15.2217 	EXP 	text: height = np.float64(0.05)
15.2217 	EXP 	text: height = np.float64(0.05)
15.2217 	EXP 	text: text = 'RED'
15.2217 	EXP 	fixation: autoDraw = True
15.3227 	EXP 	Device response: <KeyPress from None: t=15.19663560000481, value=b, duration=0.12493619997985661>
15.7066 	INFO 	Keyboard events cleared
15.7065 	EXP 	fixation: autoDraw = False
15.7065 	EXP 	text: autoDraw = True
16.3054 	EXP 	Device response: <KeyPress from None: t=16.30120630003512, value=r, duration=None>
16.3056 	EXP 	New trial (rep=2, index=3): <Trial 11 (3 in rep 2) data={'word': 'BLUE', 'colour': 'red', 'stimulus_condition': 'I', 'correct_response': 'r', 'thisN': 11, 'thisTrialN': 3, 'thisRepN': 2}>
16.3085 	DATA 	Keypress: r
16.3218 	EXP 	fixation: autoDraw = False
16.3218 	EXP 	text: autoDraw = False
16.3218 	EXP 	text: foreColor = <psychopy.colors.Color: red, alpha=1.0>
16.3218 	EXP 	text: height = np.float64(0.05)
16.3218 	EXP 	text: height = np.float64(0.05)
16.3218 	EXP 	text: height = np.float64(0.05)
16.3218 	EXP 	text: text = 'BLUE'
16.3218 	EXP 	fixation: autoDraw = True
16.4401 	EXP 	Device response: <KeyPress from None: t=16.30120630003512, value=r, duration=0.1318051999551244>
16.8066 	INFO 	Keyboard events cleared
16.8065 	EXP 	fixation: autoDraw = False
16.8065 	EXP 	text: autoDraw = True
17.5735 	EXP 	Device response: <KeyPress from None: t=17.562647200014908, value=b, duration=None>
17.5737 	EXP 	New trial (rep=3, index=0): <Trial 12 (0 in rep 3) data={'word': 'BLUE', 'colour': 'red', 'stimulus_condition': 'I', 'correct_response': 'r', 'thisN': 12, 'thisTrialN': 0, 'thisRepN': 3}>
17.5751 	DATA 	Keypress: b
17.5893 	EXP 	fixation: autoDraw = False
17.5893 	EXP 	text: autoDraw = False
17.5893 	EXP 	text: foreColor = <psychopy.colors.Color: red, alpha=1.0>
17.5893 	EXP 	text: text = 'BLUE'
17.5893 	EXP 	fixation: autoDraw = True
17.6725 	EXP 	Device response: <KeyPress from None: t=17.562647200014908, value=b, duration=0.10661720001371577>
18.0734 	INFO 	Keyboard events cleared
18.0733 	EXP 	fixation: autoDraw = False
18.0733 	EXP 	text: autoDraw = True
18.7735 	EXP 	Device response: <KeyPress from None: t=18.761209700023755, value=b, duration=None>
18.7738 	EXP 	New trial (rep=3, index=1): <Trial 13 (1 in rep 3) data={'word': 'RED', 'colour': 'blue', 'stimulus_condition': 'I', 'correct_response': 'b', 'thisN': 13, 'thisTrialN': 1, 'thisRepN': 3}>
18.7767 	DATA 	Keypress: b
18.7892 	EXP 	fixation: autoDraw = False
18.7892 	EXP 	text: autoDraw = False
18.7892 	EXP 	text: foreColor = <psychopy.colors.Color: blue, alpha=1.0>
18.7892 	EXP 	text: height = np.float64(0.05)
18.7892 	EXP 	text: height = np.float64(0.05)
18.7892 	EXP 	text: height = np.float64(0.05)
18.7892 	EXP 	text: text = 'RED'
18.7892 	EXP 	fixation: autoDraw = True
18.8571 	EXP 	Device response: <KeyPress from None: t=18.761209700023755, value=b, duration=0.08574710000539199>
19.2733 	INFO 	Keyboard events cleared
19.2732 	EXP 	fixation: autoDraw = False
19.2732 	EXP 	text: autoDraw = True
20.2233 	EXP 	Device response: <KeyPress from None: t=20.213641299982555, value=r, duration=None>
20.2236 	EXP 	New trial (rep=3, index=2): <Trial 14 (2 in rep 3) data={'word': 'BLUE', 'colour': 'blue', 'stimulus_condition': 'C', 'correct_response': 'b', 'thisN': 14, 'thisTrialN': 2, 'thisRepN': 3}>
20.2269 	DATA 	Keypress: r
20.2399 	EXP 	fixation: autoDraw = False
20.2399 	EXP 	text: autoDraw = False
20.2399 	EXP 	text: foreColor = <psychopy.colors.Color: blue, alpha=1.0>
20.2399 	EXP 	text: height = np.float64(0.05)
20.2399 	EXP 	text: height = np.float64(0.05)
20.2399 	EXP 	text: height = np.float64(0.05)
20.2399 	EXP 	text: text = 'BLUE'
20.2399 	EXP 	fixation: autoDraw = True
20.3567 	EXP 	Device response: <KeyPress from None: t=20.213641299982555, value=r, duration=0.14059890003409237>
20.7402 	INFO 	Keyboard events cleared
20.7400 	EXP 	fixation: autoDraw = False
20.7400 	EXP 	text: autoDraw = True
22.3739 	EXP 	Device response: <KeyPress from None: t=22.361891000007745, value=b, duration=None>
22.3744 	EXP 	New trial (rep=3, index=3): <Trial 15 (3 in rep 3) data={'word': 'RED', 'colour': 'red', 'stimulus_condition': 'C', 'correct_response': 'r', 'thisN': 15, 'thisTrialN': 3, 'thisRepN': 3}>
22.3774 	DATA 	Keypress: b
22.3900 	EXP 	fixation: autoDraw = False
22.3900 	EXP 	text: autoDraw = False
22.3900 	EXP 	text: foreColor = <psychopy.colors.Color: red, alpha=1.0>
22.3900 	EXP 	text: height = np.float64(0.05)
22.3900 	EXP 	text: height = np.float64(0.05)
22.3900 	EXP 	text: height = np.float64(0.05)
22.3900 	EXP 	text: text = 'RED'
22.3900 	EXP 	fixation: autoDraw = True
22.4573 	EXP 	Device response: <KeyPress from None: t=22.361891000007745, value=b, duration=0.07890650001354516>
22.8736 	INFO 	Keyboard events cleared
22.8734 	EXP 	fixation: autoDraw = False
22.8734 	EXP 	text: autoDraw = True
23.5074 	EXP 	Device response: <KeyPress from None: t=23.491253399988636, value=r, duration=None>
23.5078 	EXP 	New trial (rep=4, index=0): <Trial 16 (0 in rep 4) data={'word': 'RED', 'colour': 'blue', 'stimulus_condition': 'I', 'correct_response': 'b', 'thisN': 16, 'thisTrialN': 0, 'thisRepN': 4}>
23.5091 	DATA 	Keypress: r
23.5236 	EXP 	fixation: autoDraw = False
23.5236 	EXP 	text: autoDraw = False
23.5236 	EXP 	text: foreColor = <psychopy.colors.Color: blue, alpha=1.0>
23.5236 	EXP 	text: text = 'RED'
23.5236 	EXP 	fixation: autoDraw = True
23.5894 	EXP 	Device response: <KeyPress from None: t=23.491253399988636, value=r, duration=0.09132710000267252>
24.0051 	INFO 	Keyboard events cleared
24.0050 	EXP 	fixation: autoDraw = False
24.0050 	EXP 	text: autoDraw = True
25.5071 	EXP 	Device response: <KeyPress from None: t=25.494134999986272, value=b, duration=None>
25.5074 	EXP 	New trial (rep=4, index=1): <Trial 17 (1 in rep 4) data={'word': 'RED', 'colour': 'red', 'stimulus_condition': 'C', 'correct_response': 'r', 'thisN': 17, 'thisTrialN': 1, 'thisRepN': 4}>
25.5089 	DATA 	Keypress: b
25.5226 	EXP 	fixation: autoDraw = False
25.5226 	EXP 	text: autoDraw = False
25.5226 	EXP 	text: foreColor = <psychopy.colors.Color: red, alpha=1.0>
25.5226 	EXP 	text: text = 'RED'
25.5226 	EXP 	fixation: autoDraw = True
25.5893 	EXP 	Device response: <KeyPress from None: t=25.494134999986272, value=b, duration=0.09224490000633523>
26.0068 	INFO 	Keyboard events cleared
26.0066 	EXP 	fixation: autoDraw = False
26.0066 	EXP 	text: autoDraw = True
26.6406 	EXP 	Device response: <KeyPress from None: t=26.63359710003715, value=r, duration=None>
26.6409 	EXP 	New trial (rep=4, index=2): <Trial 18 (2 in rep 4) data={'word': 'BLUE', 'colour': 'blue', 'stimulus_condition': 'C', 'correct_response': 'b', 'thisN': 18, 'thisTrialN': 2, 'thisRepN': 4}>
26.6442 	DATA 	Keypress: r
26.6555 	EXP 	fixation: autoDraw = False
26.6555 	EXP 	text: autoDraw = False
26.6555 	EXP 	text: foreColor = <psychopy.colors.Color: blue, alpha=1.0>
26.6555 	EXP 	text: height = np.float64(0.05)
26.6555 	EXP 	text: height = np.float64(0.05)
26.6555 	EXP 	text: height = np.float64(0.05)
26.6555 	EXP 	text: text = 'BLUE'
26.6555 	EXP 	fixation: autoDraw = True
26.7238 	EXP 	Device response: <KeyPress from None: t=26.63359710003715, value=r, duration=0.08742539997911081>
27.1402 	INFO 	Keyboard events cleared
27.1400 	EXP 	fixation: autoDraw = False
27.1400 	EXP 	text: autoDraw = True
27.6405 	EXP 	Device response: <KeyPress from None: t=27.629891099990346, value=b, duration=None>
27.6407 	EXP 	New trial (rep=4, index=3): <Trial 19 (3 in rep 4) data={'word': 'BLUE', 'colour': 'red', 'stimulus_condition': 'I', 'correct_response': 'r', 'thisN': 19, 'thisTrialN': 3, 'thisRepN': 4}>
27.6420 	DATA 	Keypress: b
27.6552 	EXP 	fixation: autoDraw = False
27.6552 	EXP 	text: autoDraw = False
27.6552 	EXP 	text: foreColor = <psychopy.colors.Color: red, alpha=1.0>
27.6552 	EXP 	text: text = 'BLUE'
27.6552 	EXP 	fixation: autoDraw = True
27.7408 	EXP 	Device response: <KeyPress from None: t=27.629891099990346, value=b, duration=0.10106070002075285>
28.1568 	INFO 	Keyboard events cleared
28.1567 	EXP 	fixation: autoDraw = False
28.1567 	EXP 	text: autoDraw = True
29.3401 	EXP 	Device response: <KeyPress from None: t=29.32461200002581, value=r, duration=None>
29.3403 	EXP 	New trial (rep=5, index=0): <Trial 20 (0 in rep 5) data={'word': 'RED', 'colour': 'red', 'stimulus_condition': 'C', 'correct_response': 'r', 'thisN': 20, 'thisTrialN': 0, 'thisRepN': 5}>
29.3440 	DATA 	Keypress: r
29.3563 	EXP 	fixation: autoDraw = False
29.3563 	EXP 	text: autoDraw = False
29.3563 	EXP 	text: foreColor = <psychopy.colors.Color: red, alpha=1.0>
29.3563 	EXP 	text: height = np.float64(0.05)
29.3563 	EXP 	text: height = np.float64(0.05)
29.3563 	EXP 	text: height = np.float64(0.05)
29.3563 	EXP 	text: text = 'RED'
29.3563 	EXP 	fixation: autoDraw = True
29.4235 	EXP 	Device response: <KeyPress from None: t=29.32461200002581, value=r, duration=0.08201099996222183>
29.8547 	INFO 	Keyboard events cleared
29.8546 	EXP 	fixation: autoDraw = False
29.8546 	EXP 	text: autoDraw = True
30.7882 	EXP 	Device response: <KeyPress from None: t=30.77284290001262, value=r, duration=None>
30.7884 	EXP 	New trial (rep=5, index=1): <Trial 21 (1 in rep 5) data={'word': 'BLUE', 'colour': 'red', 'stimulus_condition': 'I', 'correct_response': 'r', 'thisN': 21, 'thisTrialN': 1, 'thisRepN': 5}>
30.7918 	DATA 	Keypress: r
30.8046 	EXP 	fixation: autoDraw = False
30.8046 	EXP 	text: autoDraw = False
30.8046 	EXP 	text: foreColor = <psychopy.colors.Color: red, alpha=1.0>
30.8046 	EXP 	text: height = np.float64(0.05)
30.8046 	EXP 	text: height = np.float64(0.05)
30.8046 	EXP 	text: height = np.float64(0.05)
30.8046 	EXP 	text: text = 'BLUE'
30.8046 	EXP 	fixation: autoDraw = True
30.8886 	EXP 	Device response: <KeyPress from None: t=30.77284290001262, value=r, duration=0.10561869997764006>
31.2873 	INFO 	Keyboard events cleared
31.2872 	EXP 	fixation: autoDraw = False
31.2872 	EXP 	text: autoDraw = True
32.0708 	EXP 	Device response: <KeyPress from None: t=32.06704890000401, value=r, duration=None>
32.0710 	EXP 	New trial (rep=5, index=2): <Trial 22 (2 in rep 5) data={'word': 'RED', 'colour': 'blue', 'stimulus_condition': 'I', 'correct_response': 'b', 'thisN': 22, 'thisTrialN': 2, 'thisRepN': 5}>
32.0737 	DATA 	Keypress: r
32.0876 	EXP 	fixation: autoDraw = False
32.0876 	EXP 	text: autoDraw = False
32.0876 	EXP 	text: foreColor = <psychopy.colors.Color: blue, alpha=1.0>
32.0876 	EXP 	text: height = np.float64(0.05)
32.0876 	EXP 	text: height = np.float64(0.05)
32.0876 	EXP 	text: height = np.float64(0.05)
32.0876 	EXP 	text: text = 'RED'
32.0876 	EXP 	fixation: autoDraw = True
32.1708 	EXP 	Device response: <KeyPress from None: t=32.06704890000401, value=r, duration=0.09856509999372065>
32.5732 	INFO 	Keyboard events cleared
32.5731 	EXP 	fixation: autoDraw = False
32.5731 	EXP 	text: autoDraw = True
33.6732 	EXP 	Device response: <KeyPress from None: t=33.66903019999154, value=b, duration=None>
33.6735 	EXP 	New trial (rep=5, index=3): <Trial 23 (3 in rep 5) data={'word': 'BLUE', 'colour': 'blue', 'stimulus_condition': 'C', 'correct_response': 'b', 'thisN': 23, 'thisTrialN': 3, 'thisRepN': 5}>
33.6768 	DATA 	Keypress: b
33.6903 	EXP 	fixation: autoDraw = False
33.6903 	EXP 	text: autoDraw = False
33.6903 	EXP 	text: foreColor = <psychopy.colors.Color: blue, alpha=1.0>
33.6903 	EXP 	text: height = np.float64(0.05)
33.6903 	EXP 	text: height = np.float64(0.05)
33.6903 	EXP 	text: height = np.float64(0.05)
33.6903 	EXP 	text: text = 'BLUE'
33.6903 	EXP 	fixation: autoDraw = True
33.7904 	EXP 	Device response: <KeyPress from None: t=33.66903019999154, value=b, duration=0.12086600001202896>
34.1739 	INFO 	Keyboard events cleared
34.1736 	EXP 	fixation: autoDraw = False
34.1736 	EXP 	text: autoDraw = True
35.0087 	DATA 	Keypress: b
35.0238 	EXP 	Device response: <KeyPress from None: t=35.00816110003507, value=b, duration=None>
35.0242 	EXP 	New trial (rep=6, index=0): <Trial 24 (0 in rep 6) data={'word': 'RED', 'colour': 'blue', 'stimulus_condition': 'I', 'correct_response': 'b', 'thisN': 24, 'thisTrialN': 0, 'thisRepN': 6}>
35.0399 	EXP 	fixation: autoDraw = False
35.0399 	EXP 	text: autoDraw = False
35.0399 	EXP 	text: foreColor = <psychopy.colors.Color: blue, alpha=1.0>
35.0399 	EXP 	text: height = np.float64(0.05)
35.0399 	EXP 	text: height = np.float64(0.05)
35.0399 	EXP 	text: height = np.float64(0.05)
35.0399 	EXP 	text: text = 'RED'
35.0399 	EXP 	fixation: autoDraw = True
35.1070 	EXP 	Device response: <KeyPress from None: t=35.00816110003507, value=b, duration=0.09678679995704442>
35.5396 	INFO 	Keyboard events cleared
35.5395 	EXP 	fixation: autoDraw = False
35.5395 	EXP 	text: autoDraw = True
37.3399 	EXP 	Device response: <KeyPress from None: t=37.33112360001542, value=b, duration=None>
37.3401 	EXP 	New trial (rep=6, index=1): <Trial 25 (1 in rep 6) data={'word': 'RED', 'colour': 'red', 'stimulus_condition': 'C', 'correct_response': 'r', 'thisN': 25, 'thisTrialN': 1, 'thisRepN': 6}>
37.3413 	DATA 	Keypress: b
37.3553 	EXP 	fixation: autoDraw = False
37.3553 	EXP 	text: autoDraw = False
37.3553 	EXP 	text: foreColor = <psychopy.colors.Color: red, alpha=1.0>
37.3553 	EXP 	text: text = 'RED'
37.3553 	EXP 	fixation: autoDraw = True
37.4560 	EXP 	Device response: <KeyPress from None: t=37.33112360001542, value=b, duration=0.10997829999541864>
37.8405 	INFO 	Keyboard events cleared
37.8403 	EXP 	fixation: autoDraw = False
37.8403 	EXP 	text: autoDraw = True
38.4752 	EXP 	Device response: <KeyPress from None: t=38.471384300035425, value=r, duration=None>
38.4755 	EXP 	New trial (rep=6, index=2): <Trial 26 (2 in rep 6) data={'word': 'BLUE', 'colour': 'blue', 'stimulus_condition': 'C', 'correct_response': 'b', 'thisN': 26, 'thisTrialN': 2, 'thisRepN': 6}>
38.4794 	DATA 	Keypress: r
38.4897 	EXP 	fixation: autoDraw = False
38.4897 	EXP 	text: autoDraw = False
38.4897 	EXP 	text: foreColor = <psychopy.colors.Color: blue, alpha=1.0>
38.4897 	EXP 	text: height = np.float64(0.05)
38.4897 	EXP 	text: height = np.float64(0.05)
38.4897 	EXP 	text: height = np.float64(0.05)
38.4897 	EXP 	text: text = 'BLUE'
38.4897 	EXP 	fixation: autoDraw = True
38.5910 	EXP 	Device response: <KeyPress from None: t=38.471384300035425, value=r, duration=0.10311609995551407>
38.9905 	INFO 	Keyboard events cleared
38.9903 	EXP 	fixation: autoDraw = False
38.9903 	EXP 	text: autoDraw = True
39.6914 	EXP 	Device response: <KeyPress from None: t=39.687917300034314, value=b, duration=None>
39.6919 	EXP 	New trial (rep=6, index=3): <Trial 27 (3 in rep 6) data={'word': 'BLUE', 'colour': 'red', 'stimulus_condition': 'I', 'correct_response': 'r', 'thisN': 27, 'thisTrialN': 3, 'thisRepN': 6}>
39.6933 	DATA 	Keypress: b
39.7065 	EXP 	fixation: autoDraw = False
39.7065 	EXP 	text: autoDraw = False
39.7065 	EXP 	text: foreColor = <psychopy.colors.Color: red, alpha=1.0>
39.7065 	EXP 	text: text = 'BLUE'
39.7065 	EXP 	fixation: autoDraw = True
39.7899 	EXP 	Device response: <KeyPress from None: t=39.687917300034314, value=b, duration=0.10148209996987134>
40.2068 	INFO 	Keyboard events cleared
40.2067 	EXP 	fixation: autoDraw = False
40.2067 	EXP 	text: autoDraw = True
41.5901 	EXP 	Device response: <KeyPress from None: t=41.57831210002769, value=r, duration=None>
41.5904 	EXP 	New trial (rep=7, index=0): <Trial 28 (0 in rep 7) data={'word': 'BLUE', 'colour': 'red', 'stimulus_condition': 'I', 'correct_response': 'r', 'thisN': 28, 'thisTrialN': 0, 'thisRepN': 7}>
41.5919 	DATA 	Keypress: r
41.6067 	EXP 	fixation: autoDraw = False
41.6067 	EXP 	text: autoDraw = False
41.6067 	EXP 	text: foreColor = <psychopy.colors.Color: red, alpha=1.0>
41.6067 	EXP 	text: text = 'BLUE'
41.6067 	EXP 	fixation: autoDraw = True
41.7069 	EXP 	Device response: <KeyPress from None: t=41.57831210002769, value=r, duration=0.1276668999926187>
42.0905 	INFO 	Keyboard events cleared
42.0904 	EXP 	fixation: autoDraw = False
42.0904 	EXP 	text: autoDraw = True
43.2062 	EXP 	Device response: <KeyPress from None: t=43.197807700023986, value=r, duration=None>
43.2065 	EXP 	New trial (rep=7, index=1): <Trial 29 (1 in rep 7) data={'word': 'RED', 'colour': 'red', 'stimulus_condition': 'C', 'correct_response': 'r', 'thisN': 29, 'thisTrialN': 1, 'thisRepN': 7}>
43.2095 	DATA 	Keypress: r
43.2220 	EXP 	fixation: autoDraw = False
43.2220 	EXP 	text: autoDraw = False
43.2220 	EXP 	text: foreColor = <psychopy.colors.Color: red, alpha=1.0>
43.2220 	EXP 	text: height = np.float64(0.05)
43.2220 	EXP 	text: height = np.float64(0.05)
43.2220 	EXP 	text: height = np.float64(0.05)
43.2220 	EXP 	text: text = 'RED'
43.2220 	EXP 	fixation: autoDraw = True
43.3407 	EXP 	Device response: <KeyPress from None: t=43.197807700023986, value=r, duration=0.12816409999504685>
43.7073 	INFO 	Keyboard events cleared
43.7071 	EXP 	fixation: autoDraw = False
43.7071 	EXP 	text: autoDraw = True
44.7407 	EXP 	Device response: <KeyPress from None: t=44.73713620001217, value=r, duration=None>
44.7410 	EXP 	New trial (rep=7, index=2): <Trial 30 (2 in rep 7) data={'word': 'BLUE', 'colour': 'blue', 'stimulus_condition': 'C', 'correct_response': 'b', 'thisN': 30, 'thisTrialN': 2, 'thisRepN': 7}>
44.7458 	DATA 	Keypress: r
44.7570 	EXP 	fixation: autoDraw = False
44.7570 	EXP 	text: autoDraw = False
44.7570 	EXP 	text: foreColor = <psychopy.colors.Color: blue, alpha=1.0>
44.7570 	EXP 	text: height = np.float64(0.05)
44.7570 	EXP 	text: height = np.float64(0.05)
44.7570 	EXP 	text: height = np.float64(0.05)
44.7570 	EXP 	text: text = 'BLUE'
44.7570 	EXP 	fixation: autoDraw = True
44.8242 	EXP 	Device response: <KeyPress from None: t=44.73713620001217, value=r, duration=0.08083479997003451>
45.2407 	INFO 	Keyboard events cleared
45.2405 	EXP 	fixation: autoDraw = False
45.2405 	EXP 	text: autoDraw = True
46.1242 	EXP 	Device response: <KeyPress from None: t=46.1177999000065, value=b, duration=None>
46.1244 	EXP 	New trial (rep=7, index=3): <Trial 31 (3 in rep 7) data={'word': 'RED', 'colour': 'blue', 'stimulus_condition': 'I', 'correct_response': 'b', 'thisN': 31, 'thisTrialN': 3, 'thisRepN': 7}>
46.1278 	DATA 	Keypress: b
46.1400 	EXP 	fixation: autoDraw = False
46.1400 	EXP 	text: autoDraw = False
46.1400 	EXP 	text: foreColor = <psychopy.colors.Color: blue, alpha=1.0>
46.1400 	EXP 	text: height = np.float64(0.05)
46.1400 	EXP 	text: height = np.float64(0.05)
46.1400 	EXP 	text: height = np.float64(0.05)
46.1400 	EXP 	text: text = 'RED'
46.1400 	EXP 	fixation: autoDraw = True
46.2228 	EXP 	Device response: <KeyPress from None: t=46.1177999000065, value=b, duration=0.08997989998897538>
46.6404 	INFO 	Keyboard events cleared
46.6402 	EXP 	fixation: autoDraw = False
46.6402 	EXP 	text: autoDraw = True
47.8749 	EXP 	Device response: <KeyPress from None: t=47.86467929999344, value=b, duration=None>
47.8752 	EXP 	New trial (rep=8, index=0): <Trial 32 (0 in rep 8) data={'word': 'RED', 'colour': 'blue', 'stimulus_condition': 'I', 'correct_response': 'b', 'thisN': 32, 'thisTrialN': 0, 'thisRepN': 8}>
47.8765 	DATA 	Keypress: b
47.8895 	EXP 	fixation: autoDraw = False
47.8895 	EXP 	text: autoDraw = False
47.8895 	EXP 	text: foreColor = <psychopy.colors.Color: blue, alpha=1.0>
47.8895 	EXP 	text: text = 'RED'
47.8895 	EXP 	fixation: autoDraw = True
47.9571 	EXP 	Device response: <KeyPress from None: t=47.86467929999344, value=b, duration=0.09103230002801865>
48.3908 	INFO 	Keyboard events cleared
48.3906 	EXP 	fixation: autoDraw = False
48.3906 	EXP 	text: autoDraw = True
49.1919 	DATA 	Keypress: r
49.2076 	EXP 	Device response: <KeyPress from None: t=49.19177000003401, value=r, duration=None>
49.2078 	EXP 	New trial (rep=8, index=1): <Trial 33 (1 in rep 8) data={'word': 'RED', 'colour': 'red', 'stimulus_condition': 'C', 'correct_response': 'r', 'thisN': 33, 'thisTrialN': 1, 'thisRepN': 8}>
49.2238 	EXP 	fixation: autoDraw = False
49.2238 	EXP 	text: autoDraw = False
49.2238 	EXP 	text: foreColor = <psychopy.colors.Color: red, alpha=1.0>
49.2238 	EXP 	text: text = 'RED'
49.2238 	EXP 	fixation: autoDraw = True
49.2910 	EXP 	Device response: <KeyPress from None: t=49.19177000003401, value=r, duration=0.09231509995879605>
49.7070 	INFO 	Keyboard events cleared
49.7068 	EXP 	fixation: autoDraw = False
49.7068 	EXP 	text: autoDraw = True
51.7741 	EXP 	Device response: <KeyPress from None: t=51.76232029998209, value=r, duration=None>
51.7744 	EXP 	New trial (rep=8, index=2): <Trial 34 (2 in rep 8) data={'word': 'BLUE', 'colour': 'blue', 'stimulus_condition': 'C', 'correct_response': 'b', 'thisN': 34, 'thisTrialN': 2, 'thisRepN': 8}>
51.9101 	EXP 	Device response: <KeyPress from None: t=51.76232029998209, value=r, duration=0.11063300003297627>
51.9108 	DATA 	Keypress: r
51.9191 	EXP 	fixation: autoDraw = False
51.9191 	EXP 	text: autoDraw = False
51.9191 	EXP 	text: foreColor = <psychopy.colors.Color: blue, alpha=1.0>
51.9191 	EXP 	text: height = np.float64(0.05)
51.9191 	EXP 	text: height = np.float64(0.05)
51.9191 	EXP 	text: height = np.float64(0.05)
51.9191 	EXP 	text: text = 'BLUE'
51.9191 	EXP 	fixation: autoDraw = True
52.2823 	INFO 	Keyboard events cleared
52.2822 	EXP 	fixation: autoDraw = False
52.2822 	EXP 	text: autoDraw = True
52.9656 	EXP 	Device response: <KeyPress from None: t=52.95913420000579, value=b, duration=None>
52.9658 	EXP 	New trial (rep=8, index=3): <Trial 35 (3 in rep 8) data={'word': 'BLUE', 'colour': 'red', 'stimulus_condition': 'I', 'correct_response': 'r', 'thisN': 35, 'thisTrialN': 3, 'thisRepN': 8}>
52.9669 	DATA 	Keypress: b
52.9821 	EXP 	fixation: autoDraw = False
52.9821 	EXP 	text: autoDraw = False
52.9821 	EXP 	text: foreColor = <psychopy.colors.Color: red, alpha=1.0>
52.9821 	EXP 	text: text = 'BLUE'
52.9821 	EXP 	fixation: autoDraw = True
53.0659 	EXP 	Device response: <KeyPress from None: t=52.95913420000579, value=b, duration=0.09519810002529994>
53.4647 	INFO 	Keyboard events cleared
53.4646 	EXP 	fixation: autoDraw = False
53.4646 	EXP 	text: autoDraw = True
55.3161 	EXP 	Device response: <KeyPress from None: t=55.302111099998, value=r, duration=None>
55.3164 	EXP 	New trial (rep=9, index=0): <Trial 36 (0 in rep 9) data={'word': 'RED', 'colour': 'red', 'stimulus_condition': 'C', 'correct_response': 'r', 'thisN': 36, 'thisTrialN': 0, 'thisRepN': 9}>
55.3198 	DATA 	Keypress: r
55.3323 	EXP 	fixation: autoDraw = False
55.3323 	EXP 	text: autoDraw = False
55.3323 	EXP 	text: foreColor = <psychopy.colors.Color: red, alpha=1.0>
55.3323 	EXP 	text: height = np.float64(0.05)
55.3323 	EXP 	text: height = np.float64(0.05)
55.3323 	EXP 	text: height = np.float64(0.05)
55.3323 	EXP 	text: text = 'RED'
55.3323 	EXP 	fixation: autoDraw = True
55.4156 	EXP 	Device response: <KeyPress from None: t=55.302111099998, value=r, duration=0.10672109998995438>
55.8324 	INFO 	Keyboard events cleared
55.8322 	EXP 	fixation: autoDraw = False
55.8322 	EXP 	text: autoDraw = True
56.4004 	DATA 	Keypress: r
56.4164 	EXP 	Device response: <KeyPress from None: t=56.3997349999845, value=r, duration=None>
56.4169 	EXP 	New trial (rep=9, index=1): <Trial 37 (1 in rep 9) data={'word': 'BLUE', 'colour': 'red', 'stimulus_condition': 'I', 'correct_response': 'r', 'thisN': 37, 'thisTrialN': 1, 'thisRepN': 9}>
56.4319 	EXP 	fixation: autoDraw = False
56.4319 	EXP 	text: autoDraw = False
56.4319 	EXP 	text: foreColor = <psychopy.colors.Color: red, alpha=1.0>
56.4319 	EXP 	text: height = np.float64(0.05)
56.4319 	EXP 	text: height = np.float64(0.05)
56.4319 	EXP 	text: height = np.float64(0.05)
56.4319 	EXP 	text: text = 'BLUE'
56.4319 	EXP 	fixation: autoDraw = True
56.4825 	EXP 	Device response: <KeyPress from None: t=56.3997349999845, value=r, duration=0.07054169999901205>
56.9324 	INFO 	Keyboard events cleared
56.9323 	EXP 	fixation: autoDraw = False
56.9323 	EXP 	text: autoDraw = True
57.8485 	EXP 	Device response: <KeyPress from None: t=57.841350200003944, value=r, duration=None>
57.8487 	EXP 	New trial (rep=9, index=2): <Trial 38 (2 in rep 9) data={'word': 'BLUE', 'colour': 'blue', 'stimulus_condition': 'C', 'correct_response': 'b', 'thisN': 38, 'thisTrialN': 2, 'thisRepN': 9}>
57.8500 	DATA 	Keypress: r
57.8659 	EXP 	fixation: autoDraw = False
57.8659 	EXP 	text: autoDraw = False
57.8659 	EXP 	text: foreColor = <psychopy.colors.Color: blue, alpha=1.0>
57.8659 	EXP 	text: text = 'BLUE'
57.8659 	EXP 	fixation: autoDraw = True
57.9324 	EXP 	Device response: <KeyPress from None: t=57.841350200003944, value=r, duration=0.09057200001552701>
58.3493 	INFO 	Keyboard events cleared
58.3492 	EXP 	fixation: autoDraw = False
58.3492 	EXP 	text: autoDraw = True
58.9813 	EXP 	Device response: <KeyPress from None: t=58.96757370000705, value=b, duration=None>
58.9816 	EXP 	New trial (rep=9, index=3): <Trial 39 (3 in rep 9) data={'word': 'RED', 'colour': 'blue', 'stimulus_condition': 'I', 'correct_response': 'b', 'thisN': 39, 'thisTrialN': 3, 'thisRepN': 9}>
58.9851 	DATA 	Keypress: b
58.9985 	EXP 	fixation: autoDraw = False
58.9985 	EXP 	text: autoDraw = False
58.9985 	EXP 	text: foreColor = <psychopy.colors.Color: blue, alpha=1.0>
58.9985 	EXP 	text: height = np.float64(0.05)
58.9985 	EXP 	text: height = np.float64(0.05)
58.9985 	EXP 	text: height = np.float64(0.05)
58.9985 	EXP 	text: text = 'RED'
58.9985 	EXP 	fixation: autoDraw = True
59.0647 	EXP 	Device response: <KeyPress from None: t=58.96757370000705, value=b, duration=0.09189009998226538>
59.4821 	INFO 	Keyboard events cleared
59.4820 	EXP 	fixation: autoDraw = False
59.4820 	EXP 	text: autoDraw = True
60.9831 	EXP 	Device response: <KeyPress from None: t=60.96836539998185, value=b, duration=None>
60.9835 	EXP 	New trial (rep=10, index=0): <Trial 40 (0 in rep 10) data={'word': 'BLUE', 'colour': 'blue', 'stimulus_condition': 'C', 'correct_response': 'b', 'thisN': 40, 'thisTrialN': 0, 'thisRepN': 10}>
60.9865 	DATA 	Keypress: b
60.9990 	EXP 	fixation: autoDraw = False
60.9990 	EXP 	text: autoDraw = False
60.9990 	EXP 	text: foreColor = <psychopy.colors.Color: blue, alpha=1.0>
60.9990 	EXP 	text: height = np.float64(0.05)
60.9990 	EXP 	text: height = np.float64(0.05)
60.9990 	EXP 	text: height = np.float64(0.05)
60.9990 	EXP 	text: text = 'BLUE'
60.9990 	EXP 	fixation: autoDraw = True
61.0827 	EXP 	Device response: <KeyPress from None: t=60.96836539998185, value=b, duration=0.10170330002438277>
61.4984 	INFO 	Keyboard events cleared
61.4982 	EXP 	fixation: autoDraw = False
61.4982 	EXP 	text: autoDraw = True
62.4989 	EXP 	Device response: <KeyPress from None: t=62.48901459999615, value=b, duration=None>
62.4991 	EXP 	New trial (rep=10, index=1): <Trial 41 (1 in rep 10) data={'word': 'RED', 'colour': 'red', 'stimulus_condition': 'C', 'correct_response': 'r', 'thisN': 41, 'thisTrialN': 1, 'thisRepN': 10}>
62.5026 	DATA 	Keypress: b
62.5157 	EXP 	fixation: autoDraw = False
62.5157 	EXP 	text: autoDraw = False
62.5157 	EXP 	text: foreColor = <psychopy.colors.Color: red, alpha=1.0>
62.5157 	EXP 	text: height = np.float64(0.05)
62.5157 	EXP 	text: height = np.float64(0.05)
62.5157 	EXP 	text: height = np.float64(0.05)
62.5157 	EXP 	text: text = 'RED'
62.5157 	EXP 	fixation: autoDraw = True
62.5825 	EXP 	Device response: <KeyPress from None: t=62.48901459999615, value=b, duration=0.08713599998736754>
62.9994 	INFO 	Keyboard events cleared
62.9992 	EXP 	fixation: autoDraw = False
62.9992 	EXP 	text: autoDraw = True
63.6148 	EXP 	Device response: <KeyPress from None: t=63.60375140001997, value=r, duration=None>
63.6150 	EXP 	New trial (rep=10, index=2): <Trial 42 (2 in rep 10) data={'word': 'BLUE', 'colour': 'red', 'stimulus_condition': 'I', 'correct_response': 'r', 'thisN': 42, 'thisTrialN': 2, 'thisRepN': 10}>
63.6177 	DATA 	Keypress: r
63.6348 	EXP 	fixation: autoDraw = False
63.6348 	EXP 	text: autoDraw = False
63.6348 	EXP 	text: foreColor = <psychopy.colors.Color: red, alpha=1.0>
63.6348 	EXP 	text: height = np.float64(0.05)
63.6348 	EXP 	text: height = np.float64(0.05)
63.6348 	EXP 	text: height = np.float64(0.05)
63.6348 	EXP 	text: text = 'BLUE'
63.6348 	EXP 	fixation: autoDraw = True
63.6664 	EXP 	Device response: <KeyPress from None: t=63.60375140001997, value=r, duration=0.055931399983819574>
64.1155 	INFO 	Keyboard events cleared
64.1154 	EXP 	fixation: autoDraw = False
64.1154 	EXP 	text: autoDraw = True
65.2165 	EXP 	Device response: <KeyPress from None: t=65.21323210000992, value=r, duration=None>
65.2167 	EXP 	New trial (rep=10, index=3): <Trial 43 (3 in rep 10) data={'word': 'RED', 'colour': 'blue', 'stimulus_condition': 'I', 'correct_response': 'b', 'thisN': 43, 'thisTrialN': 3, 'thisRepN': 10}>
65.2198 	DATA 	Keypress: r
65.2320 	EXP 	fixation: autoDraw = False
65.2320 	EXP 	text: autoDraw = False
65.2320 	EXP 	text: foreColor = <psychopy.colors.Color: blue, alpha=1.0>
65.2320 	EXP 	text: height = np.float64(0.05)
65.2320 	EXP 	text: height = np.float64(0.05)
65.2320 	EXP 	text: height = np.float64(0.05)
65.2320 	EXP 	text: text = 'RED'
65.2320 	EXP 	fixation: autoDraw = True
65.2981 	EXP 	Device response: <KeyPress from None: t=65.21323210000992, value=r, duration=0.0758544999989681>
65.7152 	INFO 	Keyboard events cleared
65.7150 	EXP 	fixation: autoDraw = False
65.7150 	EXP 	text: autoDraw = True
67.2994 	DATA 	Keypress: b
67.3152 	EXP 	Device response: <KeyPress from None: t=67.29905999999028, value=b, duration=None>
67.3155 	EXP 	New trial (rep=11, index=0): <Trial 44 (0 in rep 11) data={'word': 'RED', 'colour': 'blue', 'stimulus_condition': 'I', 'correct_response': 'b', 'thisN': 44, 'thisTrialN': 0, 'thisRepN': 11}>
67.3315 	EXP 	fixation: autoDraw = False
67.3315 	EXP 	text: autoDraw = False
67.3315 	EXP 	text: foreColor = <psychopy.colors.Color: blue, alpha=1.0>
67.3315 	EXP 	text: text = 'RED'
67.3315 	EXP 	fixation: autoDraw = True
67.4491 	EXP 	Device response: <KeyPress from None: t=67.29905999999028, value=b, duration=0.14268180000362918>
67.8152 	INFO 	Keyboard events cleared
67.8151 	EXP 	fixation: autoDraw = False
67.8151 	EXP 	text: autoDraw = True
68.4992 	EXP 	Device response: <KeyPress from None: t=68.49772570002824, value=b, duration=None>
68.4995 	EXP 	New trial (rep=11, index=1): <Trial 45 (1 in rep 11) data={'word': 'BLUE', 'colour': 'blue', 'stimulus_condition': 'C', 'correct_response': 'b', 'thisN': 45, 'thisTrialN': 1, 'thisRepN': 11}>
68.5028 	DATA 	Keypress: b
68.5150 	EXP 	fixation: autoDraw = False
68.5150 	EXP 	text: autoDraw = False
68.5150 	EXP 	text: foreColor = <psychopy.colors.Color: blue, alpha=1.0>
68.5150 	EXP 	text: height = np.float64(0.05)
68.5150 	EXP 	text: height = np.float64(0.05)
68.5150 	EXP 	text: height = np.float64(0.05)
68.5150 	EXP 	text: text = 'BLUE'
68.5150 	EXP 	fixation: autoDraw = True
68.6320 	EXP 	Device response: <KeyPress from None: t=68.49772570002824, value=b, duration=0.12052629998652264>
68.9996 	INFO 	Keyboard events cleared
68.9994 	EXP 	fixation: autoDraw = False
68.9994 	EXP 	text: autoDraw = True
70.3167 	EXP 	Device response: <KeyPress from None: t=70.31271999998717, value=b, duration=None>
70.3170 	EXP 	New trial (rep=11, index=2): <Trial 46 (2 in rep 11) data={'word': 'BLUE', 'colour': 'red', 'stimulus_condition': 'I', 'correct_response': 'r', 'thisN': 46, 'thisTrialN': 2, 'thisRepN': 11}>
70.3185 	DATA 	Keypress: b
70.3325 	EXP 	fixation: autoDraw = False
70.3325 	EXP 	text: autoDraw = False
70.3325 	EXP 	text: foreColor = <psychopy.colors.Color: red, alpha=1.0>
70.3325 	EXP 	text: text = 'BLUE'
70.3325 	EXP 	fixation: autoDraw = True
70.4163 	EXP 	Device response: <KeyPress from None: t=70.31271999998717, value=b, duration=0.0898853000253439>
70.8154 	INFO 	Keyboard events cleared
70.8152 	EXP 	fixation: autoDraw = False
70.8152 	EXP 	text: autoDraw = True
72.9323 	EXP 	Device response: <KeyPress from None: t=72.93113650003215, value=r, duration=None>
72.9327 	EXP 	New trial (rep=11, index=3): <Trial 47 (3 in rep 11) data={'word': 'RED', 'colour': 'red', 'stimulus_condition': 'C', 'correct_response': 'r', 'thisN': 47, 'thisTrialN': 3, 'thisRepN': 11}>
72.9362 	DATA 	Keypress: r
72.9493 	EXP 	fixation: autoDraw = False
72.9493 	EXP 	text: autoDraw = False
72.9493 	EXP 	text: foreColor = <psychopy.colors.Color: red, alpha=1.0>
72.9493 	EXP 	text: height = np.float64(0.05)
72.9493 	EXP 	text: height = np.float64(0.05)
72.9493 	EXP 	text: height = np.float64(0.05)
72.9493 	EXP 	text: text = 'RED'
72.9493 	EXP 	fixation: autoDraw = True
73.0488 	EXP 	Device response: <KeyPress from None: t=72.93113650003215, value=r, duration=0.1113224999862723>
73.4327 	INFO 	Keyboard events cleared
73.4326 	EXP 	fixation: autoDraw = False
73.4326 	EXP 	text: autoDraw = True
74.0331 	EXP 	Device response: <KeyPress from None: t=74.02251789998263, value=r, duration=None>
74.0334 	EXP 	New trial (rep=12, index=0): <Trial 48 (0 in rep 12) data={'word': 'RED', 'colour': 'red', 'stimulus_condition': 'C', 'correct_response': 'r', 'thisN': 48, 'thisTrialN': 0, 'thisRepN': 12}>
74.0347 	DATA 	Keypress: r
74.0493 	EXP 	fixation: autoDraw = False
74.0493 	EXP 	text: autoDraw = False
74.0493 	EXP 	text: foreColor = <psychopy.colors.Color: red, alpha=1.0>
74.0493 	EXP 	text: text = 'RED'
74.0493 	EXP 	fixation: autoDraw = True
74.1833 	EXP 	Device response: <KeyPress from None: t=74.02251789998263, value=r, duration=0.14345780003350228>
74.5320 	INFO 	Keyboard events cleared
74.5319 	EXP 	fixation: autoDraw = False
74.5319 	EXP 	text: autoDraw = True
74.9660 	EXP 	Device response: <KeyPress from None: t=74.95422220003093, value=r, duration=None>
74.9664 	EXP 	New trial (rep=12, index=1): <Trial 49 (1 in rep 12) data={'word': 'BLUE', 'colour': 'blue', 'stimulus_condition': 'C', 'correct_response': 'b', 'thisN': 49, 'thisTrialN': 1, 'thisRepN': 12}>
74.9692 	DATA 	Keypress: r
74.9822 	EXP 	fixation: autoDraw = False
74.9822 	EXP 	text: autoDraw = False
74.9822 	EXP 	text: foreColor = <psychopy.colors.Color: blue, alpha=1.0>
74.9822 	EXP 	text: height = np.float64(0.05)
74.9822 	EXP 	text: height = np.float64(0.05)
74.9822 	EXP 	text: height = np.float64(0.05)
74.9822 	EXP 	text: text = 'BLUE'
74.9822 	EXP 	fixation: autoDraw = True
75.0648 	EXP 	Device response: <KeyPress from None: t=74.95422220003093, value=r, duration=0.10755449999123812>
75.4662 	INFO 	Keyboard events cleared
75.4660 	EXP 	fixation: autoDraw = False
75.4660 	EXP 	text: autoDraw = True
76.4327 	EXP 	Device response: <KeyPress from None: t=76.43108130001929, value=b, duration=None>
76.4330 	EXP 	New trial (rep=12, index=2): <Trial 50 (2 in rep 12) data={'word': 'RED', 'colour': 'blue', 'stimulus_condition': 'I', 'correct_response': 'b', 'thisN': 50, 'thisTrialN': 2, 'thisRepN': 12}>
76.4368 	DATA 	Keypress: b
76.4495 	EXP 	fixation: autoDraw = False
76.4495 	EXP 	text: autoDraw = False
76.4495 	EXP 	text: foreColor = <psychopy.colors.Color: blue, alpha=1.0>
76.4495 	EXP 	text: height = np.float64(0.05)
76.4495 	EXP 	text: height = np.float64(0.05)
76.4495 	EXP 	text: height = np.float64(0.05)
76.4495 	EXP 	text: text = 'RED'
76.4495 	EXP 	fixation: autoDraw = True
76.5160 	EXP 	Device response: <KeyPress from None: t=76.43108130001929, value=b, duration=0.08193320001009852>
76.9325 	INFO 	Keyboard events cleared
76.9323 	EXP 	fixation: autoDraw = False
76.9323 	EXP 	text: autoDraw = True
77.8657 	EXP 	Device response: <KeyPress from None: t=77.85950080002658, value=b, duration=None>
77.8660 	EXP 	New trial (rep=12, index=3): <Trial 51 (3 in rep 12) data={'word': 'BLUE', 'colour': 'red', 'stimulus_condition': 'I', 'correct_response': 'r', 'thisN': 51, 'thisTrialN': 3, 'thisRepN': 12}>
77.8694 	DATA 	Keypress: b
77.8809 	EXP 	fixation: autoDraw = False
77.8809 	EXP 	text: autoDraw = False
77.8809 	EXP 	text: foreColor = <psychopy.colors.Color: red, alpha=1.0>
77.8809 	EXP 	text: height = np.float64(0.05)
77.8809 	EXP 	text: height = np.float64(0.05)
77.8809 	EXP 	text: height = np.float64(0.05)
77.8809 	EXP 	text: text = 'BLUE'
77.8809 	EXP 	fixation: autoDraw = True
77.9493 	EXP 	Device response: <KeyPress from None: t=77.85950080002658, value=b, duration=0.08716890000505373>
78.3662 	INFO 	Keyboard events cleared
78.3660 	EXP 	fixation: autoDraw = False
78.3660 	EXP 	text: autoDraw = True
79.2153 	EXP 	Device response: <KeyPress from None: t=79.21261340001365, value=r, duration=None>
79.2156 	EXP 	New trial (rep=13, index=0): <Trial 52 (0 in rep 13) data={'word': 'RED', 'colour': 'blue', 'stimulus_condition': 'I', 'correct_response': 'b', 'thisN': 52, 'thisTrialN': 0, 'thisRepN': 13}>
79.2185 	DATA 	Keypress: r
79.2328 	EXP 	fixation: autoDraw = False
79.2328 	EXP 	text: autoDraw = False
79.2328 	EXP 	text: foreColor = <psychopy.colors.Color: blue, alpha=1.0>
79.2328 	EXP 	text: height = np.float64(0.05)
79.2328 	EXP 	text: height = np.float64(0.05)
79.2328 	EXP 	text: height = np.float64(0.05)
79.2328 	EXP 	text: text = 'RED'
79.2328 	EXP 	fixation: autoDraw = True
79.3318 	EXP 	Device response: <KeyPress from None: t=79.21261340001365, value=r, duration=0.11148620001040399>
79.7163 	INFO 	Keyboard events cleared
79.7162 	EXP 	fixation: autoDraw = False
79.7162 	EXP 	text: autoDraw = True
80.6998 	EXP 	Device response: <KeyPress from None: t=80.69293710001511, value=b, duration=None>
80.7001 	EXP 	New trial (rep=13, index=1): <Trial 53 (1 in rep 13) data={'word': 'BLUE', 'colour': 'blue', 'stimulus_condition': 'C', 'correct_response': 'b', 'thisN': 53, 'thisTrialN': 1, 'thisRepN': 13}>
80.7032 	DATA 	Keypress: b
80.7150 	EXP 	fixation: autoDraw = False
80.7150 	EXP 	text: autoDraw = False
80.7150 	EXP 	text: foreColor = <psychopy.colors.Color: blue, alpha=1.0>
80.7150 	EXP 	text: height = np.float64(0.05)
80.7150 	EXP 	text: height = np.float64(0.05)
80.7150 	EXP 	text: height = np.float64(0.05)
80.7150 	EXP 	text: text = 'BLUE'
80.7150 	EXP 	fixation: autoDraw = True
80.8314 	EXP 	Device response: <KeyPress from None: t=80.69293710001511, value=b, duration=0.13134109997190535>
81.1996 	INFO 	Keyboard events cleared
81.1994 	EXP 	fixation: autoDraw = False
81.1994 	EXP 	text: autoDraw = True
82.9157 	EXP 	Device response: <KeyPress from None: t=82.90969460003544, value=r, duration=None>
82.9160 	EXP 	New trial (rep=13, index=2): <Trial 54 (2 in rep 13) data={'word': 'BLUE', 'colour': 'red', 'stimulus_condition': 'I', 'correct_response': 'r', 'thisN': 54, 'thisTrialN': 2, 'thisRepN': 13}>
82.9174 	DATA 	Keypress: r
82.9317 	EXP 	fixation: autoDraw = False
82.9317 	EXP 	text: autoDraw = False
82.9317 	EXP 	text: foreColor = <psychopy.colors.Color: red, alpha=1.0>
82.9317 	EXP 	text: text = 'BLUE'
82.9317 	EXP 	fixation: autoDraw = True
83.0672 	EXP 	Device response: <KeyPress from None: t=82.90969460003544, value=r, duration=0.15399139997316524>
83.4165 	INFO 	Keyboard events cleared
83.4163 	EXP 	fixation: autoDraw = False
83.4163 	EXP 	text: autoDraw = True
86.1495 	EXP 	Device response: <KeyPress from None: t=86.13601600000402, value=r, duration=None>
86.1499 	EXP 	New trial (rep=13, index=3): <Trial 55 (3 in rep 13) data={'word': 'RED', 'colour': 'red', 'stimulus_condition': 'C', 'correct_response': 'r', 'thisN': 55, 'thisTrialN': 3, 'thisRepN': 13}>
86.1539 	DATA 	Keypress: r
86.1658 	EXP 	fixation: autoDraw = False
86.1658 	EXP 	text: autoDraw = False
86.1658 	EXP 	text: foreColor = <psychopy.colors.Color: red, alpha=1.0>
86.1658 	EXP 	text: height = np.float64(0.05)
86.1658 	EXP 	text: height = np.float64(0.05)
86.1658 	EXP 	text: height = np.float64(0.05)
86.1658 	EXP 	text: text = 'RED'
86.1658 	EXP 	fixation: autoDraw = True
86.2337 	EXP 	Device response: <KeyPress from None: t=86.13601600000402, value=r, duration=0.0814325999817811>
86.6479 	INFO 	Keyboard events cleared
86.6477 	EXP 	fixation: autoDraw = False
86.6477 	EXP 	text: autoDraw = True
87.3995 	EXP 	Device response: <KeyPress from None: t=87.39830230001826, value=r, duration=None>
87.3998 	EXP 	New trial (rep=14, index=0): <Trial 56 (0 in rep 14) data={'word': 'BLUE', 'colour': 'blue', 'stimulus_condition': 'C', 'correct_response': 'b', 'thisN': 56, 'thisTrialN': 0, 'thisRepN': 14}>
87.4030 	DATA 	Keypress: r
87.4161 	EXP 	fixation: autoDraw = False
87.4161 	EXP 	text: autoDraw = False
87.4161 	EXP 	text: foreColor = <psychopy.colors.Color: blue, alpha=1.0>
87.4161 	EXP 	text: height = np.float64(0.05)
87.4161 	EXP 	text: height = np.float64(0.05)
87.4161 	EXP 	text: height = np.float64(0.05)
87.4161 	EXP 	text: text = 'BLUE'
87.4161 	EXP 	fixation: autoDraw = True
87.4987 	EXP 	Device response: <KeyPress from None: t=87.39830230001826, value=r, duration=0.09750029997667298>
87.8997 	INFO 	Keyboard events cleared
87.8995 	EXP 	fixation: autoDraw = False
87.8995 	EXP 	text: autoDraw = True
88.3851 	DATA 	Keypress: b
88.3983 	EXP 	Device response: <KeyPress from None: t=88.384137200017, value=b, duration=None>
88.3986 	EXP 	New trial (rep=14, index=1): <Trial 57 (1 in rep 14) data={'word': 'RED', 'colour': 'red', 'stimulus_condition': 'C', 'correct_response': 'r', 'thisN': 57, 'thisTrialN': 1, 'thisRepN': 14}>
88.4165 	EXP 	fixation: autoDraw = False
88.4165 	EXP 	text: autoDraw = False
88.4165 	EXP 	text: foreColor = <psychopy.colors.Color: red, alpha=1.0>
88.4165 	EXP 	text: height = np.float64(0.05)
88.4165 	EXP 	text: height = np.float64(0.05)
88.4165 	EXP 	text: height = np.float64(0.05)
88.4165 	EXP 	text: text = 'RED'
88.4165 	EXP 	fixation: autoDraw = True
88.5169 	EXP 	Device response: <KeyPress from None: t=88.384137200017, value=b, duration=0.11702489998424426>
88.8987 	INFO 	Keyboard events cleared
88.8986 	EXP 	fixation: autoDraw = False
88.8986 	EXP 	text: autoDraw = True
89.8823 	EXP 	Device response: <KeyPress from None: t=89.86746760003734, value=r, duration=None>
89.8825 	EXP 	New trial (rep=14, index=2): <Trial 58 (2 in rep 14) data={'word': 'BLUE', 'colour': 'red', 'stimulus_condition': 'I', 'correct_response': 'r', 'thisN': 58, 'thisTrialN': 2, 'thisRepN': 14}>
89.8859 	DATA 	Keypress: r
89.8998 	EXP 	fixation: autoDraw = False
89.8998 	EXP 	text: autoDraw = False
89.8998 	EXP 	text: foreColor = <psychopy.colors.Color: red, alpha=1.0>
89.8998 	EXP 	text: height = np.float64(0.05)
89.8998 	EXP 	text: height = np.float64(0.05)
89.8998 	EXP 	text: height = np.float64(0.05)
89.8998 	EXP 	text: text = 'BLUE'
89.8998 	EXP 	fixation: autoDraw = True
89.9986 	EXP 	Device response: <KeyPress from None: t=89.86746760003734, value=r, duration=0.12731569999596104>
90.3828 	INFO 	Keyboard events cleared
90.3826 	EXP 	fixation: autoDraw = False
90.3826 	EXP 	text: autoDraw = True
91.4334 	EXP 	Device response: <KeyPress from None: t=91.42169899999863, value=r, duration=None>
91.4336 	EXP 	New trial (rep=14, index=3): <Trial 59 (3 in rep 14) data={'word': 'RED', 'colour': 'blue', 'stimulus_condition': 'I', 'correct_response': 'b', 'thisN': 59, 'thisTrialN': 3, 'thisRepN': 14}>
91.4369 	DATA 	Keypress: r
91.4498 	EXP 	fixation: autoDraw = False
91.4498 	EXP 	text: autoDraw = False
91.4498 	EXP 	text: foreColor = <psychopy.colors.Color: blue, alpha=1.0>
91.4498 	EXP 	text: height = np.float64(0.05)
91.4498 	EXP 	text: height = np.float64(0.05)
91.4498 	EXP 	text: height = np.float64(0.05)
91.4498 	EXP 	text: text = 'RED'
91.4498 	EXP 	fixation: autoDraw = True
91.5330 	EXP 	Device response: <KeyPress from None: t=91.42169899999863, value=r, duration=0.10223950003273785>
91.9495 	INFO 	Keyboard events cleared
91.9493 	EXP 	fixation: autoDraw = False
91.9493 	EXP 	text: autoDraw = True
92.7321 	EXP 	Device response: <KeyPress from None: t=92.72090930002742, value=b, duration=None>
92.7323 	EXP 	New trial (rep=15, index=0): <Trial 60 (0 in rep 15) data={'word': 'BLUE', 'colour': 'red', 'stimulus_condition': 'I', 'correct_response': 'r', 'thisN': 60, 'thisTrialN': 0, 'thisRepN': 15}>
92.7352 	DATA 	Keypress: b
92.7493 	EXP 	fixation: autoDraw = False
92.7493 	EXP 	text: autoDraw = False
92.7493 	EXP 	text: foreColor = <psychopy.colors.Color: red, alpha=1.0>
92.7493 	EXP 	text: height = np.float64(0.05)
92.7493 	EXP 	text: height = np.float64(0.05)
92.7493 	EXP 	text: height = np.float64(0.05)
92.7493 	EXP 	text: text = 'BLUE'
92.7493 	EXP 	fixation: autoDraw = True
92.9652 	EXP 	Device response: <KeyPress from None: t=92.72090930002742, value=b, duration=0.2408535999711603>
93.2332 	INFO 	Keyboard events cleared
93.2331 	EXP 	fixation: autoDraw = False
93.2331 	EXP 	text: autoDraw = True
94.1158 	EXP 	Device response: <KeyPress from None: t=94.1129687000066, value=r, duration=None>
94.1161 	EXP 	New trial (rep=15, index=1): <Trial 61 (1 in rep 15) data={'word': 'RED', 'colour': 'red', 'stimulus_condition': 'C', 'correct_response': 'r', 'thisN': 61, 'thisTrialN': 1, 'thisRepN': 15}>
94.1193 	DATA 	Keypress: r
94.1328 	EXP 	fixation: autoDraw = False
94.1328 	EXP 	text: autoDraw = False
94.1328 	EXP 	text: foreColor = <psychopy.colors.Color: red, alpha=1.0>
94.1328 	EXP 	text: height = np.float64(0.05)
94.1328 	EXP 	text: height = np.float64(0.05)
94.1328 	EXP 	text: height = np.float64(0.05)
94.1328 	EXP 	text: text = 'RED'
94.1328 	EXP 	fixation: autoDraw = True
94.2669 	EXP 	Device response: <KeyPress from None: t=94.1129687000066, value=r, duration=0.14189939998323098>
94.6165 	INFO 	Keyboard events cleared
94.6164 	EXP 	fixation: autoDraw = False
94.6164 	EXP 	text: autoDraw = True
95.5337 	EXP 	Device response: <KeyPress from None: t=95.53015010000672, value=r, duration=None>
95.5339 	EXP 	New trial (rep=15, index=2): <Trial 62 (2 in rep 15) data={'word': 'BLUE', 'colour': 'blue', 'stimulus_condition': 'C', 'correct_response': 'b', 'thisN': 62, 'thisTrialN': 2, 'thisRepN': 15}>
95.5372 	DATA 	Keypress: r
95.5494 	EXP 	fixation: autoDraw = False
95.5494 	EXP 	text: autoDraw = False
95.5494 	EXP 	text: foreColor = <psychopy.colors.Color: blue, alpha=1.0>
95.5494 	EXP 	text: height = np.float64(0.05)
95.5494 	EXP 	text: height = np.float64(0.05)
95.5494 	EXP 	text: height = np.float64(0.05)
95.5494 	EXP 	text: text = 'BLUE'
95.5494 	EXP 	fixation: autoDraw = True
95.6999 	EXP 	Device response: <KeyPress from None: t=95.53015010000672, value=r, duration=0.15672510000877082>
96.0332 	INFO 	Keyboard events cleared
96.0331 	EXP 	fixation: autoDraw = False
96.0331 	EXP 	text: autoDraw = True
96.6505 	EXP 	Device response: <KeyPress from None: t=96.63769370003138, value=b, duration=None>
96.6509 	EXP 	New trial (rep=15, index=3): <Trial 63 (3 in rep 15) data={'word': 'RED', 'colour': 'blue', 'stimulus_condition': 'I', 'correct_response': 'b', 'thisN': 63, 'thisTrialN': 3, 'thisRepN': 15}>
96.6539 	DATA 	Keypress: b
96.6667 	EXP 	fixation: autoDraw = False
96.6667 	EXP 	text: autoDraw = False
96.6667 	EXP 	text: foreColor = <psychopy.colors.Color: blue, alpha=1.0>
96.6667 	EXP 	text: height = np.float64(0.05)
96.6667 	EXP 	text: height = np.float64(0.05)
96.6667 	EXP 	text: height = np.float64(0.05)
96.6667 	EXP 	text: text = 'RED'
96.6667 	EXP 	fixation: autoDraw = True
96.7830 	EXP 	Device response: <KeyPress from None: t=96.63769370003138, value=b, duration=0.1301429999875836>
97.1496 	INFO 	Keyboard events cleared
97.1495 	EXP 	fixation: autoDraw = False
97.1495 	EXP 	text: autoDraw = True
98.2329 	EXP 	Device response: <KeyPress from None: t=98.22557300003245, value=b, duration=None>
98.2332 	EXP 	New trial (rep=16, index=0): <Trial 64 (0 in rep 16) data={'word': 'RED', 'colour': 'red', 'stimulus_condition': 'C', 'correct_response': 'r', 'thisN': 64, 'thisTrialN': 0, 'thisRepN': 16}>
98.2346 	DATA 	Keypress: b
98.2498 	EXP 	fixation: autoDraw = False
98.2498 	EXP 	text: autoDraw = False
98.2498 	EXP 	text: foreColor = <psychopy.colors.Color: red, alpha=1.0>
98.2498 	EXP 	text: text = 'RED'
98.2498 	EXP 	fixation: autoDraw = True
98.3499 	EXP 	Device response: <KeyPress from None: t=98.22557300003245, value=b, duration=0.12380529998335987>
98.7334 	INFO 	Keyboard events cleared
98.7333 	EXP 	fixation: autoDraw = False
98.7333 	EXP 	text: autoDraw = True
99.5333 	EXP 	Device response: <KeyPress from None: t=99.52677629998652, value=r, duration=None>
99.5337 	EXP 	New trial (rep=16, index=1): <Trial 65 (1 in rep 16) data={'word': 'BLUE', 'colour': 'red', 'stimulus_condition': 'I', 'correct_response': 'r', 'thisN': 65, 'thisTrialN': 1, 'thisRepN': 16}>
99.5369 	DATA 	Keypress: r
99.5498 	EXP 	fixation: autoDraw = False
99.5498 	EXP 	text: autoDraw = False
99.5498 	EXP 	text: foreColor = <psychopy.colors.Color: red, alpha=1.0>
99.5498 	EXP 	text: height = np.float64(0.05)
99.5498 	EXP 	text: height = np.float64(0.05)
99.5498 	EXP 	text: height = np.float64(0.05)
99.5498 	EXP 	text: text = 'BLUE'
99.5498 	EXP 	fixation: autoDraw = True
99.7173 	EXP 	Device response: <KeyPress from None: t=99.52677629998652, value=r, duration=0.17405370000051335>
100.0322 	INFO 	Keyboard events cleared
100.0321 	EXP 	fixation: autoDraw = False
100.0321 	EXP 	text: autoDraw = True
100.5169 	EXP 	Device response: <KeyPress from None: t=100.5033567000064, value=r, duration=None>
100.5171 	EXP 	New trial (rep=16, index=2): <Trial 66 (2 in rep 16) data={'word': 'BLUE', 'colour': 'blue', 'stimulus_condition': 'C', 'correct_response': 'b', 'thisN': 66, 'thisTrialN': 2, 'thisRepN': 16}>
100.5184 	DATA 	Keypress: r
100.5332 	EXP 	fixation: autoDraw = False
100.5332 	EXP 	text: autoDraw = False
100.5332 	EXP 	text: foreColor = <psychopy.colors.Color: blue, alpha=1.0>
100.5332 	EXP 	text: text = 'BLUE'
100.5332 	EXP 	fixation: autoDraw = True
100.6164 	EXP 	Device response: <KeyPress from None: t=100.5033567000064, value=r, duration=0.10145600000396371>
101.0329 	INFO 	Keyboard events cleared
101.0328 	EXP 	fixation: autoDraw = False
101.0328 	EXP 	text: autoDraw = True
102.3332 	EXP 	Device response: <KeyPress from None: t=102.32864150003297, value=b, duration=None>
102.3336 	EXP 	New trial (rep=16, index=3): <Trial 67 (3 in rep 16) data={'word': 'RED', 'colour': 'blue', 'stimulus_condition': 'I', 'correct_response': 'b', 'thisN': 67, 'thisTrialN': 3, 'thisRepN': 16}>
102.3371 	DATA 	Keypress: b
102.3500 	EXP 	fixation: autoDraw = False
102.3500 	EXP 	text: autoDraw = False
102.3500 	EXP 	text: foreColor = <psychopy.colors.Color: blue, alpha=1.0>
102.3500 	EXP 	text: height = np.float64(0.05)
102.3500 	EXP 	text: height = np.float64(0.05)
102.3500 	EXP 	text: height = np.float64(0.05)
102.3500 	EXP 	text: text = 'RED'
102.3500 	EXP 	fixation: autoDraw = True
102.4669 	EXP 	Device response: <KeyPress from None: t=102.32864150003297, value=b, duration=0.12854780000634491>
102.8335 	INFO 	Keyboard events cleared
102.8333 	EXP 	fixation: autoDraw = False
102.8333 	EXP 	text: autoDraw = True
104.8671 	EXP 	Device response: <KeyPress from None: t=104.8535071000224, value=b, duration=None>
104.8674 	EXP 	New trial (rep=17, index=0): <Trial 68 (0 in rep 17) data={'word': 'BLUE', 'colour': 'red', 'stimulus_condition': 'I', 'correct_response': 'r', 'thisN': 68, 'thisTrialN': 0, 'thisRepN': 17}>
104.8707 	DATA 	Keypress: b
104.8830 	EXP 	fixation: autoDraw = False
104.8830 	EXP 	text: autoDraw = False
104.8830 	EXP 	text: foreColor = <psychopy.colors.Color: red, alpha=1.0>
104.8830 	EXP 	text: height = np.float64(0.05)
104.8830 	EXP 	text: height = np.float64(0.05)
104.8830 	EXP 	text: height = np.float64(0.05)
104.8830 	EXP 	text: text = 'BLUE'
104.8830 	EXP 	fixation: autoDraw = True
104.9822 	EXP 	Device response: <KeyPress from None: t=104.8535071000224, value=b, duration=0.12284749996615574>
105.3817 	INFO 	Keyboard events cleared
105.3815 	EXP 	fixation: autoDraw = False
105.3815 	EXP 	text: autoDraw = True
106.6836 	EXP 	Device response: <KeyPress from None: t=106.68306050001411, value=r, duration=None>
106.6838 	EXP 	New trial (rep=17, index=1): <Trial 69 (1 in rep 17) data={'word': 'BLUE', 'colour': 'blue', 'stimulus_condition': 'C', 'correct_response': 'b', 'thisN': 69, 'thisTrialN': 1, 'thisRepN': 17}>
106.6851 	DATA 	Keypress: r
106.7001 	EXP 	fixation: autoDraw = False
106.7001 	EXP 	text: autoDraw = False
106.7001 	EXP 	text: foreColor = <psychopy.colors.Color: blue, alpha=1.0>
106.7001 	EXP 	text: text = 'BLUE'
106.7001 	EXP 	fixation: autoDraw = True
106.8162 	EXP 	Device response: <KeyPress from None: t=106.68306050001411, value=r, duration=0.12904179998440668>
107.1836 	INFO 	Keyboard events cleared
107.1834 	EXP 	fixation: autoDraw = False
107.1834 	EXP 	text: autoDraw = True
107.7337 	EXP 	Device response: <KeyPress from None: t=107.72150580002926, value=b, duration=None>
107.7340 	EXP 	New trial (rep=17, index=2): <Trial 70 (2 in rep 17) data={'word': 'RED', 'colour': 'red', 'stimulus_condition': 'C', 'correct_response': 'r', 'thisN': 70, 'thisTrialN': 2, 'thisRepN': 17}>
107.7370 	DATA 	Keypress: b
107.7500 	EXP 	fixation: autoDraw = False
107.7500 	EXP 	text: autoDraw = False
107.7500 	EXP 	text: foreColor = <psychopy.colors.Color: red, alpha=1.0>
107.7500 	EXP 	text: height = np.float64(0.05)
107.7500 	EXP 	text: height = np.float64(0.05)
107.7500 	EXP 	text: height = np.float64(0.05)
107.7500 	EXP 	text: text = 'RED'
107.7500 	EXP 	fixation: autoDraw = True
107.8667 	EXP 	Device response: <KeyPress from None: t=107.72150580002926, value=b, duration=0.13498189998790622>
108.2328 	INFO 	Keyboard events cleared
108.2326 	EXP 	fixation: autoDraw = False
108.2326 	EXP 	text: autoDraw = True
108.6650 	EXP 	Device response: <KeyPress from None: t=108.65595210000174, value=r, duration=None>
108.6652 	EXP 	New trial (rep=17, index=3): <Trial 71 (3 in rep 17) data={'word': 'RED', 'colour': 'blue', 'stimulus_condition': 'I', 'correct_response': 'b', 'thisN': 71, 'thisTrialN': 3, 'thisRepN': 17}>
108.6666 	DATA 	Keypress: r
108.6812 	EXP 	fixation: autoDraw = False
108.6812 	EXP 	text: autoDraw = False
108.6812 	EXP 	text: foreColor = <psychopy.colors.Color: blue, alpha=1.0>
108.6812 	EXP 	text: text = 'RED'
108.6812 	EXP 	fixation: autoDraw = True
108.8654 	EXP 	Device response: <KeyPress from None: t=108.65595210000174, value=r, duration=0.20754149998538196>
109.1650 	INFO 	Keyboard events cleared
109.1649 	EXP 	fixation: autoDraw = False
109.1649 	EXP 	text: autoDraw = True
110.4812 	EXP 	Device response: <KeyPress from None: t=110.47541020001518, value=b, duration=None>
110.4814 	EXP 	New trial (rep=18, index=0): <Trial 72 (0 in rep 18) data={'word': 'BLUE', 'colour': 'red', 'stimulus_condition': 'I', 'correct_response': 'r', 'thisN': 72, 'thisTrialN': 0, 'thisRepN': 18}>
110.4841 	DATA 	Keypress: b
110.4973 	EXP 	fixation: autoDraw = False
110.4973 	EXP 	text: autoDraw = False
110.4973 	EXP 	text: foreColor = <psychopy.colors.Color: red, alpha=1.0>
110.4973 	EXP 	text: height = np.float64(0.05)
110.4973 	EXP 	text: height = np.float64(0.05)
110.4973 	EXP 	text: height = np.float64(0.05)
110.4973 	EXP 	text: text = 'BLUE'
110.4973 	EXP 	fixation: autoDraw = True
110.5977 	EXP 	Device response: <KeyPress from None: t=110.47541020001518, value=b, duration=0.10766189999412745>
110.9817 	INFO 	Keyboard events cleared
110.9816 	EXP 	fixation: autoDraw = False
110.9816 	EXP 	text: autoDraw = True
112.5993 	EXP 	Device response: <KeyPress from None: t=112.59281410003314, value=r, duration=None>
112.5995 	EXP 	New trial (rep=18, index=1): <Trial 73 (1 in rep 18) data={'word': 'RED', 'colour': 'blue', 'stimulus_condition': 'I', 'correct_response': 'b', 'thisN': 73, 'thisTrialN': 1, 'thisRepN': 18}>
112.6025 	DATA 	Keypress: r
112.6153 	EXP 	fixation: autoDraw = False
112.6153 	EXP 	text: autoDraw = False
112.6153 	EXP 	text: foreColor = <psychopy.colors.Color: blue, alpha=1.0>
112.6153 	EXP 	text: height = np.float64(0.05)
112.6153 	EXP 	text: height = np.float64(0.05)
112.6153 	EXP 	text: height = np.float64(0.05)
112.6153 	EXP 	text: text = 'RED'
112.6153 	EXP 	fixation: autoDraw = True
112.7005 	EXP 	Device response: <KeyPress from None: t=112.59281410003314, value=r, duration=0.09792400000151247>
113.1002 	INFO 	Keyboard events cleared
113.1000 	EXP 	fixation: autoDraw = False
113.1000 	EXP 	text: autoDraw = True
114.4834 	EXP 	Device response: <KeyPress from None: t=114.48101679998217, value=b, duration=None>
114.4836 	EXP 	New trial (rep=18, index=2): <Trial 74 (2 in rep 18) data={'word': 'BLUE', 'colour': 'blue', 'stimulus_condition': 'C', 'correct_response': 'b', 'thisN': 74, 'thisTrialN': 2, 'thisRepN': 18}>
114.4867 	DATA 	Keypress: b
114.5004 	EXP 	fixation: autoDraw = False
114.5004 	EXP 	text: autoDraw = False
114.5004 	EXP 	text: foreColor = <psychopy.colors.Color: blue, alpha=1.0>
114.5004 	EXP 	text: height = np.float64(0.05)
114.5004 	EXP 	text: height = np.float64(0.05)
114.5004 	EXP 	text: height = np.float64(0.05)
114.5004 	EXP 	text: text = 'BLUE'
114.5004 	EXP 	fixation: autoDraw = True
114.5834 	EXP 	Device response: <KeyPress from None: t=114.48101679998217, value=b, duration=0.10045000002719462>
114.9828 	INFO 	Keyboard events cleared
114.9827 	EXP 	fixation: autoDraw = False
114.9827 	EXP 	text: autoDraw = True
115.4507 	EXP 	Device response: <KeyPress from None: t=115.43919760000426, value=b, duration=None>
115.4510 	EXP 	New trial (rep=18, index=3): <Trial 75 (3 in rep 18) data={'word': 'RED', 'colour': 'red', 'stimulus_condition': 'C', 'correct_response': 'r', 'thisN': 75, 'thisTrialN': 3, 'thisRepN': 18}>
115.4543 	DATA 	Keypress: b
115.4670 	EXP 	fixation: autoDraw = False
115.4670 	EXP 	text: autoDraw = False
115.4670 	EXP 	text: foreColor = <psychopy.colors.Color: red, alpha=1.0>
115.4670 	EXP 	text: height = np.float64(0.05)
115.4670 	EXP 	text: height = np.float64(0.05)
115.4670 	EXP 	text: height = np.float64(0.05)
115.4670 	EXP 	text: text = 'RED'
115.4670 	EXP 	fixation: autoDraw = True
115.5339 	EXP 	Device response: <KeyPress from None: t=115.43919760000426, value=b, duration=0.08778559998609126>
115.9505 	INFO 	Keyboard events cleared
115.9503 	EXP 	fixation: autoDraw = False
115.9503 	EXP 	text: autoDraw = True
116.5175 	EXP 	Device response: <KeyPress from None: t=116.50072710000677, value=r, duration=None>
116.5178 	EXP 	New trial (rep=19, index=0): <Trial 76 (0 in rep 19) data={'word': 'RED', 'colour': 'red', 'stimulus_condition': 'C', 'correct_response': 'r', 'thisN': 76, 'thisTrialN': 0, 'thisRepN': 19}>
116.5191 	DATA 	Keypress: r
116.5326 	EXP 	fixation: autoDraw = False
116.5326 	EXP 	text: autoDraw = False
116.5326 	EXP 	text: foreColor = <psychopy.colors.Color: red, alpha=1.0>
116.5326 	EXP 	text: text = 'RED'
116.5326 	EXP 	fixation: autoDraw = True
116.6005 	EXP 	Device response: <KeyPress from None: t=116.50072710000677, value=r, duration=0.09304559999145567>
117.0171 	INFO 	Keyboard events cleared
117.0169 	EXP 	fixation: autoDraw = False
117.0169 	EXP 	text: autoDraw = True
117.4174 	EXP 	Device response: <KeyPress from None: t=117.40525429998524, value=r, duration=None>
117.4177 	EXP 	New trial (rep=19, index=1): <Trial 77 (1 in rep 19) data={'word': 'RED', 'colour': 'blue', 'stimulus_condition': 'I', 'correct_response': 'b', 'thisN': 77, 'thisTrialN': 1, 'thisRepN': 19}>
117.4191 	DATA 	Keypress: r
117.4337 	EXP 	fixation: autoDraw = False
117.4337 	EXP 	text: autoDraw = False
117.4337 	EXP 	text: foreColor = <psychopy.colors.Color: blue, alpha=1.0>
117.4337 	EXP 	text: text = 'RED'
117.4337 	EXP 	fixation: autoDraw = True
117.4830 	EXP 	Device response: <KeyPress from None: t=117.40525429998524, value=r, duration=0.07126340002287179>
117.9172 	INFO 	Keyboard events cleared
117.9170 	EXP 	fixation: autoDraw = False
117.9170 	EXP 	text: autoDraw = True
118.6667 	EXP 	Device response: <KeyPress from None: t=118.6619262000313, value=b, duration=None>
118.6672 	EXP 	New trial (rep=19, index=2): <Trial 78 (2 in rep 19) data={'word': 'BLUE', 'colour': 'red', 'stimulus_condition': 'I', 'correct_response': 'r', 'thisN': 78, 'thisTrialN': 2, 'thisRepN': 19}>
118.6720 	DATA 	Keypress: b
118.6834 	EXP 	fixation: autoDraw = False
118.6834 	EXP 	text: autoDraw = False
118.6834 	EXP 	text: foreColor = <psychopy.colors.Color: red, alpha=1.0>
118.6834 	EXP 	text: height = np.float64(0.05)
118.6834 	EXP 	text: height = np.float64(0.05)
118.6834 	EXP 	text: height = np.float64(0.05)
118.6834 	EXP 	text: text = 'BLUE'
118.6834 	EXP 	fixation: autoDraw = True
118.7842 	EXP 	Device response: <KeyPress from None: t=118.6619262000313, value=b, duration=0.11639119999017566>
119.1839 	INFO 	Keyboard events cleared
119.1837 	EXP 	fixation: autoDraw = False
119.1837 	EXP 	text: autoDraw = True
121.2156 	EXP 	Device response: <KeyPress from None: t=121.21199849998811, value=r, duration=None>
121.2159 	EXP 	New trial (rep=19, index=3): <Trial 79 (3 in rep 19) data={'word': 'BLUE', 'colour': 'blue', 'stimulus_condition': 'C', 'correct_response': 'b', 'thisN': 79, 'thisTrialN': 3, 'thisRepN': 19}>
121.2172 	DATA 	Keypress: r
121.2333 	EXP 	fixation: autoDraw = False
121.2333 	EXP 	text: autoDraw = False
121.2333 	EXP 	text: foreColor = <psychopy.colors.Color: blue, alpha=1.0>
121.2333 	EXP 	text: text = 'BLUE'
121.2333 	EXP 	fixation: autoDraw = True
121.3177 	EXP 	Device response: <KeyPress from None: t=121.21199849998811, value=r, duration=0.10175040003377944>
121.7170 	INFO 	Keyboard events cleared
121.7169 	EXP 	fixation: autoDraw = False
121.7169 	EXP 	text: autoDraw = True
122.2335 	EXP 	Device response: <KeyPress from None: t=122.23216870002216, value=b, duration=None>
122.2338 	EXP 	New trial (rep=20, index=0): <Trial 80 (0 in rep 20) data={'word': 'BLUE', 'colour': 'blue', 'stimulus_condition': 'C', 'correct_response': 'b', 'thisN': 80, 'thisTrialN': 0, 'thisRepN': 20}>
122.2352 	DATA 	Keypress: b
122.2499 	EXP 	fixation: autoDraw = False
122.2499 	EXP 	text: autoDraw = False
122.2499 	EXP 	text: foreColor = <psychopy.colors.Color: blue, alpha=1.0>
122.2499 	EXP 	text: text = 'BLUE'
122.2499 	EXP 	fixation: autoDraw = True
122.3336 	EXP 	Device response: <KeyPress from None: t=122.23216870002216, value=b, duration=0.08710100001189858>
122.7330 	INFO 	Keyboard events cleared
122.7328 	EXP 	fixation: autoDraw = False
122.7328 	EXP 	text: autoDraw = True
123.2188 	DATA 	Keypress: b
123.2347 	EXP 	Device response: <KeyPress from None: t=123.21800609998172, value=b, duration=None>
123.2351 	EXP 	New trial (rep=20, index=1): <Trial 81 (1 in rep 20) data={'word': 'BLUE', 'colour': 'red', 'stimulus_condition': 'I', 'correct_response': 'r', 'thisN': 81, 'thisTrialN': 1, 'thisRepN': 20}>
123.2499 	EXP 	fixation: autoDraw = False
123.2499 	EXP 	text: autoDraw = False
123.2499 	EXP 	text: foreColor = <psychopy.colors.Color: red, alpha=1.0>
123.2499 	EXP 	text: text = 'BLUE'
123.2499 	EXP 	fixation: autoDraw = True
123.3171 	EXP 	Device response: <KeyPress from None: t=123.21800609998172, value=b, duration=0.0887671000091359>
123.7492 	INFO 	Keyboard events cleared
123.7490 	EXP 	fixation: autoDraw = False
123.7490 	EXP 	text: autoDraw = True
125.0012 	EXP 	Device response: <KeyPress from None: t=124.99492780002765, value=r, duration=None>
125.0015 	EXP 	New trial (rep=20, index=2): <Trial 82 (2 in rep 20) data={'word': 'RED', 'colour': 'red', 'stimulus_condition': 'C', 'correct_response': 'r', 'thisN': 82, 'thisTrialN': 2, 'thisRepN': 20}>
125.0052 	DATA 	Keypress: r
125.0170 	EXP 	fixation: autoDraw = False
125.0170 	EXP 	text: autoDraw = False
125.0170 	EXP 	text: foreColor = <psychopy.colors.Color: red, alpha=1.0>
125.0170 	EXP 	text: height = np.float64(0.05)
125.0170 	EXP 	text: height = np.float64(0.05)
125.0170 	EXP 	text: height = np.float64(0.05)
125.0170 	EXP 	text: text = 'RED'
125.0170 	EXP 	fixation: autoDraw = True
125.1163 	EXP 	Device response: <KeyPress from None: t=124.99492780002765, value=r, duration=0.11085860000457615>
125.5007 	INFO 	Keyboard events cleared
125.5005 	EXP 	fixation: autoDraw = False
125.5005 	EXP 	text: autoDraw = True
126.5677 	EXP 	Device response: <KeyPress from None: t=126.56367629999295, value=r, duration=None>
126.5680 	EXP 	New trial (rep=20, index=3): <Trial 83 (3 in rep 20) data={'word': 'RED', 'colour': 'blue', 'stimulus_condition': 'I', 'correct_response': 'b', 'thisN': 83, 'thisTrialN': 3, 'thisRepN': 20}>
126.5693 	DATA 	Keypress: r
126.5836 	EXP 	fixation: autoDraw = False
126.5836 	EXP 	text: autoDraw = False
126.5836 	EXP 	text: foreColor = <psychopy.colors.Color: blue, alpha=1.0>
126.5836 	EXP 	text: text = 'RED'
126.5836 	EXP 	fixation: autoDraw = True
126.7004 	EXP 	Device response: <KeyPress from None: t=126.56367629999295, value=r, duration=0.12278800003696233>
127.0675 	INFO 	Keyboard events cleared
127.0672 	EXP 	fixation: autoDraw = False
127.0672 	EXP 	text: autoDraw = True
127.6012 	EXP 	Device response: <KeyPress from None: t=127.59503940003924, value=r, duration=None>
127.6015 	EXP 	New trial (rep=21, index=0): <Trial 84 (0 in rep 21) data={'word': 'BLUE', 'colour': 'blue', 'stimulus_condition': 'C', 'correct_response': 'b', 'thisN': 84, 'thisTrialN': 0, 'thisRepN': 21}>
127.6050 	DATA 	Keypress: r
127.6174 	EXP 	fixation: autoDraw = False
127.6174 	EXP 	text: autoDraw = False
127.6174 	EXP 	text: foreColor = <psychopy.colors.Color: blue, alpha=1.0>
127.6174 	EXP 	text: height = np.float64(0.05)
127.6174 	EXP 	text: height = np.float64(0.05)
127.6174 	EXP 	text: height = np.float64(0.05)
127.6174 	EXP 	text: text = 'BLUE'
127.6174 	EXP 	fixation: autoDraw = True
127.7345 	EXP 	Device response: <KeyPress from None: t=127.59503940003924, value=r, duration=0.12415269995108247>
128.1007 	INFO 	Keyboard events cleared
128.1006 	EXP 	fixation: autoDraw = False
128.1006 	EXP 	text: autoDraw = True
128.7013 	EXP 	Device response: <KeyPress from None: t=128.6941427999991, value=b, duration=None>
128.7017 	EXP 	New trial (rep=21, index=1): <Trial 85 (1 in rep 21) data={'word': 'RED', 'colour': 'red', 'stimulus_condition': 'C', 'correct_response': 'r', 'thisN': 85, 'thisTrialN': 1, 'thisRepN': 21}>
128.7056 	DATA 	Keypress: b
128.7168 	EXP 	fixation: autoDraw = False
128.7168 	EXP 	text: autoDraw = False
128.7168 	EXP 	text: foreColor = <psychopy.colors.Color: red, alpha=1.0>
128.7168 	EXP 	text: height = np.float64(0.05)
128.7168 	EXP 	text: height = np.float64(0.05)
128.7168 	EXP 	text: height = np.float64(0.05)
128.7168 	EXP 	text: text = 'RED'
128.7168 	EXP 	fixation: autoDraw = True
128.8163 	EXP 	Device response: <KeyPress from None: t=128.6941427999991, value=b, duration=0.11402800003997982>
129.2162 	INFO 	Keyboard events cleared
129.2160 	EXP 	fixation: autoDraw = False
129.2160 	EXP 	text: autoDraw = True
130.6683 	DATA 	Keypress: r
130.6835 	EXP 	Device response: <KeyPress from None: t=130.66765010001836, value=r, duration=None>
130.6839 	EXP 	New trial (rep=21, index=2): <Trial 86 (2 in rep 21) data={'word': 'BLUE', 'colour': 'red', 'stimulus_condition': 'I', 'correct_response': 'r', 'thisN': 86, 'thisTrialN': 2, 'thisRepN': 21}>
130.6995 	EXP 	fixation: autoDraw = False
130.6995 	EXP 	text: autoDraw = False
130.6995 	EXP 	text: foreColor = <psychopy.colors.Color: red, alpha=1.0>
130.6995 	EXP 	text: height = np.float64(0.05)
130.6995 	EXP 	text: height = np.float64(0.05)
130.6995 	EXP 	text: height = np.float64(0.05)
130.6995 	EXP 	text: text = 'BLUE'
130.6995 	EXP 	fixation: autoDraw = True
130.7665 	EXP 	Device response: <KeyPress from None: t=130.66765010001836, value=r, duration=0.08980099996551871>
131.1836 	INFO 	Keyboard events cleared
131.1835 	EXP 	fixation: autoDraw = False
131.1835 	EXP 	text: autoDraw = True
131.9167 	EXP 	Device response: <KeyPress from None: t=131.90862539998489, value=r, duration=None>
131.9170 	EXP 	New trial (rep=21, index=3): <Trial 87 (3 in rep 21) data={'word': 'RED', 'colour': 'blue', 'stimulus_condition': 'I', 'correct_response': 'b', 'thisN': 87, 'thisTrialN': 3, 'thisRepN': 21}>
131.9204 	DATA 	Keypress: r
131.9339 	EXP 	fixation: autoDraw = False
131.9339 	EXP 	text: autoDraw = False
131.9339 	EXP 	text: foreColor = <psychopy.colors.Color: blue, alpha=1.0>
131.9339 	EXP 	text: height = np.float64(0.05)
131.9339 	EXP 	text: height = np.float64(0.05)
131.9339 	EXP 	text: height = np.float64(0.05)
131.9339 	EXP 	text: text = 'RED'
131.9339 	EXP 	fixation: autoDraw = True
132.0010 	EXP 	Device response: <KeyPress from None: t=131.90862539998489, value=r, duration=0.08163880003849044>
132.4173 	INFO 	Keyboard events cleared
132.4171 	EXP 	fixation: autoDraw = False
132.4171 	EXP 	text: autoDraw = True
132.9849 	DATA 	Keypress: r
133.0005 	EXP 	Device response: <KeyPress from None: t=132.9839103000122, value=r, duration=None>
133.0007 	EXP 	New trial (rep=22, index=0): <Trial 88 (0 in rep 22) data={'word': 'RED', 'colour': 'blue', 'stimulus_condition': 'I', 'correct_response': 'b', 'thisN': 88, 'thisTrialN': 0, 'thisRepN': 22}>
133.0199 	EXP 	fixation: autoDraw = False
133.0199 	EXP 	text: autoDraw = False
133.0199 	EXP 	text: foreColor = <psychopy.colors.Color: blue, alpha=1.0>
133.0199 	EXP 	text: text = 'RED'
133.0199 	EXP 	fixation: autoDraw = True
133.0678 	EXP 	Device response: <KeyPress from None: t=132.9839103000122, value=r, duration=0.07735169999068603>
133.5005 	INFO 	Keyboard events cleared
133.5003 	EXP 	fixation: autoDraw = False
133.5003 	EXP 	text: autoDraw = True
134.1177 	EXP 	Device response: <KeyPress from None: t=134.10786049999297, value=b, duration=None>
134.1181 	EXP 	New trial (rep=22, index=1): <Trial 89 (1 in rep 22) data={'word': 'BLUE', 'colour': 'red', 'stimulus_condition': 'I', 'correct_response': 'r', 'thisN': 89, 'thisTrialN': 1, 'thisRepN': 22}>
134.1210 	DATA 	Keypress: b
134.1337 	EXP 	fixation: autoDraw = False
134.1337 	EXP 	text: autoDraw = False
134.1337 	EXP 	text: foreColor = <psychopy.colors.Color: red, alpha=1.0>
134.1337 	EXP 	text: height = np.float64(0.05)
134.1337 	EXP 	text: height = np.float64(0.05)
134.1337 	EXP 	text: height = np.float64(0.05)
134.1337 	EXP 	text: text = 'BLUE'
134.1337 	EXP 	fixation: autoDraw = True
134.2338 	EXP 	Device response: <KeyPress from None: t=134.10786049999297, value=b, duration=0.12138020002748817>
134.6166 	INFO 	Keyboard events cleared
134.6165 	EXP 	fixation: autoDraw = False
134.6165 	EXP 	text: autoDraw = True
135.5177 	EXP 	Device response: <KeyPress from None: t=135.50294450001093, value=r, duration=None>
135.5179 	EXP 	New trial (rep=22, index=2): <Trial 90 (2 in rep 22) data={'word': 'BLUE', 'colour': 'blue', 'stimulus_condition': 'C', 'correct_response': 'b', 'thisN': 90, 'thisTrialN': 2, 'thisRepN': 22}>
135.5193 	DATA 	Keypress: r
135.5335 	EXP 	fixation: autoDraw = False
135.5335 	EXP 	text: autoDraw = False
135.5335 	EXP 	text: foreColor = <psychopy.colors.Color: blue, alpha=1.0>
135.5335 	EXP 	text: text = 'BLUE'
135.5335 	EXP 	fixation: autoDraw = True
135.6007 	EXP 	Device response: <KeyPress from None: t=135.50294450001093, value=r, duration=0.08327940001618117>
136.0324 	INFO 	Keyboard events cleared
136.0322 	EXP 	fixation: autoDraw = False
136.0322 	EXP 	text: autoDraw = True
136.9995 	EXP 	Device response: <KeyPress from None: t=136.98855360003654, value=b, duration=None>
137.0000 	EXP 	New trial (rep=22, index=3): <Trial 91 (3 in rep 22) data={'word': 'RED', 'colour': 'red', 'stimulus_condition': 'C', 'correct_response': 'r', 'thisN': 91, 'thisTrialN': 3, 'thisRepN': 22}>
137.0036 	DATA 	Keypress: b
137.0151 	EXP 	fixation: autoDraw = False
137.0151 	EXP 	text: autoDraw = False
137.0151 	EXP 	text: foreColor = <psychopy.colors.Color: red, alpha=1.0>
137.0151 	EXP 	text: height = np.float64(0.05)
137.0151 	EXP 	text: height = np.float64(0.05)
137.0151 	EXP 	text: height = np.float64(0.05)
137.0151 	EXP 	text: text = 'RED'
137.0151 	EXP 	fixation: autoDraw = True
137.1331 	EXP 	Device response: <KeyPress from None: t=136.98855360003654, value=b, duration=0.13251429999945685>
137.5171 	INFO 	Keyboard events cleared
137.5169 	EXP 	fixation: autoDraw = False
137.5169 	EXP 	text: autoDraw = True
138.9508 	EXP 	Device response: <KeyPress from None: t=138.9484335000161, value=r, duration=None>
138.9510 	EXP 	New trial (rep=23, index=0): <Trial 92 (0 in rep 23) data={'word': 'RED', 'colour': 'blue', 'stimulus_condition': 'I', 'correct_response': 'b', 'thisN': 92, 'thisTrialN': 0, 'thisRepN': 23}>
138.9523 	DATA 	Keypress: r
138.9670 	EXP 	fixation: autoDraw = False
138.9670 	EXP 	text: autoDraw = False
138.9670 	EXP 	text: foreColor = <psychopy.colors.Color: blue, alpha=1.0>
138.9670 	EXP 	text: text = 'RED'
138.9670 	EXP 	fixation: autoDraw = True
139.0337 	EXP 	Device response: <KeyPress from None: t=138.9484335000161, value=r, duration=0.07860660000005737>
139.4509 	INFO 	Keyboard events cleared
139.4507 	EXP 	fixation: autoDraw = False
139.4507 	EXP 	text: autoDraw = True
140.6334 	EXP 	Device response: <KeyPress from None: t=140.62532769999234, value=b, duration=None>
140.6338 	EXP 	New trial (rep=23, index=1): <Trial 93 (1 in rep 23) data={'word': 'BLUE', 'colour': 'red', 'stimulus_condition': 'I', 'correct_response': 'r', 'thisN': 93, 'thisTrialN': 1, 'thisRepN': 23}>
140.6366 	DATA 	Keypress: b
140.6492 	EXP 	fixation: autoDraw = False
140.6492 	EXP 	text: autoDraw = False
140.6492 	EXP 	text: foreColor = <psychopy.colors.Color: red, alpha=1.0>
140.6492 	EXP 	text: height = np.float64(0.05)
140.6492 	EXP 	text: height = np.float64(0.05)
140.6492 	EXP 	text: height = np.float64(0.05)
140.6492 	EXP 	text: text = 'BLUE'
140.6492 	EXP 	fixation: autoDraw = True
140.7511 	EXP 	Device response: <KeyPress from None: t=140.62532769999234, value=b, duration=0.11063250002916902>
141.1341 	INFO 	Keyboard events cleared
141.1339 	EXP 	fixation: autoDraw = False
141.1339 	EXP 	text: autoDraw = True
142.1328 	EXP 	Device response: <KeyPress from None: t=142.13200119999237, value=r, duration=None>
142.1331 	EXP 	New trial (rep=23, index=2): <Trial 94 (2 in rep 23) data={'word': 'BLUE', 'colour': 'blue', 'stimulus_condition': 'C', 'correct_response': 'b', 'thisN': 94, 'thisTrialN': 2, 'thisRepN': 23}>
142.1344 	DATA 	Keypress: r
142.1503 	EXP 	fixation: autoDraw = False
142.1503 	EXP 	text: autoDraw = False
142.1503 	EXP 	text: foreColor = <psychopy.colors.Color: blue, alpha=1.0>
142.1503 	EXP 	text: text = 'BLUE'
142.1503 	EXP 	fixation: autoDraw = True
142.2010 	EXP 	Device response: <KeyPress from None: t=142.13200119999237, value=r, duration=0.061760000011418015>
142.6343 	INFO 	Keyboard events cleared
142.6341 	EXP 	fixation: autoDraw = False
142.6341 	EXP 	text: autoDraw = True
143.3847 	EXP 	Device response: <KeyPress from None: t=143.37922290002462, value=b, duration=None>
143.3850 	EXP 	New trial (rep=23, index=3): <Trial 95 (3 in rep 23) data={'word': 'RED', 'colour': 'red', 'stimulus_condition': 'C', 'correct_response': 'r', 'thisN': 95, 'thisTrialN': 3, 'thisRepN': 23}>
143.3878 	DATA 	Keypress: b
143.4003 	EXP 	fixation: autoDraw = False
143.4003 	EXP 	text: autoDraw = False
143.4003 	EXP 	text: foreColor = <psychopy.colors.Color: red, alpha=1.0>
143.4003 	EXP 	text: height = np.float64(0.05)
143.4003 	EXP 	text: height = np.float64(0.05)
143.4003 	EXP 	text: height = np.float64(0.05)
143.4003 	EXP 	text: text = 'RED'
143.4003 	EXP 	fixation: autoDraw = True
143.4675 	EXP 	Device response: <KeyPress from None: t=143.37922290002462, value=b, duration=0.07254979998106137>
143.8842 	INFO 	Keyboard events cleared
143.8840 	EXP 	fixation: autoDraw = False
143.8840 	EXP 	text: autoDraw = True
144.3351 	DATA 	Keypress: r
144.3515 	EXP 	Device response: <KeyPress from None: t=144.3343753000372, value=r, duration=None>
144.3521 	EXP 	New trial (rep=24, index=0): <Trial 96 (0 in rep 24) data={'word': 'BLUE', 'colour': 'red', 'stimulus_condition': 'I', 'correct_response': 'r', 'thisN': 96, 'thisTrialN': 0, 'thisRepN': 24}>
144.3667 	EXP 	fixation: autoDraw = False
144.3667 	EXP 	text: autoDraw = False
144.3667 	EXP 	text: foreColor = <psychopy.colors.Color: red, alpha=1.0>
144.3667 	EXP 	text: height = np.float64(0.05)
144.3667 	EXP 	text: height = np.float64(0.05)
144.3667 	EXP 	text: height = np.float64(0.05)
144.3667 	EXP 	text: text = 'BLUE'
144.3667 	EXP 	fixation: autoDraw = True
144.4342 	EXP 	Device response: <KeyPress from None: t=144.3343753000372, value=r, duration=0.0918318999465555>
144.8674 	INFO 	Keyboard events cleared
144.8673 	EXP 	fixation: autoDraw = False
144.8673 	EXP 	text: autoDraw = True
145.8845 	EXP 	Device response: <KeyPress from None: t=145.8735555000021, value=b, duration=None>
145.8847 	EXP 	New trial (rep=24, index=1): <Trial 97 (1 in rep 24) data={'word': 'RED', 'colour': 'red', 'stimulus_condition': 'C', 'correct_response': 'r', 'thisN': 97, 'thisTrialN': 1, 'thisRepN': 24}>
145.8877 	DATA 	Keypress: b
145.9008 	EXP 	fixation: autoDraw = False
145.9008 	EXP 	text: autoDraw = False
145.9008 	EXP 	text: foreColor = <psychopy.colors.Color: red, alpha=1.0>
145.9008 	EXP 	text: height = np.float64(0.05)
145.9008 	EXP 	text: height = np.float64(0.05)
145.9008 	EXP 	text: height = np.float64(0.05)
145.9008 	EXP 	text: text = 'RED'
145.9008 	EXP 	fixation: autoDraw = True
145.9675 	EXP 	Device response: <KeyPress from None: t=145.8735555000021, value=b, duration=0.08109380002133548>
146.4009 	INFO 	Keyboard events cleared
146.4007 	EXP 	fixation: autoDraw = False
146.4007 	EXP 	text: autoDraw = True
147.2674 	EXP 	Device response: <KeyPress from None: t=147.26600569998845, value=r, duration=None>
147.2677 	EXP 	New trial (rep=24, index=2): <Trial 98 (2 in rep 24) data={'word': 'BLUE', 'colour': 'blue', 'stimulus_condition': 'C', 'correct_response': 'b', 'thisN': 98, 'thisTrialN': 2, 'thisRepN': 24}>
147.2710 	DATA 	Keypress: r
147.2842 	EXP 	fixation: autoDraw = False
147.2842 	EXP 	text: autoDraw = False
147.2842 	EXP 	text: foreColor = <psychopy.colors.Color: blue, alpha=1.0>
147.2842 	EXP 	text: height = np.float64(0.05)
147.2842 	EXP 	text: height = np.float64(0.05)
147.2842 	EXP 	text: height = np.float64(0.05)
147.2842 	EXP 	text: text = 'BLUE'
147.2842 	EXP 	fixation: autoDraw = True
147.3839 	EXP 	Device response: <KeyPress from None: t=147.26600569998845, value=r, duration=0.1143824000027962>
147.7676 	INFO 	Keyboard events cleared
147.7674 	EXP 	fixation: autoDraw = False
147.7674 	EXP 	text: autoDraw = True
148.7841 	EXP 	Device response: <KeyPress from None: t=148.7799662000034, value=b, duration=None>
148.7844 	EXP 	New trial (rep=24, index=3): <Trial 99 (3 in rep 24) data={'word': 'RED', 'colour': 'blue', 'stimulus_condition': 'I', 'correct_response': 'b', 'thisN': 99, 'thisTrialN': 3, 'thisRepN': 24}>
148.7880 	DATA 	Keypress: b
148.8009 	EXP 	fixation: autoDraw = False
148.8009 	EXP 	text: autoDraw = False
148.8009 	EXP 	text: foreColor = <psychopy.colors.Color: blue, alpha=1.0>
148.8009 	EXP 	text: height = np.float64(0.05)
148.8009 	EXP 	text: height = np.float64(0.05)
148.8009 	EXP 	text: height = np.float64(0.05)
148.8009 	EXP 	text: text = 'RED'
148.8009 	EXP 	fixation: autoDraw = True
148.8843 	EXP 	Device response: <KeyPress from None: t=148.7799662000034, value=b, duration=0.10088420001557097>
149.2840 	INFO 	Keyboard events cleared
149.2838 	EXP 	fixation: autoDraw = False
149.2838 	EXP 	text: autoDraw = True
150.5509 	EXP 	Device response: <KeyPress from None: t=150.53640490002, value=b, duration=None>
150.5529 	DATA 	Keypress: b
150.5669 	EXP 	fixation: autoDraw = False
150.5669 	EXP 	text: autoDraw = False
150.5669 	EXP 	text_3: autoDraw = True
150.6163 	EXP 	Device response: <KeyPress from None: t=150.53640490002, value=b, duration=0.07732029998442158>
151.5667 	EXP 	text_3: autoDraw = False
151.5667 	EXP 	text_3: autoDraw = False
151.5670 	EXP 	Stroop task second_exp: status = STOPPED
151.5959 	INFO 	saved data to 'C:\\Users\\Pooja\\OneDrive\\Desktop\\stroop_exp\\data\\022_Stroop task second_exp_2025-08-22_17h38.54.814.csv'
151.5982 	INFO 	saved data to C:\Users\Pooja\OneDrive\Desktop\stroop_exp\data\022_Stroop task second_exp_2025-08-22_17h38.54.814.psydat
151.8796 	WARNING 	Stopping key buffers but this could be dangerous ifother keyboards rely on the same.
151.9216 	WARNING 	Stopping key buffers but this could be dangerous ifother keyboards rely on the same.
